2026-04-10 00:06:39.229 -03:00 [INF] User 'admin' validated successfully {"SourceContext":"comara.Services.AuthenticationService","ActionId":"71bcf6d6-c970-424c-8862-202f87f9f5e5","ActionName":"comara.Controllers.AccountController.Login (comara)","RequestId":"0HNKMLOLK7HSR:0000000F","RequestPath":"/Account/Login","ConnectionId":"0HNKMLOLK7HSR","MachineName":"LEGION-JUANMA","ThreadId":12}
2026-04-10 00:06:39.472 -03:00 [INF] Updated last login for user ID 1 {"SourceContext":"comara.Services.AuthenticationService","ActionId":"71bcf6d6-c970-424c-8862-202f87f9f5e5","ActionName":"comara.Controllers.AccountController.Login (comara)","RequestId":"0HNKMLOLK7HSR:0000000F","RequestPath":"/Account/Login","ConnectionId":"0HNKMLOLK7HSR","MachineName":"LEGION-JUANMA","ThreadId":14}
2026-04-10 00:06:39.483 -03:00 [INF] User admin logged in successfully {"SourceContext":"comara.Controllers.AccountController","ActionId":"71bcf6d6-c970-424c-8862-202f87f9f5e5","ActionName":"comara.Controllers.AccountController.Login (comara)","RequestId":"0HNKMLOLK7HSR:0000000F","RequestPath":"/Account/Login","ConnectionId":"0HNKMLOLK7HSR","MachineName":"LEGION-JUANMA","ThreadId":14}
2026-04-10 00:36:20.992 -03:00 [INF] User 'admin' validated successfully {"SourceContext":"comara.Services.AuthenticationService","ActionId":"bb4b9364-5210-4fcc-8bb7-362fdae8d184","ActionName":"comara.Controllers.AccountController.Login (comara)","RequestId":"0HNKMM98NND9O:0000000F","RequestPath":"/Account/Login","ConnectionId":"0HNKMM98NND9O","MachineName":"LEGION-JUANMA","ThreadId":14}
2026-04-10 00:36:21.231 -03:00 [INF] Updated last login for user ID 1 {"SourceContext":"comara.Services.AuthenticationService","ActionId":"bb4b9364-5210-4fcc-8bb7-362fdae8d184","ActionName":"comara.Controllers.AccountController.Login (comara)","RequestId":"0HNKMM98NND9O:0000000F","RequestPath":"/Account/Login","ConnectionId":"0HNKMM98NND9O","MachineName":"LEGION-JUANMA","ThreadId":12}
2026-04-10 00:36:21.239 -03:00 [INF] User admin logged in successfully {"SourceContext":"comara.Controllers.AccountController","ActionId":"bb4b9364-5210-4fcc-8bb7-362fdae8d184","ActionName":"comara.Controllers.AccountController.Login (comara)","RequestId":"0HNKMM98NND9O:0000000F","RequestPath":"/Account/Login","ConnectionId":"0HNKMM98NND9O","MachineName":"LEGION-JUANMA","ThreadId":12}
2026-04-10 00:40:08.658 -03:00 [WRN] Compiling a query which loads related collections for more than one collection navigation, either via 'Include' or through projection, but no 'QuerySplittingBehavior' has been configured. By default, Entity Framework will use 'QuerySplittingBehavior.SingleQuery', which can potentially result in slow query performance. See https://go.microsoft.com/fwlink/?linkid=2134277 for more information. To identify the query that's triggering this warning call 'ConfigureWarnings(w => w.Throw(RelationalEventId.MultipleCollectionIncludeWarning))'. {"EventId":{"Id":20504,"Name":"Microsoft.EntityFrameworkCore.Query.MultipleCollectionIncludeWarning"},"SourceContext":"Microsoft.EntityFrameworkCore.Query","ActionId":"7c0d26e3-bec6-4d2a-a365-26715f47d97b","ActionName":"comara.Controllers.VentasController.Details (comara)","RequestId":"0HNKMMB6FAQSH:0000000F","RequestPath":"/Ventas/Details/40","ConnectionId":"0HNKMMB6FAQSH","MachineName":"LEGION-JUANMA","ThreadId":11}
2026-04-10 00:41:02.841 -03:00 [WRN] The query uses the 'First'/'FirstOrDefault' operator without 'OrderBy' and filter operators. This may lead to unpredictable results. {"EventId":{"Id":10103,"Name":"Microsoft.EntityFrameworkCore.Query.FirstWithoutOrderByAndFilterWarning"},"SourceContext":"Microsoft.EntityFrameworkCore.Query","ActionId":"1dfec4a8-9c70-4288-a995-e24a8c1b1f64","ActionName":"comara.Controllers.VentasController.Create (comara)","RequestId":"0HNKMMB6FAQSH:00000049","RequestPath":"/Ventas/Create","ConnectionId":"0HNKMMB6FAQSH","MachineName":"LEGION-JUANMA","ThreadId":16}
2026-04-10 00:41:03.026 -03:00 [ERR] Failed executing DbCommand (27ms) [Parameters=[@p20='?' (DbType = Int32), @p0='?' (DbType = Binary), @p1='?', @p2='?', @p3='?', @p4='?' (DbType = Decimal), @p5='?', @p6='?' (DbType = Boolean), @p7='?' (DbType = Decimal), @p8='?' (DbType = Decimal), @p9='?' (DbType = Decimal), @p10='?' (DbType = Decimal), @p11='?' (DbType = Decimal), @p12='?' (DbType = Decimal), @p13='?' (DbType = Decimal), @p14='?' (DbType = Int32), @p15='?' (DbType = Int32), @p16='?' (DbType = Int32), @p17='?' (DbType = Int32), @p18='?' (DbType = Int32), @p19='?' (DbType = Int32), @p21='?' (DbType = Int32), @p22='?', @p23='?' (DbType = DateTime), @p24='?' (DbType = Int32), @p25='?' (DbType = Int32), @p26='?' (DbType = DateTime), @p27='?' (DbType = DateTime), @p28='?' (DbType = DateTime), @p29='?' (DbType = Int32), @p30='?' (DbType = Int32), @p31='?' (DbType = Int64), @p32='?', @p33='?' (DbType = Int32), @p34='?', @p35='?' (DbType = Int32), @p36='?' (DbType = Decimal)], CommandType='"Text"', CommandTimeout='30']
UPDATE "ARTICULOS" SET activo = @p0, "artAlt1" = @p1, "artAlt2" = @p2, "artCod" = @p3, "artCosto" = @p4, "artDesc" = @p5, "artExist" = @p6, "artL1" = @p7, "artL2" = @p8, "artL3" = @p9, "artL4" = @p10, "artL5" = @p11, "artStock" = @p12, "artStockMin" = @p13, "artUni" = @p14, "ivaCod" = @p15, "marCod" = @p16, "proCod" = @p17, "rubCod" = @p18, "srubCod" = @p19
WHERE id = @p20;
INSERT INTO "VENTAS" ("cliCod", "venCAE", "venCAEVencimiento", "venEstado", "venEstadoPago", "venFech", "venFechVenta", "venFechaAutorizacion", "venLista", "venMetodoPago", "venNumComprobante", "venObservacionesAfip", "venPuntoVenta", "venResultadoAfip", "venTipoCbte", "venTotal")
VALUES (@p21, @p22, @p23, @p24, @p25, @p26, @p27, @p28, @p29, @p30, @p31, @p32, @p33, @p34, @p35, @p36)
RETURNING "venCod"; {"EventId":{"Id":20102,"Name":"Microsoft.EntityFrameworkCore.Database.Command.CommandError"},"SourceContext":"Microsoft.EntityFrameworkCore.Database.Command","ActionId":"1dfec4a8-9c70-4288-a995-e24a8c1b1f64","ActionName":"comara.Controllers.VentasController.Create (comara)","RequestId":"0HNKMMB6FAQSH:00000049","RequestPath":"/Ventas/Create","ConnectionId":"0HNKMMB6FAQSH","MachineName":"LEGION-JUANMA","ThreadId":22}
2026-04-10 00:41:03.089 -03:00 [ERR] An exception occurred in the database while saving changes for context type 'comara.Data.ApplicationDbContext'.
Microsoft.EntityFrameworkCore.DbUpdateException: An error occurred while saving the entity changes. See the inner exception for details.
 ---> Npgsql.PostgresException (0x80004005): 23503: inserción o actualización en la tabla «VENTAS» viola la llave foránea «FK_VENTAS_tipoComprobante»

DETAIL: Detail redacted as it may contain sensitive data. Specify 'Include Error Detail' in the connection string to include this information.
   at Npgsql.Internal.NpgsqlConnector.ReadMessageLong(Boolean async, DataRowLoadingMode dataRowLoadingMode, Boolean readingNotifications, Boolean isReadingPrependedMessage)
   at System.Runtime.CompilerServices.PoolingAsyncValueTaskMethodBuilder`1.StateMachineBox`1.System.Threading.Tasks.Sources.IValueTaskSource<TResult>.GetResult(Int16 token)
   at Npgsql.NpgsqlDataReader.NextResult(Boolean async, Boolean isConsuming, CancellationToken cancellationToken)
   at Npgsql.NpgsqlDataReader.NextResult(Boolean async, Boolean isConsuming, CancellationToken cancellationToken)
   at Npgsql.NpgsqlCommand.ExecuteReader(Boolean async, CommandBehavior behavior, CancellationToken cancellationToken)
   at Npgsql.NpgsqlCommand.ExecuteReader(Boolean async, CommandBehavior behavior, CancellationToken cancellationToken)
   at Npgsql.NpgsqlCommand.ExecuteDbDataReaderAsync(CommandBehavior behavior, CancellationToken cancellationToken)
   at Microsoft.EntityFrameworkCore.Storage.RelationalCommand.ExecuteReaderAsync(RelationalCommandParameterObject parameterObject, CancellationToken cancellationToken)
   at Microsoft.EntityFrameworkCore.Storage.RelationalCommand.ExecuteReaderAsync(RelationalCommandParameterObject parameterObject, CancellationToken cancellationToken)
   at Microsoft.EntityFrameworkCore.Update.ReaderModificationCommandBatch.ExecuteAsync(IRelationalConnection connection, CancellationToken cancellationToken)
  Exception data:
    Severity: ERROR
    SqlState: 23503
    MessageText: inserción o actualización en la tabla «VENTAS» viola la llave foránea «FK_VENTAS_tipoComprobante»
    Detail: Detail redacted as it may contain sensitive data. Specify 'Include Error Detail' in the connection string to include this information.
    SchemaName: public
    TableName: VENTAS
    ConstraintName: FK_VENTAS_tipoComprobante
    File: ri_triggers.c
    Line: 2610
    Routine: ri_ReportViolation
   --- End of inner exception stack trace ---
   at Microsoft.EntityFrameworkCore.Update.ReaderModificationCommandBatch.ExecuteAsync(IRelationalConnection connection, CancellationToken cancellationToken)
   at Microsoft.EntityFrameworkCore.Update.Internal.BatchExecutor.ExecuteAsync(IEnumerable`1 commandBatches, IRelationalConnection connection, CancellationToken cancellationToken)
   at Microsoft.EntityFrameworkCore.Update.Internal.BatchExecutor.ExecuteAsync(IEnumerable`1 commandBatches, IRelationalConnection connection, CancellationToken cancellationToken)
   at Microsoft.EntityFrameworkCore.Update.Internal.BatchExecutor.ExecuteAsync(IEnumerable`1 commandBatches, IRelationalConnection connection, CancellationToken cancellationToken)
   at Microsoft.EntityFrameworkCore.Storage.RelationalDatabase.SaveChangesAsync(IList`1 entries, CancellationToken cancellationToken)
   at Microsoft.EntityFrameworkCore.ChangeTracking.Internal.StateManager.SaveChangesAsync(IList`1 entriesToSave, CancellationToken cancellationToken)
   at Microsoft.EntityFrameworkCore.ChangeTracking.Internal.StateManager.SaveChangesAsync(StateManager stateManager, Boolean acceptAllChangesOnSuccess, CancellationToken cancellationToken)
   at Npgsql.EntityFrameworkCore.PostgreSQL.Storage.Internal.NpgsqlExecutionStrategy.ExecuteAsync[TState,TResult](TState state, Func`4 operation, Func`4 verifySucceeded, CancellationToken cancellationToken)
   at Microsoft.EntityFrameworkCore.DbContext.SaveChangesAsync(Boolean acceptAllChangesOnSuccess, CancellationToken cancellationToken) {"EventId":{"Id":10000,"Name":"Microsoft.EntityFrameworkCore.Update.SaveChangesFailed"},"SourceContext":"Microsoft.EntityFrameworkCore.Update","ActionId":"1dfec4a8-9c70-4288-a995-e24a8c1b1f64","ActionName":"comara.Controllers.VentasController.Create (comara)","RequestId":"0HNKMMB6FAQSH:00000049","RequestPath":"/Ventas/Create","ConnectionId":"0HNKMMB6FAQSH","MachineName":"LEGION-JUANMA","ThreadId":22}
Microsoft.EntityFrameworkCore.DbUpdateException: An error occurred while saving the entity changes. See the inner exception for details.
 ---> Npgsql.PostgresException (0x80004005): 23503: inserción o actualización en la tabla «VENTAS» viola la llave foránea «FK_VENTAS_tipoComprobante»

DETAIL: Detail redacted as it may contain sensitive data. Specify 'Include Error Detail' in the connection string to include this information.
   at Npgsql.Internal.NpgsqlConnector.ReadMessageLong(Boolean async, DataRowLoadingMode dataRowLoadingMode, Boolean readingNotifications, Boolean isReadingPrependedMessage)
   at System.Runtime.CompilerServices.PoolingAsyncValueTaskMethodBuilder`1.StateMachineBox`1.System.Threading.Tasks.Sources.IValueTaskSource<TResult>.GetResult(Int16 token)
   at Npgsql.NpgsqlDataReader.NextResult(Boolean async, Boolean isConsuming, CancellationToken cancellationToken)
   at Npgsql.NpgsqlDataReader.NextResult(Boolean async, Boolean isConsuming, CancellationToken cancellationToken)
   at Npgsql.NpgsqlCommand.ExecuteReader(Boolean async, CommandBehavior behavior, CancellationToken cancellationToken)
   at Npgsql.NpgsqlCommand.ExecuteReader(Boolean async, CommandBehavior behavior, CancellationToken cancellationToken)
   at Npgsql.NpgsqlCommand.ExecuteDbDataReaderAsync(CommandBehavior behavior, CancellationToken cancellationToken)
   at Microsoft.EntityFrameworkCore.Storage.RelationalCommand.ExecuteReaderAsync(RelationalCommandParameterObject parameterObject, CancellationToken cancellationToken)
   at Microsoft.EntityFrameworkCore.Storage.RelationalCommand.ExecuteReaderAsync(RelationalCommandParameterObject parameterObject, CancellationToken cancellationToken)
   at Microsoft.EntityFrameworkCore.Update.ReaderModificationCommandBatch.ExecuteAsync(IRelationalConnection connection, CancellationToken cancellationToken)
  Exception data:
    Severity: ERROR
    SqlState: 23503
    MessageText: inserción o actualización en la tabla «VENTAS» viola la llave foránea «FK_VENTAS_tipoComprobante»
    Detail: Detail redacted as it may contain sensitive data. Specify 'Include Error Detail' in the connection string to include this information.
    SchemaName: public
    TableName: VENTAS
    ConstraintName: FK_VENTAS_tipoComprobante
    File: ri_triggers.c
    Line: 2610
    Routine: ri_ReportViolation
   --- End of inner exception stack trace ---
   at Microsoft.EntityFrameworkCore.Update.ReaderModificationCommandBatch.ExecuteAsync(IRelationalConnection connection, CancellationToken cancellationToken)
   at Microsoft.EntityFrameworkCore.Update.Internal.BatchExecutor.ExecuteAsync(IEnumerable`1 commandBatches, IRelationalConnection connection, CancellationToken cancellationToken)
   at Microsoft.EntityFrameworkCore.Update.Internal.BatchExecutor.ExecuteAsync(IEnumerable`1 commandBatches, IRelationalConnection connection, CancellationToken cancellationToken)
   at Microsoft.EntityFrameworkCore.Update.Internal.BatchExecutor.ExecuteAsync(IEnumerable`1 commandBatches, IRelationalConnection connection, CancellationToken cancellationToken)
   at Microsoft.EntityFrameworkCore.Storage.RelationalDatabase.SaveChangesAsync(IList`1 entries, CancellationToken cancellationToken)
   at Microsoft.EntityFrameworkCore.ChangeTracking.Internal.StateManager.SaveChangesAsync(IList`1 entriesToSave, CancellationToken cancellationToken)
   at Microsoft.EntityFrameworkCore.ChangeTracking.Internal.StateManager.SaveChangesAsync(StateManager stateManager, Boolean acceptAllChangesOnSuccess, CancellationToken cancellationToken)
   at Npgsql.EntityFrameworkCore.PostgreSQL.Storage.Internal.NpgsqlExecutionStrategy.ExecuteAsync[TState,TResult](TState state, Func`4 operation, Func`4 verifySucceeded, CancellationToken cancellationToken)
   at Microsoft.EntityFrameworkCore.DbContext.SaveChangesAsync(Boolean acceptAllChangesOnSuccess, CancellationToken cancellationToken)
2026-04-10 00:41:03.183 -03:00 [ERR] Error al crear venta para cliente 12 {"SourceContext":"comara.Controllers.VentasController","ActionId":"1dfec4a8-9c70-4288-a995-e24a8c1b1f64","ActionName":"comara.Controllers.VentasController.Create (comara)","RequestId":"0HNKMMB6FAQSH:00000049","RequestPath":"/Ventas/Create","ConnectionId":"0HNKMMB6FAQSH","MachineName":"LEGION-JUANMA","ThreadId":22}
Microsoft.EntityFrameworkCore.DbUpdateException: An error occurred while saving the entity changes. See the inner exception for details.
 ---> Npgsql.PostgresException (0x80004005): 23503: inserción o actualización en la tabla «VENTAS» viola la llave foránea «FK_VENTAS_tipoComprobante»

DETAIL: Detail redacted as it may contain sensitive data. Specify 'Include Error Detail' in the connection string to include this information.
   at Npgsql.Internal.NpgsqlConnector.ReadMessageLong(Boolean async, DataRowLoadingMode dataRowLoadingMode, Boolean readingNotifications, Boolean isReadingPrependedMessage)
   at System.Runtime.CompilerServices.PoolingAsyncValueTaskMethodBuilder`1.StateMachineBox`1.System.Threading.Tasks.Sources.IValueTaskSource<TResult>.GetResult(Int16 token)
   at Npgsql.NpgsqlDataReader.NextResult(Boolean async, Boolean isConsuming, CancellationToken cancellationToken)
   at Npgsql.NpgsqlDataReader.NextResult(Boolean async, Boolean isConsuming, CancellationToken cancellationToken)
   at Npgsql.NpgsqlCommand.ExecuteReader(Boolean async, CommandBehavior behavior, CancellationToken cancellationToken)
   at Npgsql.NpgsqlCommand.ExecuteReader(Boolean async, CommandBehavior behavior, CancellationToken cancellationToken)
   at Npgsql.NpgsqlCommand.ExecuteDbDataReaderAsync(CommandBehavior behavior, CancellationToken cancellationToken)
   at Microsoft.EntityFrameworkCore.Storage.RelationalCommand.ExecuteReaderAsync(RelationalCommandParameterObject parameterObject, CancellationToken cancellationToken)
   at Microsoft.EntityFrameworkCore.Storage.RelationalCommand.ExecuteReaderAsync(RelationalCommandParameterObject parameterObject, CancellationToken cancellationToken)
   at Microsoft.EntityFrameworkCore.Update.ReaderModificationCommandBatch.ExecuteAsync(IRelationalConnection connection, CancellationToken cancellationToken)
  Exception data:
    Severity: ERROR
    SqlState: 23503
    MessageText: inserción o actualización en la tabla «VENTAS» viola la llave foránea «FK_VENTAS_tipoComprobante»
    Detail: Detail redacted as it may contain sensitive data. Specify 'Include Error Detail' in the connection string to include this information.
    SchemaName: public
    TableName: VENTAS
    ConstraintName: FK_VENTAS_tipoComprobante
    File: ri_triggers.c
    Line: 2610
    Routine: ri_ReportViolation
   --- End of inner exception stack trace ---
   at Microsoft.EntityFrameworkCore.Update.ReaderModificationCommandBatch.ExecuteAsync(IRelationalConnection connection, CancellationToken cancellationToken)
   at Microsoft.EntityFrameworkCore.Update.Internal.BatchExecutor.ExecuteAsync(IEnumerable`1 commandBatches, IRelationalConnection connection, CancellationToken cancellationToken)
   at Microsoft.EntityFrameworkCore.Update.Internal.BatchExecutor.ExecuteAsync(IEnumerable`1 commandBatches, IRelationalConnection connection, CancellationToken cancellationToken)
   at Microsoft.EntityFrameworkCore.Update.Internal.BatchExecutor.ExecuteAsync(IEnumerable`1 commandBatches, IRelationalConnection connection, CancellationToken cancellationToken)
   at Microsoft.EntityFrameworkCore.Storage.RelationalDatabase.SaveChangesAsync(IList`1 entries, CancellationToken cancellationToken)
   at Microsoft.EntityFrameworkCore.ChangeTracking.Internal.StateManager.SaveChangesAsync(IList`1 entriesToSave, CancellationToken cancellationToken)
   at Microsoft.EntityFrameworkCore.ChangeTracking.Internal.StateManager.SaveChangesAsync(StateManager stateManager, Boolean acceptAllChangesOnSuccess, CancellationToken cancellationToken)
   at Npgsql.EntityFrameworkCore.PostgreSQL.Storage.Internal.NpgsqlExecutionStrategy.ExecuteAsync[TState,TResult](TState state, Func`4 operation, Func`4 verifySucceeded, CancellationToken cancellationToken)
   at Microsoft.EntityFrameworkCore.DbContext.SaveChangesAsync(Boolean acceptAllChangesOnSuccess, CancellationToken cancellationToken)
   at Microsoft.EntityFrameworkCore.DbContext.SaveChangesAsync(Boolean acceptAllChangesOnSuccess, CancellationToken cancellationToken)
   at comara.Data.ApplicationDbContext.SaveChangesAsync(CancellationToken cancellationToken) in C:\Users\Juanma\OneDrive - alumnos.frm.utn.edu.ar\Trabajo\SISTEMA COMARA\comara\Data\ApplicationDbContext.cs:line 460
   at comara.Controllers.VentasController.Create(VentaViewModel model, String itemsJson) in C:\Users\Juanma\OneDrive - alumnos.frm.utn.edu.ar\Trabajo\SISTEMA COMARA\comara\Controllers\VentasController.cs:line 363
2026-04-10 00:51:30.543 -03:00 [WRN] The query uses the 'First'/'FirstOrDefault' operator without 'OrderBy' and filter operators. This may lead to unpredictable results. {"EventId":{"Id":10103,"Name":"Microsoft.EntityFrameworkCore.Query.FirstWithoutOrderByAndFilterWarning"},"SourceContext":"Microsoft.EntityFrameworkCore.Query","ActionId":"b2571eba-74ec-492c-bfbd-6045846f08d9","ActionName":"comara.Controllers.VentasController.Create (comara)","RequestId":"0HNKMMHIK500S:0000001B","RequestPath":"/Ventas/Create","ConnectionId":"0HNKMMHIK500S","MachineName":"LEGION-JUANMA","ThreadId":10}
2026-04-10 00:51:46.638 -03:00 [WRN] Compiling a query which loads related collections for more than one collection navigation, either via 'Include' or through projection, but no 'QuerySplittingBehavior' has been configured. By default, Entity Framework will use 'QuerySplittingBehavior.SingleQuery', which can potentially result in slow query performance. See https://go.microsoft.com/fwlink/?linkid=2134277 for more information. To identify the query that's triggering this warning call 'ConfigureWarnings(w => w.Throw(RelationalEventId.MultipleCollectionIncludeWarning))'. {"EventId":{"Id":20504,"Name":"Microsoft.EntityFrameworkCore.Query.MultipleCollectionIncludeWarning"},"SourceContext":"Microsoft.EntityFrameworkCore.Query","ActionId":"bc17c92f-cd3c-4a90-9af9-41940fd4deca","ActionName":"comara.Controllers.VentasController.Details (comara)","RequestId":"0HNKMMHIK500S:0000003D","RequestPath":"/Ventas/Details/44","ConnectionId":"0HNKMMHIK500S","MachineName":"LEGION-JUANMA","ThreadId":6}
2026-04-10 09:13:51.834 -03:00 [INF] User 'admin' validated successfully {"SourceContext":"comara.Services.AuthenticationService","ActionId":"f200390f-ef66-4acc-bc96-e6787d91ad2f","ActionName":"comara.Controllers.AccountController.Login (comara)","RequestId":"0HNKMVA9K0CHJ:00000001","RequestPath":"/Account/Login","ConnectionId":"0HNKMVA9K0CHJ","MachineName":"HPFAB","ThreadId":12}
2026-04-10 09:13:52.637 -03:00 [INF] Updated last login for user ID 1 {"SourceContext":"comara.Services.AuthenticationService","ActionId":"f200390f-ef66-4acc-bc96-e6787d91ad2f","ActionName":"comara.Controllers.AccountController.Login (comara)","RequestId":"0HNKMVA9K0CHJ:00000001","RequestPath":"/Account/Login","ConnectionId":"0HNKMVA9K0CHJ","MachineName":"HPFAB","ThreadId":6}
2026-04-10 09:13:52.649 -03:00 [INF] User admin logged in successfully {"SourceContext":"comara.Controllers.AccountController","ActionId":"f200390f-ef66-4acc-bc96-e6787d91ad2f","ActionName":"comara.Controllers.AccountController.Login (comara)","RequestId":"0HNKMVA9K0CHJ:00000001","RequestPath":"/Account/Login","ConnectionId":"0HNKMVA9K0CHJ","MachineName":"HPFAB","ThreadId":6}
2026-04-10 09:21:05.760 -03:00 [ERR] Failed executing DbCommand (44ms) [Parameters=[@__p_1='?' (DbType = Int32), @__p_0='?' (DbType = Int32)], CommandType='"Text"', CommandTimeout='30']
SELECT c1."cotCod", c1."cliCod", c1."cotEstado", c1."cotEstadoId", c1."cotFech", c1."cotTotal", c1."listaCod", c0.id, c0."cliCondicionIVA", c0."cliDireccion", c0."cliEmail", c0."cliFormaPago", c0."cliNombre", c0."cliNumDoc", c0."cliTelefono", c0."cliTipoDoc", c2.id, c2.color, c2.descripcion, d."detCotCod", d."artCod", d."cotCod", d."detCant", d."detPrecio", d."detSubtotal"
FROM (
    SELECT c."cotCod", c."cliCod", c."cotEstado", c."cotEstadoId", c."cotFech", c."cotTotal", c."listaCod"
    FROM "COTIZACIONES" AS c
    ORDER BY c."cotFech" DESC
    LIMIT @__p_1 OFFSET @__p_0
) AS c1
INNER JOIN "CLIENTES" AS c0 ON c1."cliCod" = c0.id
LEFT JOIN "cotizacionEstados" AS c2 ON c1."cotEstadoId" = c2.id
LEFT JOIN "DETALLE_COTIZACIONES" AS d ON c1."cotCod" = d."cotCod"
ORDER BY c1."cotFech" DESC, c1."cotCod", c0.id, c2.id {"EventId":{"Id":20102,"Name":"Microsoft.EntityFrameworkCore.Database.Command.CommandError"},"SourceContext":"Microsoft.EntityFrameworkCore.Database.Command","ActionId":"b028578c-0b7e-4344-8757-8bdfe1382aea","ActionName":"comara.Controllers.CotizacionesController.Index (comara)","RequestId":"0HNKMVA9K0CHJ:00000015","RequestPath":"/Cotizaciones","ConnectionId":"0HNKMVA9K0CHJ","MachineName":"HPFAB","ThreadId":21}
2026-04-10 09:21:05.929 -03:00 [ERR] An exception occurred while iterating over the results of a query for context type 'comara.Data.ApplicationDbContext'.
Npgsql.PostgresException (0x80004005): 42703: no existe la columna c.listaCod

POSITION: 480
   at Npgsql.Internal.NpgsqlConnector.ReadMessageLong(Boolean async, DataRowLoadingMode dataRowLoadingMode, Boolean readingNotifications, Boolean isReadingPrependedMessage)
   at System.Runtime.CompilerServices.PoolingAsyncValueTaskMethodBuilder`1.StateMachineBox`1.System.Threading.Tasks.Sources.IValueTaskSource<TResult>.GetResult(Int16 token)
   at Npgsql.NpgsqlDataReader.NextResult(Boolean async, Boolean isConsuming, CancellationToken cancellationToken)
   at Npgsql.NpgsqlDataReader.NextResult(Boolean async, Boolean isConsuming, CancellationToken cancellationToken)
   at Npgsql.NpgsqlCommand.ExecuteReader(Boolean async, CommandBehavior behavior, CancellationToken cancellationToken)
   at Npgsql.NpgsqlCommand.ExecuteReader(Boolean async, CommandBehavior behavior, CancellationToken cancellationToken)
   at Npgsql.NpgsqlCommand.ExecuteDbDataReaderAsync(CommandBehavior behavior, CancellationToken cancellationToken)
   at Microsoft.EntityFrameworkCore.Storage.RelationalCommand.ExecuteReaderAsync(RelationalCommandParameterObject parameterObject, CancellationToken cancellationToken)
   at Microsoft.EntityFrameworkCore.Storage.RelationalCommand.ExecuteReaderAsync(RelationalCommandParameterObject parameterObject, CancellationToken cancellationToken)
   at Microsoft.EntityFrameworkCore.Query.Internal.SingleQueryingEnumerable`1.AsyncEnumerator.InitializeReaderAsync(AsyncEnumerator enumerator, CancellationToken cancellationToken)
   at Npgsql.EntityFrameworkCore.PostgreSQL.Storage.Internal.NpgsqlExecutionStrategy.ExecuteAsync[TState,TResult](TState state, Func`4 operation, Func`4 verifySucceeded, CancellationToken cancellationToken)
   at Microsoft.EntityFrameworkCore.Query.Internal.SingleQueryingEnumerable`1.AsyncEnumerator.MoveNextAsync()
  Exception data:
    Severity: ERROR
    SqlState: 42703
    MessageText: no existe la columna c.listaCod
    Position: 480
    File: parse_relation.c
    Line: 3827
    Routine: errorMissingColumn {"EventId":{"Id":10100,"Name":"Microsoft.EntityFrameworkCore.Query.QueryIterationFailed"},"SourceContext":"Microsoft.EntityFrameworkCore.Query","ActionId":"b028578c-0b7e-4344-8757-8bdfe1382aea","ActionName":"comara.Controllers.CotizacionesController.Index (comara)","RequestId":"0HNKMVA9K0CHJ:00000015","RequestPath":"/Cotizaciones","ConnectionId":"0HNKMVA9K0CHJ","MachineName":"HPFAB","ThreadId":21}
Npgsql.PostgresException (0x80004005): 42703: no existe la columna c.listaCod

POSITION: 480
   at Npgsql.Internal.NpgsqlConnector.ReadMessageLong(Boolean async, DataRowLoadingMode dataRowLoadingMode, Boolean readingNotifications, Boolean isReadingPrependedMessage)
   at System.Runtime.CompilerServices.PoolingAsyncValueTaskMethodBuilder`1.StateMachineBox`1.System.Threading.Tasks.Sources.IValueTaskSource<TResult>.GetResult(Int16 token)
   at Npgsql.NpgsqlDataReader.NextResult(Boolean async, Boolean isConsuming, CancellationToken cancellationToken)
   at Npgsql.NpgsqlDataReader.NextResult(Boolean async, Boolean isConsuming, CancellationToken cancellationToken)
   at Npgsql.NpgsqlCommand.ExecuteReader(Boolean async, CommandBehavior behavior, CancellationToken cancellationToken)
   at Npgsql.NpgsqlCommand.ExecuteReader(Boolean async, CommandBehavior behavior, CancellationToken cancellationToken)
   at Npgsql.NpgsqlCommand.ExecuteDbDataReaderAsync(CommandBehavior behavior, CancellationToken cancellationToken)
   at Microsoft.EntityFrameworkCore.Storage.RelationalCommand.ExecuteReaderAsync(RelationalCommandParameterObject parameterObject, CancellationToken cancellationToken)
   at Microsoft.EntityFrameworkCore.Storage.RelationalCommand.ExecuteReaderAsync(RelationalCommandParameterObject parameterObject, CancellationToken cancellationToken)
   at Microsoft.EntityFrameworkCore.Query.Internal.SingleQueryingEnumerable`1.AsyncEnumerator.InitializeReaderAsync(AsyncEnumerator enumerator, CancellationToken cancellationToken)
   at Npgsql.EntityFrameworkCore.PostgreSQL.Storage.Internal.NpgsqlExecutionStrategy.ExecuteAsync[TState,TResult](TState state, Func`4 operation, Func`4 verifySucceeded, CancellationToken cancellationToken)
   at Microsoft.EntityFrameworkCore.Query.Internal.SingleQueryingEnumerable`1.AsyncEnumerator.MoveNextAsync()
  Exception data:
    Severity: ERROR
    SqlState: 42703
    MessageText: no existe la columna c.listaCod
    Position: 480
    File: parse_relation.c
    Line: 3827
    Routine: errorMissingColumn
2026-04-10 09:21:06.270 -03:00 [ERR] Error no manejado en Cotizaciones/Index: 42703: no existe la columna c.listaCod

POSITION: 480 {"SourceContext":"comara.Filters.GlobalExceptionFilter","ActionId":"b028578c-0b7e-4344-8757-8bdfe1382aea","ActionName":"comara.Controllers.CotizacionesController.Index (comara)","RequestId":"0HNKMVA9K0CHJ:00000015","RequestPath":"/Cotizaciones","ConnectionId":"0HNKMVA9K0CHJ","MachineName":"HPFAB","ThreadId":21}
Npgsql.PostgresException (0x80004005): 42703: no existe la columna c.listaCod

POSITION: 480
   at Npgsql.Internal.NpgsqlConnector.ReadMessageLong(Boolean async, DataRowLoadingMode dataRowLoadingMode, Boolean readingNotifications, Boolean isReadingPrependedMessage)
   at System.Runtime.CompilerServices.PoolingAsyncValueTaskMethodBuilder`1.StateMachineBox`1.System.Threading.Tasks.Sources.IValueTaskSource<TResult>.GetResult(Int16 token)
   at Npgsql.NpgsqlDataReader.NextResult(Boolean async, Boolean isConsuming, CancellationToken cancellationToken)
   at Npgsql.NpgsqlDataReader.NextResult(Boolean async, Boolean isConsuming, CancellationToken cancellationToken)
   at Npgsql.NpgsqlCommand.ExecuteReader(Boolean async, CommandBehavior behavior, CancellationToken cancellationToken)
   at Npgsql.NpgsqlCommand.ExecuteReader(Boolean async, CommandBehavior behavior, CancellationToken cancellationToken)
   at Npgsql.NpgsqlCommand.ExecuteDbDataReaderAsync(CommandBehavior behavior, CancellationToken cancellationToken)
   at Microsoft.EntityFrameworkCore.Storage.RelationalCommand.ExecuteReaderAsync(RelationalCommandParameterObject parameterObject, CancellationToken cancellationToken)
   at Microsoft.EntityFrameworkCore.Storage.RelationalCommand.ExecuteReaderAsync(RelationalCommandParameterObject parameterObject, CancellationToken cancellationToken)
   at Microsoft.EntityFrameworkCore.Query.Internal.SingleQueryingEnumerable`1.AsyncEnumerator.InitializeReaderAsync(AsyncEnumerator enumerator, CancellationToken cancellationToken)
   at Npgsql.EntityFrameworkCore.PostgreSQL.Storage.Internal.NpgsqlExecutionStrategy.ExecuteAsync[TState,TResult](TState state, Func`4 operation, Func`4 verifySucceeded, CancellationToken cancellationToken)
   at Microsoft.EntityFrameworkCore.Query.Internal.SingleQueryingEnumerable`1.AsyncEnumerator.MoveNextAsync()
   at Microsoft.EntityFrameworkCore.EntityFrameworkQueryableExtensions.ToListAsync[TSource](IQueryable`1 source, CancellationToken cancellationToken)
   at Microsoft.EntityFrameworkCore.EntityFrameworkQueryableExtensions.ToListAsync[TSource](IQueryable`1 source, CancellationToken cancellationToken)
   at comara.Controllers.CotizacionesController.Index(String searchTerm, Nullable`1 estadoFilter, Int32 page, Int32 pageSize) in C:\Users\jmalo\OneDrive - alumnos.frm.utn.edu.ar\Trabajo\SISTEMA COMARA\comara\Controllers\CotizacionesController.cs:line 59
   at Microsoft.AspNetCore.Mvc.Infrastructure.ActionMethodExecutor.TaskOfIActionResultExecutor.Execute(ActionContext actionContext, IActionResultTypeMapper mapper, ObjectMethodExecutor executor, Object controller, Object[] arguments)
   at Microsoft.AspNetCore.Mvc.Infrastructure.ControllerActionInvoker.<InvokeActionMethodAsync>g__Awaited|12_0(ControllerActionInvoker invoker, ValueTask`1 actionResultValueTask)
   at Microsoft.AspNetCore.Mvc.Infrastructure.ControllerActionInvoker.<InvokeNextActionFilterAsync>g__Awaited|10_0(ControllerActionInvoker invoker, Task lastTask, State next, Scope scope, Object state, Boolean isCompleted)
   at Microsoft.AspNetCore.Mvc.Infrastructure.ControllerActionInvoker.Rethrow(ActionExecutedContextSealed context)
   at Microsoft.AspNetCore.Mvc.Infrastructure.ControllerActionInvoker.Next(State& next, Scope& scope, Object& state, Boolean& isCompleted)
   at Microsoft.AspNetCore.Mvc.Infrastructure.ControllerActionInvoker.<InvokeInnerFilterAsync>g__Awaited|13_0(ControllerActionInvoker invoker, Task lastTask, State next, Scope scope, Object state, Boolean isCompleted)
   at Microsoft.AspNetCore.Mvc.Infrastructure.ResourceInvoker.<InvokeNextExceptionFilterAsync>g__Awaited|26_0(ResourceInvoker invoker, Task lastTask, State next, Scope scope, Object state, Boolean isCompleted)
  Exception data:
    Severity: ERROR
    SqlState: 42703
    MessageText: no existe la columna c.listaCod
    Position: 480
    File: parse_relation.c
    Line: 3827
    Routine: errorMissingColumn
2026-04-10 09:21:14.895 -03:00 [ERR] Failed executing DbCommand (8ms) [Parameters=[@__p_1='?' (DbType = Int32), @__p_0='?' (DbType = Int32)], CommandType='"Text"', CommandTimeout='30']
SELECT c1."cotCod", c1."cliCod", c1."cotEstado", c1."cotEstadoId", c1."cotFech", c1."cotTotal", c1."listaCod", c0.id, c0."cliCondicionIVA", c0."cliDireccion", c0."cliEmail", c0."cliFormaPago", c0."cliNombre", c0."cliNumDoc", c0."cliTelefono", c0."cliTipoDoc", c2.id, c2.color, c2.descripcion, d."detCotCod", d."artCod", d."cotCod", d."detCant", d."detPrecio", d."detSubtotal"
FROM (
    SELECT c."cotCod", c."cliCod", c."cotEstado", c."cotEstadoId", c."cotFech", c."cotTotal", c."listaCod"
    FROM "COTIZACIONES" AS c
    ORDER BY c."cotFech" DESC
    LIMIT @__p_1 OFFSET @__p_0
) AS c1
INNER JOIN "CLIENTES" AS c0 ON c1."cliCod" = c0.id
LEFT JOIN "cotizacionEstados" AS c2 ON c1."cotEstadoId" = c2.id
LEFT JOIN "DETALLE_COTIZACIONES" AS d ON c1."cotCod" = d."cotCod"
ORDER BY c1."cotFech" DESC, c1."cotCod", c0.id, c2.id {"EventId":{"Id":20102,"Name":"Microsoft.EntityFrameworkCore.Database.Command.CommandError"},"SourceContext":"Microsoft.EntityFrameworkCore.Database.Command","ActionId":"b028578c-0b7e-4344-8757-8bdfe1382aea","ActionName":"comara.Controllers.CotizacionesController.Index (comara)","RequestId":"0HNKMVA9K0CHJ:0000001D","RequestPath":"/Cotizaciones","ConnectionId":"0HNKMVA9K0CHJ","MachineName":"HPFAB","ThreadId":19}
2026-04-10 09:21:14.940 -03:00 [ERR] An exception occurred while iterating over the results of a query for context type 'comara.Data.ApplicationDbContext'.
Npgsql.PostgresException (0x80004005): 42703: no existe la columna c.listaCod

POSITION: 480
   at Npgsql.Internal.NpgsqlConnector.ReadMessageLong(Boolean async, DataRowLoadingMode dataRowLoadingMode, Boolean readingNotifications, Boolean isReadingPrependedMessage)
   at System.Runtime.CompilerServices.PoolingAsyncValueTaskMethodBuilder`1.StateMachineBox`1.System.Threading.Tasks.Sources.IValueTaskSource<TResult>.GetResult(Int16 token)
   at Npgsql.NpgsqlDataReader.NextResult(Boolean async, Boolean isConsuming, CancellationToken cancellationToken)
   at Npgsql.NpgsqlDataReader.NextResult(Boolean async, Boolean isConsuming, CancellationToken cancellationToken)
   at Npgsql.NpgsqlCommand.ExecuteReader(Boolean async, CommandBehavior behavior, CancellationToken cancellationToken)
   at Npgsql.NpgsqlCommand.ExecuteReader(Boolean async, CommandBehavior behavior, CancellationToken cancellationToken)
   at Npgsql.NpgsqlCommand.ExecuteDbDataReaderAsync(CommandBehavior behavior, CancellationToken cancellationToken)
   at Microsoft.EntityFrameworkCore.Storage.RelationalCommand.ExecuteReaderAsync(RelationalCommandParameterObject parameterObject, CancellationToken cancellationToken)
   at Microsoft.EntityFrameworkCore.Storage.RelationalCommand.ExecuteReaderAsync(RelationalCommandParameterObject parameterObject, CancellationToken cancellationToken)
   at Microsoft.EntityFrameworkCore.Query.Internal.SingleQueryingEnumerable`1.AsyncEnumerator.InitializeReaderAsync(AsyncEnumerator enumerator, CancellationToken cancellationToken)
   at Npgsql.EntityFrameworkCore.PostgreSQL.Storage.Internal.NpgsqlExecutionStrategy.ExecuteAsync[TState,TResult](TState state, Func`4 operation, Func`4 verifySucceeded, CancellationToken cancellationToken)
   at Microsoft.EntityFrameworkCore.Query.Internal.SingleQueryingEnumerable`1.AsyncEnumerator.MoveNextAsync()
  Exception data:
    Severity: ERROR
    SqlState: 42703
    MessageText: no existe la columna c.listaCod
    Position: 480
    File: parse_relation.c
    Line: 3827
    Routine: errorMissingColumn {"EventId":{"Id":10100,"Name":"Microsoft.EntityFrameworkCore.Query.QueryIterationFailed"},"SourceContext":"Microsoft.EntityFrameworkCore.Query","ActionId":"b028578c-0b7e-4344-8757-8bdfe1382aea","ActionName":"comara.Controllers.CotizacionesController.Index (comara)","RequestId":"0HNKMVA9K0CHJ:0000001D","RequestPath":"/Cotizaciones","ConnectionId":"0HNKMVA9K0CHJ","MachineName":"HPFAB","ThreadId":19}
Npgsql.PostgresException (0x80004005): 42703: no existe la columna c.listaCod

POSITION: 480
   at Npgsql.Internal.NpgsqlConnector.ReadMessageLong(Boolean async, DataRowLoadingMode dataRowLoadingMode, Boolean readingNotifications, Boolean isReadingPrependedMessage)
   at System.Runtime.CompilerServices.PoolingAsyncValueTaskMethodBuilder`1.StateMachineBox`1.System.Threading.Tasks.Sources.IValueTaskSource<TResult>.GetResult(Int16 token)
   at Npgsql.NpgsqlDataReader.NextResult(Boolean async, Boolean isConsuming, CancellationToken cancellationToken)
   at Npgsql.NpgsqlDataReader.NextResult(Boolean async, Boolean isConsuming, CancellationToken cancellationToken)
   at Npgsql.NpgsqlCommand.ExecuteReader(Boolean async, CommandBehavior behavior, CancellationToken cancellationToken)
   at Npgsql.NpgsqlCommand.ExecuteReader(Boolean async, CommandBehavior behavior, CancellationToken cancellationToken)
   at Npgsql.NpgsqlCommand.ExecuteDbDataReaderAsync(CommandBehavior behavior, CancellationToken cancellationToken)
   at Microsoft.EntityFrameworkCore.Storage.RelationalCommand.ExecuteReaderAsync(RelationalCommandParameterObject parameterObject, CancellationToken cancellationToken)
   at Microsoft.EntityFrameworkCore.Storage.RelationalCommand.ExecuteReaderAsync(RelationalCommandParameterObject parameterObject, CancellationToken cancellationToken)
   at Microsoft.EntityFrameworkCore.Query.Internal.SingleQueryingEnumerable`1.AsyncEnumerator.InitializeReaderAsync(AsyncEnumerator enumerator, CancellationToken cancellationToken)
   at Npgsql.EntityFrameworkCore.PostgreSQL.Storage.Internal.NpgsqlExecutionStrategy.ExecuteAsync[TState,TResult](TState state, Func`4 operation, Func`4 verifySucceeded, CancellationToken cancellationToken)
   at Microsoft.EntityFrameworkCore.Query.Internal.SingleQueryingEnumerable`1.AsyncEnumerator.MoveNextAsync()
  Exception data:
    Severity: ERROR
    SqlState: 42703
    MessageText: no existe la columna c.listaCod
    Position: 480
    File: parse_relation.c
    Line: 3827
    Routine: errorMissingColumn
2026-04-10 09:21:15.118 -03:00 [ERR] Error no manejado en Cotizaciones/Index: 42703: no existe la columna c.listaCod

POSITION: 480 {"SourceContext":"comara.Filters.GlobalExceptionFilter","ActionId":"b028578c-0b7e-4344-8757-8bdfe1382aea","ActionName":"comara.Controllers.CotizacionesController.Index (comara)","RequestId":"0HNKMVA9K0CHJ:0000001D","RequestPath":"/Cotizaciones","ConnectionId":"0HNKMVA9K0CHJ","MachineName":"HPFAB","ThreadId":19}
Npgsql.PostgresException (0x80004005): 42703: no existe la columna c.listaCod

POSITION: 480
   at Npgsql.Internal.NpgsqlConnector.ReadMessageLong(Boolean async, DataRowLoadingMode dataRowLoadingMode, Boolean readingNotifications, Boolean isReadingPrependedMessage)
   at System.Runtime.CompilerServices.PoolingAsyncValueTaskMethodBuilder`1.StateMachineBox`1.System.Threading.Tasks.Sources.IValueTaskSource<TResult>.GetResult(Int16 token)
   at Npgsql.NpgsqlDataReader.NextResult(Boolean async, Boolean isConsuming, CancellationToken cancellationToken)
   at Npgsql.NpgsqlDataReader.NextResult(Boolean async, Boolean isConsuming, CancellationToken cancellationToken)
   at Npgsql.NpgsqlCommand.ExecuteReader(Boolean async, CommandBehavior behavior, CancellationToken cancellationToken)
   at Npgsql.NpgsqlCommand.ExecuteReader(Boolean async, CommandBehavior behavior, CancellationToken cancellationToken)
   at Npgsql.NpgsqlCommand.ExecuteDbDataReaderAsync(CommandBehavior behavior, CancellationToken cancellationToken)
   at Microsoft.EntityFrameworkCore.Storage.RelationalCommand.ExecuteReaderAsync(RelationalCommandParameterObject parameterObject, CancellationToken cancellationToken)
   at Microsoft.EntityFrameworkCore.Storage.RelationalCommand.ExecuteReaderAsync(RelationalCommandParameterObject parameterObject, CancellationToken cancellationToken)
   at Microsoft.EntityFrameworkCore.Query.Internal.SingleQueryingEnumerable`1.AsyncEnumerator.InitializeReaderAsync(AsyncEnumerator enumerator, CancellationToken cancellationToken)
   at Npgsql.EntityFrameworkCore.PostgreSQL.Storage.Internal.NpgsqlExecutionStrategy.ExecuteAsync[TState,TResult](TState state, Func`4 operation, Func`4 verifySucceeded, CancellationToken cancellationToken)
   at Microsoft.EntityFrameworkCore.Query.Internal.SingleQueryingEnumerable`1.AsyncEnumerator.MoveNextAsync()
   at Microsoft.EntityFrameworkCore.EntityFrameworkQueryableExtensions.ToListAsync[TSource](IQueryable`1 source, CancellationToken cancellationToken)
   at Microsoft.EntityFrameworkCore.EntityFrameworkQueryableExtensions.ToListAsync[TSource](IQueryable`1 source, CancellationToken cancellationToken)
   at comara.Controllers.CotizacionesController.Index(String searchTerm, Nullable`1 estadoFilter, Int32 page, Int32 pageSize) in C:\Users\jmalo\OneDrive - alumnos.frm.utn.edu.ar\Trabajo\SISTEMA COMARA\comara\Controllers\CotizacionesController.cs:line 59
   at Microsoft.AspNetCore.Mvc.Infrastructure.ActionMethodExecutor.TaskOfIActionResultExecutor.Execute(ActionContext actionContext, IActionResultTypeMapper mapper, ObjectMethodExecutor executor, Object controller, Object[] arguments)
   at Microsoft.AspNetCore.Mvc.Infrastructure.ControllerActionInvoker.<InvokeActionMethodAsync>g__Awaited|12_0(ControllerActionInvoker invoker, ValueTask`1 actionResultValueTask)
   at Microsoft.AspNetCore.Mvc.Infrastructure.ControllerActionInvoker.<InvokeNextActionFilterAsync>g__Awaited|10_0(ControllerActionInvoker invoker, Task lastTask, State next, Scope scope, Object state, Boolean isCompleted)
   at Microsoft.AspNetCore.Mvc.Infrastructure.ControllerActionInvoker.Rethrow(ActionExecutedContextSealed context)
   at Microsoft.AspNetCore.Mvc.Infrastructure.ControllerActionInvoker.Next(State& next, Scope& scope, Object& state, Boolean& isCompleted)
   at Microsoft.AspNetCore.Mvc.Infrastructure.ControllerActionInvoker.<InvokeInnerFilterAsync>g__Awaited|13_0(ControllerActionInvoker invoker, Task lastTask, State next, Scope scope, Object state, Boolean isCompleted)
   at Microsoft.AspNetCore.Mvc.Infrastructure.ResourceInvoker.<InvokeNextExceptionFilterAsync>g__Awaited|26_0(ResourceInvoker invoker, Task lastTask, State next, Scope scope, Object state, Boolean isCompleted)
  Exception data:
    Severity: ERROR
    SqlState: 42703
    MessageText: no existe la columna c.listaCod
    Position: 480
    File: parse_relation.c
    Line: 3827
    Routine: errorMissingColumn
2026-04-10 09:21:17.899 -03:00 [ERR] Failed executing DbCommand (23ms) [Parameters=[@__p_1='?' (DbType = Int32), @__p_0='?' (DbType = Int32)], CommandType='"Text"', CommandTimeout='30']
SELECT c1."cotCod", c1."cliCod", c1."cotEstado", c1."cotEstadoId", c1."cotFech", c1."cotTotal", c1."listaCod", c0.id, c0."cliCondicionIVA", c0."cliDireccion", c0."cliEmail", c0."cliFormaPago", c0."cliNombre", c0."cliNumDoc", c0."cliTelefono", c0."cliTipoDoc", c2.id, c2.color, c2.descripcion, d."detCotCod", d."artCod", d."cotCod", d."detCant", d."detPrecio", d."detSubtotal"
FROM (
    SELECT c."cotCod", c."cliCod", c."cotEstado", c."cotEstadoId", c."cotFech", c."cotTotal", c."listaCod"
    FROM "COTIZACIONES" AS c
    ORDER BY c."cotFech" DESC
    LIMIT @__p_1 OFFSET @__p_0
) AS c1
INNER JOIN "CLIENTES" AS c0 ON c1."cliCod" = c0.id
LEFT JOIN "cotizacionEstados" AS c2 ON c1."cotEstadoId" = c2.id
LEFT JOIN "DETALLE_COTIZACIONES" AS d ON c1."cotCod" = d."cotCod"
ORDER BY c1."cotFech" DESC, c1."cotCod", c0.id, c2.id {"EventId":{"Id":20102,"Name":"Microsoft.EntityFrameworkCore.Database.Command.CommandError"},"SourceContext":"Microsoft.EntityFrameworkCore.Database.Command","ActionId":"b028578c-0b7e-4344-8757-8bdfe1382aea","ActionName":"comara.Controllers.CotizacionesController.Index (comara)","RequestId":"0HNKMVA9K0CHJ:00000025","RequestPath":"/Cotizaciones","ConnectionId":"0HNKMVA9K0CHJ","MachineName":"HPFAB","ThreadId":19}
2026-04-10 09:21:17.936 -03:00 [ERR] An exception occurred while iterating over the results of a query for context type 'comara.Data.ApplicationDbContext'.
Npgsql.PostgresException (0x80004005): 42703: no existe la columna c.listaCod

POSITION: 480
   at Npgsql.Internal.NpgsqlConnector.ReadMessageLong(Boolean async, DataRowLoadingMode dataRowLoadingMode, Boolean readingNotifications, Boolean isReadingPrependedMessage)
   at System.Runtime.CompilerServices.PoolingAsyncValueTaskMethodBuilder`1.StateMachineBox`1.System.Threading.Tasks.Sources.IValueTaskSource<TResult>.GetResult(Int16 token)
   at Npgsql.NpgsqlDataReader.NextResult(Boolean async, Boolean isConsuming, CancellationToken cancellationToken)
   at Npgsql.NpgsqlDataReader.NextResult(Boolean async, Boolean isConsuming, CancellationToken cancellationToken)
   at Npgsql.NpgsqlCommand.ExecuteReader(Boolean async, CommandBehavior behavior, CancellationToken cancellationToken)
   at Npgsql.NpgsqlCommand.ExecuteReader(Boolean async, CommandBehavior behavior, CancellationToken cancellationToken)
   at Npgsql.NpgsqlCommand.ExecuteDbDataReaderAsync(CommandBehavior behavior, CancellationToken cancellationToken)
   at Microsoft.EntityFrameworkCore.Storage.RelationalCommand.ExecuteReaderAsync(RelationalCommandParameterObject parameterObject, CancellationToken cancellationToken)
   at Microsoft.EntityFrameworkCore.Storage.RelationalCommand.ExecuteReaderAsync(RelationalCommandParameterObject parameterObject, CancellationToken cancellationToken)
   at Microsoft.EntityFrameworkCore.Query.Internal.SingleQueryingEnumerable`1.AsyncEnumerator.InitializeReaderAsync(AsyncEnumerator enumerator, CancellationToken cancellationToken)
   at Npgsql.EntityFrameworkCore.PostgreSQL.Storage.Internal.NpgsqlExecutionStrategy.ExecuteAsync[TState,TResult](TState state, Func`4 operation, Func`4 verifySucceeded, CancellationToken cancellationToken)
   at Microsoft.EntityFrameworkCore.Query.Internal.SingleQueryingEnumerable`1.AsyncEnumerator.MoveNextAsync()
  Exception data:
    Severity: ERROR
    SqlState: 42703
    MessageText: no existe la columna c.listaCod
    Position: 480
    File: parse_relation.c
    Line: 3827
    Routine: errorMissingColumn {"EventId":{"Id":10100,"Name":"Microsoft.EntityFrameworkCore.Query.QueryIterationFailed"},"SourceContext":"Microsoft.EntityFrameworkCore.Query","ActionId":"b028578c-0b7e-4344-8757-8bdfe1382aea","ActionName":"comara.Controllers.CotizacionesController.Index (comara)","RequestId":"0HNKMVA9K0CHJ:00000025","RequestPath":"/Cotizaciones","ConnectionId":"0HNKMVA9K0CHJ","MachineName":"HPFAB","ThreadId":19}
Npgsql.PostgresException (0x80004005): 42703: no existe la columna c.listaCod

POSITION: 480
   at Npgsql.Internal.NpgsqlConnector.ReadMessageLong(Boolean async, DataRowLoadingMode dataRowLoadingMode, Boolean readingNotifications, Boolean isReadingPrependedMessage)
   at System.Runtime.CompilerServices.PoolingAsyncValueTaskMethodBuilder`1.StateMachineBox`1.System.Threading.Tasks.Sources.IValueTaskSource<TResult>.GetResult(Int16 token)
   at Npgsql.NpgsqlDataReader.NextResult(Boolean async, Boolean isConsuming, CancellationToken cancellationToken)
   at Npgsql.NpgsqlDataReader.NextResult(Boolean async, Boolean isConsuming, CancellationToken cancellationToken)
   at Npgsql.NpgsqlCommand.ExecuteReader(Boolean async, CommandBehavior behavior, CancellationToken cancellationToken)
   at Npgsql.NpgsqlCommand.ExecuteReader(Boolean async, CommandBehavior behavior, CancellationToken cancellationToken)
   at Npgsql.NpgsqlCommand.ExecuteDbDataReaderAsync(CommandBehavior behavior, CancellationToken cancellationToken)
   at Microsoft.EntityFrameworkCore.Storage.RelationalCommand.ExecuteReaderAsync(RelationalCommandParameterObject parameterObject, CancellationToken cancellationToken)
   at Microsoft.EntityFrameworkCore.Storage.RelationalCommand.ExecuteReaderAsync(RelationalCommandParameterObject parameterObject, CancellationToken cancellationToken)
   at Microsoft.EntityFrameworkCore.Query.Internal.SingleQueryingEnumerable`1.AsyncEnumerator.InitializeReaderAsync(AsyncEnumerator enumerator, CancellationToken cancellationToken)
   at Npgsql.EntityFrameworkCore.PostgreSQL.Storage.Internal.NpgsqlExecutionStrategy.ExecuteAsync[TState,TResult](TState state, Func`4 operation, Func`4 verifySucceeded, CancellationToken cancellationToken)
   at Microsoft.EntityFrameworkCore.Query.Internal.SingleQueryingEnumerable`1.AsyncEnumerator.MoveNextAsync()
  Exception data:
    Severity: ERROR
    SqlState: 42703
    MessageText: no existe la columna c.listaCod
    Position: 480
    File: parse_relation.c
    Line: 3827
    Routine: errorMissingColumn
2026-04-10 09:21:18.116 -03:00 [ERR] Error no manejado en Cotizaciones/Index: 42703: no existe la columna c.listaCod

POSITION: 480 {"SourceContext":"comara.Filters.GlobalExceptionFilter","ActionId":"b028578c-0b7e-4344-8757-8bdfe1382aea","ActionName":"comara.Controllers.CotizacionesController.Index (comara)","RequestId":"0HNKMVA9K0CHJ:00000025","RequestPath":"/Cotizaciones","ConnectionId":"0HNKMVA9K0CHJ","MachineName":"HPFAB","ThreadId":19}
Npgsql.PostgresException (0x80004005): 42703: no existe la columna c.listaCod

POSITION: 480
   at Npgsql.Internal.NpgsqlConnector.ReadMessageLong(Boolean async, DataRowLoadingMode dataRowLoadingMode, Boolean readingNotifications, Boolean isReadingPrependedMessage)
   at System.Runtime.CompilerServices.PoolingAsyncValueTaskMethodBuilder`1.StateMachineBox`1.System.Threading.Tasks.Sources.IValueTaskSource<TResult>.GetResult(Int16 token)
   at Npgsql.NpgsqlDataReader.NextResult(Boolean async, Boolean isConsuming, CancellationToken cancellationToken)
   at Npgsql.NpgsqlDataReader.NextResult(Boolean async, Boolean isConsuming, CancellationToken cancellationToken)
   at Npgsql.NpgsqlCommand.ExecuteReader(Boolean async, CommandBehavior behavior, CancellationToken cancellationToken)
   at Npgsql.NpgsqlCommand.ExecuteReader(Boolean async, CommandBehavior behavior, CancellationToken cancellationToken)
   at Npgsql.NpgsqlCommand.ExecuteDbDataReaderAsync(CommandBehavior behavior, CancellationToken cancellationToken)
   at Microsoft.EntityFrameworkCore.Storage.RelationalCommand.ExecuteReaderAsync(RelationalCommandParameterObject parameterObject, CancellationToken cancellationToken)
   at Microsoft.EntityFrameworkCore.Storage.RelationalCommand.ExecuteReaderAsync(RelationalCommandParameterObject parameterObject, CancellationToken cancellationToken)
   at Microsoft.EntityFrameworkCore.Query.Internal.SingleQueryingEnumerable`1.AsyncEnumerator.InitializeReaderAsync(AsyncEnumerator enumerator, CancellationToken cancellationToken)
   at Npgsql.EntityFrameworkCore.PostgreSQL.Storage.Internal.NpgsqlExecutionStrategy.ExecuteAsync[TState,TResult](TState state, Func`4 operation, Func`4 verifySucceeded, CancellationToken cancellationToken)
   at Microsoft.EntityFrameworkCore.Query.Internal.SingleQueryingEnumerable`1.AsyncEnumerator.MoveNextAsync()
   at Microsoft.EntityFrameworkCore.EntityFrameworkQueryableExtensions.ToListAsync[TSource](IQueryable`1 source, CancellationToken cancellationToken)
   at Microsoft.EntityFrameworkCore.EntityFrameworkQueryableExtensions.ToListAsync[TSource](IQueryable`1 source, CancellationToken cancellationToken)
   at comara.Controllers.CotizacionesController.Index(String searchTerm, Nullable`1 estadoFilter, Int32 page, Int32 pageSize) in C:\Users\jmalo\OneDrive - alumnos.frm.utn.edu.ar\Trabajo\SISTEMA COMARA\comara\Controllers\CotizacionesController.cs:line 59
   at Microsoft.AspNetCore.Mvc.Infrastructure.ActionMethodExecutor.TaskOfIActionResultExecutor.Execute(ActionContext actionContext, IActionResultTypeMapper mapper, ObjectMethodExecutor executor, Object controller, Object[] arguments)
   at Microsoft.AspNetCore.Mvc.Infrastructure.ControllerActionInvoker.<InvokeActionMethodAsync>g__Awaited|12_0(ControllerActionInvoker invoker, ValueTask`1 actionResultValueTask)
   at Microsoft.AspNetCore.Mvc.Infrastructure.ControllerActionInvoker.<InvokeNextActionFilterAsync>g__Awaited|10_0(ControllerActionInvoker invoker, Task lastTask, State next, Scope scope, Object state, Boolean isCompleted)
   at Microsoft.AspNetCore.Mvc.Infrastructure.ControllerActionInvoker.Rethrow(ActionExecutedContextSealed context)
   at Microsoft.AspNetCore.Mvc.Infrastructure.ControllerActionInvoker.Next(State& next, Scope& scope, Object& state, Boolean& isCompleted)
   at Microsoft.AspNetCore.Mvc.Infrastructure.ControllerActionInvoker.<InvokeInnerFilterAsync>g__Awaited|13_0(ControllerActionInvoker invoker, Task lastTask, State next, Scope scope, Object state, Boolean isCompleted)
   at Microsoft.AspNetCore.Mvc.Infrastructure.ResourceInvoker.<InvokeNextExceptionFilterAsync>g__Awaited|26_0(ResourceInvoker invoker, Task lastTask, State next, Scope scope, Object state, Boolean isCompleted)
  Exception data:
    Severity: ERROR
    SqlState: 42703
    MessageText: no existe la columna c.listaCod
    Position: 480
    File: parse_relation.c
    Line: 3827
    Routine: errorMissingColumn
2026-04-10 09:21:51.510 -03:00 [ERR] Failed executing DbCommand (7ms) [Parameters=[@__p_1='?' (DbType = Int32), @__p_0='?' (DbType = Int32)], CommandType='"Text"', CommandTimeout='30']
SELECT c1."cotCod", c1."cliCod", c1."cotEstado", c1."cotEstadoId", c1."cotFech", c1."cotTotal", c1."listaCod", c0.id, c0."cliCondicionIVA", c0."cliDireccion", c0."cliEmail", c0."cliFormaPago", c0."cliNombre", c0."cliNumDoc", c0."cliTelefono", c0."cliTipoDoc", c2.id, c2.color, c2.descripcion, d."detCotCod", d."artCod", d."cotCod", d."detCant", d."detPrecio", d."detSubtotal"
FROM (
    SELECT c."cotCod", c."cliCod", c."cotEstado", c."cotEstadoId", c."cotFech", c."cotTotal", c."listaCod"
    FROM "COTIZACIONES" AS c
    ORDER BY c."cotFech" DESC
    LIMIT @__p_1 OFFSET @__p_0
) AS c1
INNER JOIN "CLIENTES" AS c0 ON c1."cliCod" = c0.id
LEFT JOIN "cotizacionEstados" AS c2 ON c1."cotEstadoId" = c2.id
LEFT JOIN "DETALLE_COTIZACIONES" AS d ON c1."cotCod" = d."cotCod"
ORDER BY c1."cotFech" DESC, c1."cotCod", c0.id, c2.id {"EventId":{"Id":20102,"Name":"Microsoft.EntityFrameworkCore.Database.Command.CommandError"},"SourceContext":"Microsoft.EntityFrameworkCore.Database.Command","ActionId":"b028578c-0b7e-4344-8757-8bdfe1382aea","ActionName":"comara.Controllers.CotizacionesController.Index (comara)","RequestId":"0HNKMVA9K0CHJ:0000002D","RequestPath":"/Cotizaciones","ConnectionId":"0HNKMVA9K0CHJ","MachineName":"HPFAB","ThreadId":26}
2026-04-10 09:21:51.540 -03:00 [ERR] An exception occurred while iterating over the results of a query for context type 'comara.Data.ApplicationDbContext'.
Npgsql.PostgresException (0x80004005): 42703: no existe la columna c.listaCod

POSITION: 480
   at Npgsql.Internal.NpgsqlConnector.ReadMessageLong(Boolean async, DataRowLoadingMode dataRowLoadingMode, Boolean readingNotifications, Boolean isReadingPrependedMessage)
   at System.Runtime.CompilerServices.PoolingAsyncValueTaskMethodBuilder`1.StateMachineBox`1.System.Threading.Tasks.Sources.IValueTaskSource<TResult>.GetResult(Int16 token)
   at Npgsql.NpgsqlDataReader.NextResult(Boolean async, Boolean isConsuming, CancellationToken cancellationToken)
   at Npgsql.NpgsqlDataReader.NextResult(Boolean async, Boolean isConsuming, CancellationToken cancellationToken)
   at Npgsql.NpgsqlCommand.ExecuteReader(Boolean async, CommandBehavior behavior, CancellationToken cancellationToken)
   at Npgsql.NpgsqlCommand.ExecuteReader(Boolean async, CommandBehavior behavior, CancellationToken cancellationToken)
   at Npgsql.NpgsqlCommand.ExecuteDbDataReaderAsync(CommandBehavior behavior, CancellationToken cancellationToken)
   at Microsoft.EntityFrameworkCore.Storage.RelationalCommand.ExecuteReaderAsync(RelationalCommandParameterObject parameterObject, CancellationToken cancellationToken)
   at Microsoft.EntityFrameworkCore.Storage.RelationalCommand.ExecuteReaderAsync(RelationalCommandParameterObject parameterObject, CancellationToken cancellationToken)
   at Microsoft.EntityFrameworkCore.Query.Internal.SingleQueryingEnumerable`1.AsyncEnumerator.InitializeReaderAsync(AsyncEnumerator enumerator, CancellationToken cancellationToken)
   at Npgsql.EntityFrameworkCore.PostgreSQL.Storage.Internal.NpgsqlExecutionStrategy.ExecuteAsync[TState,TResult](TState state, Func`4 operation, Func`4 verifySucceeded, CancellationToken cancellationToken)
   at Microsoft.EntityFrameworkCore.Query.Internal.SingleQueryingEnumerable`1.AsyncEnumerator.MoveNextAsync()
  Exception data:
    Severity: ERROR
    SqlState: 42703
    MessageText: no existe la columna c.listaCod
    Position: 480
    File: parse_relation.c
    Line: 3827
    Routine: errorMissingColumn {"EventId":{"Id":10100,"Name":"Microsoft.EntityFrameworkCore.Query.QueryIterationFailed"},"SourceContext":"Microsoft.EntityFrameworkCore.Query","ActionId":"b028578c-0b7e-4344-8757-8bdfe1382aea","ActionName":"comara.Controllers.CotizacionesController.Index (comara)","RequestId":"0HNKMVA9K0CHJ:0000002D","RequestPath":"/Cotizaciones","ConnectionId":"0HNKMVA9K0CHJ","MachineName":"HPFAB","ThreadId":26}
Npgsql.PostgresException (0x80004005): 42703: no existe la columna c.listaCod

POSITION: 480
   at Npgsql.Internal.NpgsqlConnector.ReadMessageLong(Boolean async, DataRowLoadingMode dataRowLoadingMode, Boolean readingNotifications, Boolean isReadingPrependedMessage)
   at System.Runtime.CompilerServices.PoolingAsyncValueTaskMethodBuilder`1.StateMachineBox`1.System.Threading.Tasks.Sources.IValueTaskSource<TResult>.GetResult(Int16 token)
   at Npgsql.NpgsqlDataReader.NextResult(Boolean async, Boolean isConsuming, CancellationToken cancellationToken)
   at Npgsql.NpgsqlDataReader.NextResult(Boolean async, Boolean isConsuming, CancellationToken cancellationToken)
   at Npgsql.NpgsqlCommand.ExecuteReader(Boolean async, CommandBehavior behavior, CancellationToken cancellationToken)
   at Npgsql.NpgsqlCommand.ExecuteReader(Boolean async, CommandBehavior behavior, CancellationToken cancellationToken)
   at Npgsql.NpgsqlCommand.ExecuteDbDataReaderAsync(CommandBehavior behavior, CancellationToken cancellationToken)
   at Microsoft.EntityFrameworkCore.Storage.RelationalCommand.ExecuteReaderAsync(RelationalCommandParameterObject parameterObject, CancellationToken cancellationToken)
   at Microsoft.EntityFrameworkCore.Storage.RelationalCommand.ExecuteReaderAsync(RelationalCommandParameterObject parameterObject, CancellationToken cancellationToken)
   at Microsoft.EntityFrameworkCore.Query.Internal.SingleQueryingEnumerable`1.AsyncEnumerator.InitializeReaderAsync(AsyncEnumerator enumerator, CancellationToken cancellationToken)
   at Npgsql.EntityFrameworkCore.PostgreSQL.Storage.Internal.NpgsqlExecutionStrategy.ExecuteAsync[TState,TResult](TState state, Func`4 operation, Func`4 verifySucceeded, CancellationToken cancellationToken)
   at Microsoft.EntityFrameworkCore.Query.Internal.SingleQueryingEnumerable`1.AsyncEnumerator.MoveNextAsync()
  Exception data:
    Severity: ERROR
    SqlState: 42703
    MessageText: no existe la columna c.listaCod
    Position: 480
    File: parse_relation.c
    Line: 3827
    Routine: errorMissingColumn
2026-04-10 09:21:51.721 -03:00 [ERR] Error no manejado en Cotizaciones/Index: 42703: no existe la columna c.listaCod

POSITION: 480 {"SourceContext":"comara.Filters.GlobalExceptionFilter","ActionId":"b028578c-0b7e-4344-8757-8bdfe1382aea","ActionName":"comara.Controllers.CotizacionesController.Index (comara)","RequestId":"0HNKMVA9K0CHJ:0000002D","RequestPath":"/Cotizaciones","ConnectionId":"0HNKMVA9K0CHJ","MachineName":"HPFAB","ThreadId":26}
Npgsql.PostgresException (0x80004005): 42703: no existe la columna c.listaCod

POSITION: 480
   at Npgsql.Internal.NpgsqlConnector.ReadMessageLong(Boolean async, DataRowLoadingMode dataRowLoadingMode, Boolean readingNotifications, Boolean isReadingPrependedMessage)
   at System.Runtime.CompilerServices.PoolingAsyncValueTaskMethodBuilder`1.StateMachineBox`1.System.Threading.Tasks.Sources.IValueTaskSource<TResult>.GetResult(Int16 token)
   at Npgsql.NpgsqlDataReader.NextResult(Boolean async, Boolean isConsuming, CancellationToken cancellationToken)
   at Npgsql.NpgsqlDataReader.NextResult(Boolean async, Boolean isConsuming, CancellationToken cancellationToken)
   at Npgsql.NpgsqlCommand.ExecuteReader(Boolean async, CommandBehavior behavior, CancellationToken cancellationToken)
   at Npgsql.NpgsqlCommand.ExecuteReader(Boolean async, CommandBehavior behavior, CancellationToken cancellationToken)
   at Npgsql.NpgsqlCommand.ExecuteDbDataReaderAsync(CommandBehavior behavior, CancellationToken cancellationToken)
   at Microsoft.EntityFrameworkCore.Storage.RelationalCommand.ExecuteReaderAsync(RelationalCommandParameterObject parameterObject, CancellationToken cancellationToken)
   at Microsoft.EntityFrameworkCore.Storage.RelationalCommand.ExecuteReaderAsync(RelationalCommandParameterObject parameterObject, CancellationToken cancellationToken)
   at Microsoft.EntityFrameworkCore.Query.Internal.SingleQueryingEnumerable`1.AsyncEnumerator.InitializeReaderAsync(AsyncEnumerator enumerator, CancellationToken cancellationToken)
   at Npgsql.EntityFrameworkCore.PostgreSQL.Storage.Internal.NpgsqlExecutionStrategy.ExecuteAsync[TState,TResult](TState state, Func`4 operation, Func`4 verifySucceeded, CancellationToken cancellationToken)
   at Microsoft.EntityFrameworkCore.Query.Internal.SingleQueryingEnumerable`1.AsyncEnumerator.MoveNextAsync()
   at Microsoft.EntityFrameworkCore.EntityFrameworkQueryableExtensions.ToListAsync[TSource](IQueryable`1 source, CancellationToken cancellationToken)
   at Microsoft.EntityFrameworkCore.EntityFrameworkQueryableExtensions.ToListAsync[TSource](IQueryable`1 source, CancellationToken cancellationToken)
   at comara.Controllers.CotizacionesController.Index(String searchTerm, Nullable`1 estadoFilter, Int32 page, Int32 pageSize) in C:\Users\jmalo\OneDrive - alumnos.frm.utn.edu.ar\Trabajo\SISTEMA COMARA\comara\Controllers\CotizacionesController.cs:line 59
   at Microsoft.AspNetCore.Mvc.Infrastructure.ActionMethodExecutor.TaskOfIActionResultExecutor.Execute(ActionContext actionContext, IActionResultTypeMapper mapper, ObjectMethodExecutor executor, Object controller, Object[] arguments)
   at Microsoft.AspNetCore.Mvc.Infrastructure.ControllerActionInvoker.<InvokeActionMethodAsync>g__Awaited|12_0(ControllerActionInvoker invoker, ValueTask`1 actionResultValueTask)
   at Microsoft.AspNetCore.Mvc.Infrastructure.ControllerActionInvoker.<InvokeNextActionFilterAsync>g__Awaited|10_0(ControllerActionInvoker invoker, Task lastTask, State next, Scope scope, Object state, Boolean isCompleted)
   at Microsoft.AspNetCore.Mvc.Infrastructure.ControllerActionInvoker.Rethrow(ActionExecutedContextSealed context)
   at Microsoft.AspNetCore.Mvc.Infrastructure.ControllerActionInvoker.Next(State& next, Scope& scope, Object& state, Boolean& isCompleted)
   at Microsoft.AspNetCore.Mvc.Infrastructure.ControllerActionInvoker.<InvokeInnerFilterAsync>g__Awaited|13_0(ControllerActionInvoker invoker, Task lastTask, State next, Scope scope, Object state, Boolean isCompleted)
   at Microsoft.AspNetCore.Mvc.Infrastructure.ResourceInvoker.<InvokeNextExceptionFilterAsync>g__Awaited|26_0(ResourceInvoker invoker, Task lastTask, State next, Scope scope, Object state, Boolean isCompleted)
  Exception data:
    Severity: ERROR
    SqlState: 42703
    MessageText: no existe la columna c.listaCod
    Position: 480
    File: parse_relation.c
    Line: 3827
    Routine: errorMissingColumn
2026-04-10 09:22:06.465 -03:00 [ERR] Failed executing DbCommand (35ms) [Parameters=[@__p_1='?' (DbType = Int32), @__p_0='?' (DbType = Int32)], CommandType='"Text"', CommandTimeout='30']
SELECT c1."cotCod", c1."cliCod", c1."cotEstado", c1."cotEstadoId", c1."cotFech", c1."cotTotal", c1."listaCod", c0.id, c0."cliCondicionIVA", c0."cliDireccion", c0."cliEmail", c0."cliFormaPago", c0."cliNombre", c0."cliNumDoc", c0."cliTelefono", c0."cliTipoDoc", c2.id, c2.color, c2.descripcion, d."detCotCod", d."artCod", d."cotCod", d."detCant", d."detPrecio", d."detSubtotal"
FROM (
    SELECT c."cotCod", c."cliCod", c."cotEstado", c."cotEstadoId", c."cotFech", c."cotTotal", c."listaCod"
    FROM "COTIZACIONES" AS c
    ORDER BY c."cotFech" DESC
    LIMIT @__p_1 OFFSET @__p_0
) AS c1
INNER JOIN "CLIENTES" AS c0 ON c1."cliCod" = c0.id
LEFT JOIN "cotizacionEstados" AS c2 ON c1."cotEstadoId" = c2.id
LEFT JOIN "DETALLE_COTIZACIONES" AS d ON c1."cotCod" = d."cotCod"
ORDER BY c1."cotFech" DESC, c1."cotCod", c0.id, c2.id {"EventId":{"Id":20102,"Name":"Microsoft.EntityFrameworkCore.Database.Command.CommandError"},"SourceContext":"Microsoft.EntityFrameworkCore.Database.Command","ActionId":"b028578c-0b7e-4344-8757-8bdfe1382aea","ActionName":"comara.Controllers.CotizacionesController.Index (comara)","RequestId":"0HNKMVA9K0CHJ:00000035","RequestPath":"/Cotizaciones","ConnectionId":"0HNKMVA9K0CHJ","MachineName":"HPFAB","ThreadId":18}
2026-04-10 09:22:06.503 -03:00 [ERR] An exception occurred while iterating over the results of a query for context type 'comara.Data.ApplicationDbContext'.
Npgsql.PostgresException (0x80004005): 42703: no existe la columna c.listaCod

POSITION: 480
   at Npgsql.Internal.NpgsqlConnector.ReadMessageLong(Boolean async, DataRowLoadingMode dataRowLoadingMode, Boolean readingNotifications, Boolean isReadingPrependedMessage)
   at System.Runtime.CompilerServices.PoolingAsyncValueTaskMethodBuilder`1.StateMachineBox`1.System.Threading.Tasks.Sources.IValueTaskSource<TResult>.GetResult(Int16 token)
   at Npgsql.NpgsqlDataReader.NextResult(Boolean async, Boolean isConsuming, CancellationToken cancellationToken)
   at Npgsql.NpgsqlDataReader.NextResult(Boolean async, Boolean isConsuming, CancellationToken cancellationToken)
   at Npgsql.NpgsqlCommand.ExecuteReader(Boolean async, CommandBehavior behavior, CancellationToken cancellationToken)
   at Npgsql.NpgsqlCommand.ExecuteReader(Boolean async, CommandBehavior behavior, CancellationToken cancellationToken)
   at Npgsql.NpgsqlCommand.ExecuteDbDataReaderAsync(CommandBehavior behavior, CancellationToken cancellationToken)
   at Microsoft.EntityFrameworkCore.Storage.RelationalCommand.ExecuteReaderAsync(RelationalCommandParameterObject parameterObject, CancellationToken cancellationToken)
   at Microsoft.EntityFrameworkCore.Storage.RelationalCommand.ExecuteReaderAsync(RelationalCommandParameterObject parameterObject, CancellationToken cancellationToken)
   at Microsoft.EntityFrameworkCore.Query.Internal.SingleQueryingEnumerable`1.AsyncEnumerator.InitializeReaderAsync(AsyncEnumerator enumerator, CancellationToken cancellationToken)
   at Npgsql.EntityFrameworkCore.PostgreSQL.Storage.Internal.NpgsqlExecutionStrategy.ExecuteAsync[TState,TResult](TState state, Func`4 operation, Func`4 verifySucceeded, CancellationToken cancellationToken)
   at Microsoft.EntityFrameworkCore.Query.Internal.SingleQueryingEnumerable`1.AsyncEnumerator.MoveNextAsync()
  Exception data:
    Severity: ERROR
    SqlState: 42703
    MessageText: no existe la columna c.listaCod
    Position: 480
    File: parse_relation.c
    Line: 3827
    Routine: errorMissingColumn {"EventId":{"Id":10100,"Name":"Microsoft.EntityFrameworkCore.Query.QueryIterationFailed"},"SourceContext":"Microsoft.EntityFrameworkCore.Query","ActionId":"b028578c-0b7e-4344-8757-8bdfe1382aea","ActionName":"comara.Controllers.CotizacionesController.Index (comara)","RequestId":"0HNKMVA9K0CHJ:00000035","RequestPath":"/Cotizaciones","ConnectionId":"0HNKMVA9K0CHJ","MachineName":"HPFAB","ThreadId":18}
Npgsql.PostgresException (0x80004005): 42703: no existe la columna c.listaCod

POSITION: 480
   at Npgsql.Internal.NpgsqlConnector.ReadMessageLong(Boolean async, DataRowLoadingMode dataRowLoadingMode, Boolean readingNotifications, Boolean isReadingPrependedMessage)
   at System.Runtime.CompilerServices.PoolingAsyncValueTaskMethodBuilder`1.StateMachineBox`1.System.Threading.Tasks.Sources.IValueTaskSource<TResult>.GetResult(Int16 token)
   at Npgsql.NpgsqlDataReader.NextResult(Boolean async, Boolean isConsuming, CancellationToken cancellationToken)
   at Npgsql.NpgsqlDataReader.NextResult(Boolean async, Boolean isConsuming, CancellationToken cancellationToken)
   at Npgsql.NpgsqlCommand.ExecuteReader(Boolean async, CommandBehavior behavior, CancellationToken cancellationToken)
   at Npgsql.NpgsqlCommand.ExecuteReader(Boolean async, CommandBehavior behavior, CancellationToken cancellationToken)
   at Npgsql.NpgsqlCommand.ExecuteDbDataReaderAsync(CommandBehavior behavior, CancellationToken cancellationToken)
   at Microsoft.EntityFrameworkCore.Storage.RelationalCommand.ExecuteReaderAsync(RelationalCommandParameterObject parameterObject, CancellationToken cancellationToken)
   at Microsoft.EntityFrameworkCore.Storage.RelationalCommand.ExecuteReaderAsync(RelationalCommandParameterObject parameterObject, CancellationToken cancellationToken)
   at Microsoft.EntityFrameworkCore.Query.Internal.SingleQueryingEnumerable`1.AsyncEnumerator.InitializeReaderAsync(AsyncEnumerator enumerator, CancellationToken cancellationToken)
   at Npgsql.EntityFrameworkCore.PostgreSQL.Storage.Internal.NpgsqlExecutionStrategy.ExecuteAsync[TState,TResult](TState state, Func`4 operation, Func`4 verifySucceeded, CancellationToken cancellationToken)
   at Microsoft.EntityFrameworkCore.Query.Internal.SingleQueryingEnumerable`1.AsyncEnumerator.MoveNextAsync()
  Exception data:
    Severity: ERROR
    SqlState: 42703
    MessageText: no existe la columna c.listaCod
    Position: 480
    File: parse_relation.c
    Line: 3827
    Routine: errorMissingColumn
2026-04-10 09:22:06.647 -03:00 [ERR] Error no manejado en Cotizaciones/Index: 42703: no existe la columna c.listaCod

POSITION: 480 {"SourceContext":"comara.Filters.GlobalExceptionFilter","ActionId":"b028578c-0b7e-4344-8757-8bdfe1382aea","ActionName":"comara.Controllers.CotizacionesController.Index (comara)","RequestId":"0HNKMVA9K0CHJ:00000035","RequestPath":"/Cotizaciones","ConnectionId":"0HNKMVA9K0CHJ","MachineName":"HPFAB","ThreadId":18}
Npgsql.PostgresException (0x80004005): 42703: no existe la columna c.listaCod

POSITION: 480
   at Npgsql.Internal.NpgsqlConnector.ReadMessageLong(Boolean async, DataRowLoadingMode dataRowLoadingMode, Boolean readingNotifications, Boolean isReadingPrependedMessage)
   at System.Runtime.CompilerServices.PoolingAsyncValueTaskMethodBuilder`1.StateMachineBox`1.System.Threading.Tasks.Sources.IValueTaskSource<TResult>.GetResult(Int16 token)
   at Npgsql.NpgsqlDataReader.NextResult(Boolean async, Boolean isConsuming, CancellationToken cancellationToken)
   at Npgsql.NpgsqlDataReader.NextResult(Boolean async, Boolean isConsuming, CancellationToken cancellationToken)
   at Npgsql.NpgsqlCommand.ExecuteReader(Boolean async, CommandBehavior behavior, CancellationToken cancellationToken)
   at Npgsql.NpgsqlCommand.ExecuteReader(Boolean async, CommandBehavior behavior, CancellationToken cancellationToken)
   at Npgsql.NpgsqlCommand.ExecuteDbDataReaderAsync(CommandBehavior behavior, CancellationToken cancellationToken)
   at Microsoft.EntityFrameworkCore.Storage.RelationalCommand.ExecuteReaderAsync(RelationalCommandParameterObject parameterObject, CancellationToken cancellationToken)
   at Microsoft.EntityFrameworkCore.Storage.RelationalCommand.ExecuteReaderAsync(RelationalCommandParameterObject parameterObject, CancellationToken cancellationToken)
   at Microsoft.EntityFrameworkCore.Query.Internal.SingleQueryingEnumerable`1.AsyncEnumerator.InitializeReaderAsync(AsyncEnumerator enumerator, CancellationToken cancellationToken)
   at Npgsql.EntityFrameworkCore.PostgreSQL.Storage.Internal.NpgsqlExecutionStrategy.ExecuteAsync[TState,TResult](TState state, Func`4 operation, Func`4 verifySucceeded, CancellationToken cancellationToken)
   at Microsoft.EntityFrameworkCore.Query.Internal.SingleQueryingEnumerable`1.AsyncEnumerator.MoveNextAsync()
   at Microsoft.EntityFrameworkCore.EntityFrameworkQueryableExtensions.ToListAsync[TSource](IQueryable`1 source, CancellationToken cancellationToken)
   at Microsoft.EntityFrameworkCore.EntityFrameworkQueryableExtensions.ToListAsync[TSource](IQueryable`1 source, CancellationToken cancellationToken)
   at comara.Controllers.CotizacionesController.Index(String searchTerm, Nullable`1 estadoFilter, Int32 page, Int32 pageSize) in C:\Users\jmalo\OneDrive - alumnos.frm.utn.edu.ar\Trabajo\SISTEMA COMARA\comara\Controllers\CotizacionesController.cs:line 59
   at Microsoft.AspNetCore.Mvc.Infrastructure.ActionMethodExecutor.TaskOfIActionResultExecutor.Execute(ActionContext actionContext, IActionResultTypeMapper mapper, ObjectMethodExecutor executor, Object controller, Object[] arguments)
   at Microsoft.AspNetCore.Mvc.Infrastructure.ControllerActionInvoker.<InvokeActionMethodAsync>g__Awaited|12_0(ControllerActionInvoker invoker, ValueTask`1 actionResultValueTask)
   at Microsoft.AspNetCore.Mvc.Infrastructure.ControllerActionInvoker.<InvokeNextActionFilterAsync>g__Awaited|10_0(ControllerActionInvoker invoker, Task lastTask, State next, Scope scope, Object state, Boolean isCompleted)
   at Microsoft.AspNetCore.Mvc.Infrastructure.ControllerActionInvoker.Rethrow(ActionExecutedContextSealed context)
   at Microsoft.AspNetCore.Mvc.Infrastructure.ControllerActionInvoker.Next(State& next, Scope& scope, Object& state, Boolean& isCompleted)
   at Microsoft.AspNetCore.Mvc.Infrastructure.ControllerActionInvoker.<InvokeInnerFilterAsync>g__Awaited|13_0(ControllerActionInvoker invoker, Task lastTask, State next, Scope scope, Object state, Boolean isCompleted)
   at Microsoft.AspNetCore.Mvc.Infrastructure.ResourceInvoker.<InvokeNextExceptionFilterAsync>g__Awaited|26_0(ResourceInvoker invoker, Task lastTask, State next, Scope scope, Object state, Boolean isCompleted)
  Exception data:
    Severity: ERROR
    SqlState: 42703
    MessageText: no existe la columna c.listaCod
    Position: 480
    File: parse_relation.c
    Line: 3827
    Routine: errorMissingColumn
2026-04-10 09:24:14.272 -03:00 [ERR] Failed executing DbCommand (32ms) [Parameters=[@__p_1='?' (DbType = Int32), @__p_0='?' (DbType = Int32)], CommandType='"Text"', CommandTimeout='30']
SELECT c1."cotCod", c1."cliCod", c1."cotEstado", c1."cotEstadoId", c1."cotFech", c1."cotTotal", c1."listaCod", c0.id, c0."cliCondicionIVA", c0."cliDireccion", c0."cliEmail", c0."cliFormaPago", c0."cliNombre", c0."cliNumDoc", c0."cliTelefono", c0."cliTipoDoc", c2.id, c2.color, c2.descripcion, d."detCotCod", d."artCod", d."cotCod", d."detCant", d."detPrecio", d."detSubtotal"
FROM (
    SELECT c."cotCod", c."cliCod", c."cotEstado", c."cotEstadoId", c."cotFech", c."cotTotal", c."listaCod"
    FROM "COTIZACIONES" AS c
    ORDER BY c."cotFech" DESC
    LIMIT @__p_1 OFFSET @__p_0
) AS c1
INNER JOIN "CLIENTES" AS c0 ON c1."cliCod" = c0.id
LEFT JOIN "cotizacionEstados" AS c2 ON c1."cotEstadoId" = c2.id
LEFT JOIN "DETALLE_COTIZACIONES" AS d ON c1."cotCod" = d."cotCod"
ORDER BY c1."cotFech" DESC, c1."cotCod", c0.id, c2.id {"EventId":{"Id":20102,"Name":"Microsoft.EntityFrameworkCore.Database.Command.CommandError"},"SourceContext":"Microsoft.EntityFrameworkCore.Database.Command","ActionId":"1182913f-33d1-44e6-b6a8-6ed1e64c6923","ActionName":"comara.Controllers.CotizacionesController.Index (comara)","RequestId":"0HNKMVFQA0TL8:0000001F","RequestPath":"/Cotizaciones","ConnectionId":"0HNKMVFQA0TL8","MachineName":"HPFAB","ThreadId":8}
2026-04-10 09:24:15.445 -03:00 [ERR] An exception occurred while iterating over the results of a query for context type 'comara.Data.ApplicationDbContext'.
Npgsql.PostgresException (0x80004005): 42703: no existe la columna c.listaCod

POSITION: 480
   at Npgsql.Internal.NpgsqlConnector.ReadMessageLong(Boolean async, DataRowLoadingMode dataRowLoadingMode, Boolean readingNotifications, Boolean isReadingPrependedMessage)
   at System.Runtime.CompilerServices.PoolingAsyncValueTaskMethodBuilder`1.StateMachineBox`1.System.Threading.Tasks.Sources.IValueTaskSource<TResult>.GetResult(Int16 token)
   at Npgsql.NpgsqlDataReader.NextResult(Boolean async, Boolean isConsuming, CancellationToken cancellationToken)
   at Npgsql.NpgsqlDataReader.NextResult(Boolean async, Boolean isConsuming, CancellationToken cancellationToken)
   at Npgsql.NpgsqlCommand.ExecuteReader(Boolean async, CommandBehavior behavior, CancellationToken cancellationToken)
   at Npgsql.NpgsqlCommand.ExecuteReader(Boolean async, CommandBehavior behavior, CancellationToken cancellationToken)
   at Npgsql.NpgsqlCommand.ExecuteDbDataReaderAsync(CommandBehavior behavior, CancellationToken cancellationToken)
   at Microsoft.EntityFrameworkCore.Storage.RelationalCommand.ExecuteReaderAsync(RelationalCommandParameterObject parameterObject, CancellationToken cancellationToken)
   at Microsoft.EntityFrameworkCore.Storage.RelationalCommand.ExecuteReaderAsync(RelationalCommandParameterObject parameterObject, CancellationToken cancellationToken)
   at Microsoft.EntityFrameworkCore.Query.Internal.SingleQueryingEnumerable`1.AsyncEnumerator.InitializeReaderAsync(AsyncEnumerator enumerator, CancellationToken cancellationToken)
   at Npgsql.EntityFrameworkCore.PostgreSQL.Storage.Internal.NpgsqlExecutionStrategy.ExecuteAsync[TState,TResult](TState state, Func`4 operation, Func`4 verifySucceeded, CancellationToken cancellationToken)
   at Microsoft.EntityFrameworkCore.Query.Internal.SingleQueryingEnumerable`1.AsyncEnumerator.MoveNextAsync()
  Exception data:
    Severity: ERROR
    SqlState: 42703
    MessageText: no existe la columna c.listaCod
    Position: 480
    File: parse_relation.c
    Line: 3827
    Routine: errorMissingColumn {"EventId":{"Id":10100,"Name":"Microsoft.EntityFrameworkCore.Query.QueryIterationFailed"},"SourceContext":"Microsoft.EntityFrameworkCore.Query","ActionId":"1182913f-33d1-44e6-b6a8-6ed1e64c6923","ActionName":"comara.Controllers.CotizacionesController.Index (comara)","RequestId":"0HNKMVFQA0TL8:0000001F","RequestPath":"/Cotizaciones","ConnectionId":"0HNKMVFQA0TL8","MachineName":"HPFAB","ThreadId":8}
Npgsql.PostgresException (0x80004005): 42703: no existe la columna c.listaCod

POSITION: 480
   at Npgsql.Internal.NpgsqlConnector.ReadMessageLong(Boolean async, DataRowLoadingMode dataRowLoadingMode, Boolean readingNotifications, Boolean isReadingPrependedMessage)
   at System.Runtime.CompilerServices.PoolingAsyncValueTaskMethodBuilder`1.StateMachineBox`1.System.Threading.Tasks.Sources.IValueTaskSource<TResult>.GetResult(Int16 token)
   at Npgsql.NpgsqlDataReader.NextResult(Boolean async, Boolean isConsuming, CancellationToken cancellationToken)
   at Npgsql.NpgsqlDataReader.NextResult(Boolean async, Boolean isConsuming, CancellationToken cancellationToken)
   at Npgsql.NpgsqlCommand.ExecuteReader(Boolean async, CommandBehavior behavior, CancellationToken cancellationToken)
   at Npgsql.NpgsqlCommand.ExecuteReader(Boolean async, CommandBehavior behavior, CancellationToken cancellationToken)
   at Npgsql.NpgsqlCommand.ExecuteDbDataReaderAsync(CommandBehavior behavior, CancellationToken cancellationToken)
   at Microsoft.EntityFrameworkCore.Storage.RelationalCommand.ExecuteReaderAsync(RelationalCommandParameterObject parameterObject, CancellationToken cancellationToken)
   at Microsoft.EntityFrameworkCore.Storage.RelationalCommand.ExecuteReaderAsync(RelationalCommandParameterObject parameterObject, CancellationToken cancellationToken)
   at Microsoft.EntityFrameworkCore.Query.Internal.SingleQueryingEnumerable`1.AsyncEnumerator.InitializeReaderAsync(AsyncEnumerator enumerator, CancellationToken cancellationToken)
   at Npgsql.EntityFrameworkCore.PostgreSQL.Storage.Internal.NpgsqlExecutionStrategy.ExecuteAsync[TState,TResult](TState state, Func`4 operation, Func`4 verifySucceeded, CancellationToken cancellationToken)
   at Microsoft.EntityFrameworkCore.Query.Internal.SingleQueryingEnumerable`1.AsyncEnumerator.MoveNextAsync()
  Exception data:
    Severity: ERROR
    SqlState: 42703
    MessageText: no existe la columna c.listaCod
    Position: 480
    File: parse_relation.c
    Line: 3827
    Routine: errorMissingColumn
2026-04-10 09:24:15.736 -03:00 [ERR] Error no manejado en Cotizaciones/Index: 42703: no existe la columna c.listaCod

POSITION: 480 {"SourceContext":"comara.Filters.GlobalExceptionFilter","ActionId":"1182913f-33d1-44e6-b6a8-6ed1e64c6923","ActionName":"comara.Controllers.CotizacionesController.Index (comara)","RequestId":"0HNKMVFQA0TL8:0000001F","RequestPath":"/Cotizaciones","ConnectionId":"0HNKMVFQA0TL8","MachineName":"HPFAB","ThreadId":8}
Npgsql.PostgresException (0x80004005): 42703: no existe la columna c.listaCod

POSITION: 480
   at Npgsql.Internal.NpgsqlConnector.ReadMessageLong(Boolean async, DataRowLoadingMode dataRowLoadingMode, Boolean readingNotifications, Boolean isReadingPrependedMessage)
   at System.Runtime.CompilerServices.PoolingAsyncValueTaskMethodBuilder`1.StateMachineBox`1.System.Threading.Tasks.Sources.IValueTaskSource<TResult>.GetResult(Int16 token)
   at Npgsql.NpgsqlDataReader.NextResult(Boolean async, Boolean isConsuming, CancellationToken cancellationToken)
   at Npgsql.NpgsqlDataReader.NextResult(Boolean async, Boolean isConsuming, CancellationToken cancellationToken)
   at Npgsql.NpgsqlCommand.ExecuteReader(Boolean async, CommandBehavior behavior, CancellationToken cancellationToken)
   at Npgsql.NpgsqlCommand.ExecuteReader(Boolean async, CommandBehavior behavior, CancellationToken cancellationToken)
   at Npgsql.NpgsqlCommand.ExecuteDbDataReaderAsync(CommandBehavior behavior, CancellationToken cancellationToken)
   at Microsoft.EntityFrameworkCore.Storage.RelationalCommand.ExecuteReaderAsync(RelationalCommandParameterObject parameterObject, CancellationToken cancellationToken)
   at Microsoft.EntityFrameworkCore.Storage.RelationalCommand.ExecuteReaderAsync(RelationalCommandParameterObject parameterObject, CancellationToken cancellationToken)
   at Microsoft.EntityFrameworkCore.Query.Internal.SingleQueryingEnumerable`1.AsyncEnumerator.InitializeReaderAsync(AsyncEnumerator enumerator, CancellationToken cancellationToken)
   at Npgsql.EntityFrameworkCore.PostgreSQL.Storage.Internal.NpgsqlExecutionStrategy.ExecuteAsync[TState,TResult](TState state, Func`4 operation, Func`4 verifySucceeded, CancellationToken cancellationToken)
   at Microsoft.EntityFrameworkCore.Query.Internal.SingleQueryingEnumerable`1.AsyncEnumerator.MoveNextAsync()
   at Microsoft.EntityFrameworkCore.EntityFrameworkQueryableExtensions.ToListAsync[TSource](IQueryable`1 source, CancellationToken cancellationToken)
   at Microsoft.EntityFrameworkCore.EntityFrameworkQueryableExtensions.ToListAsync[TSource](IQueryable`1 source, CancellationToken cancellationToken)
   at comara.Controllers.CotizacionesController.Index(String searchTerm, Nullable`1 estadoFilter, Int32 page, Int32 pageSize) in C:\Users\jmalo\OneDrive - alumnos.frm.utn.edu.ar\Trabajo\SISTEMA COMARA\comara\Controllers\CotizacionesController.cs:line 59
   at Microsoft.AspNetCore.Mvc.Infrastructure.ActionMethodExecutor.TaskOfIActionResultExecutor.Execute(ActionContext actionContext, IActionResultTypeMapper mapper, ObjectMethodExecutor executor, Object controller, Object[] arguments)
   at Microsoft.AspNetCore.Mvc.Infrastructure.ControllerActionInvoker.<InvokeActionMethodAsync>g__Awaited|12_0(ControllerActionInvoker invoker, ValueTask`1 actionResultValueTask)
   at Microsoft.AspNetCore.Mvc.Infrastructure.ControllerActionInvoker.<InvokeNextActionFilterAsync>g__Awaited|10_0(ControllerActionInvoker invoker, Task lastTask, State next, Scope scope, Object state, Boolean isCompleted)
   at Microsoft.AspNetCore.Mvc.Infrastructure.ControllerActionInvoker.Rethrow(ActionExecutedContextSealed context)
   at Microsoft.AspNetCore.Mvc.Infrastructure.ControllerActionInvoker.Next(State& next, Scope& scope, Object& state, Boolean& isCompleted)
   at Microsoft.AspNetCore.Mvc.Infrastructure.ControllerActionInvoker.<InvokeInnerFilterAsync>g__Awaited|13_0(ControllerActionInvoker invoker, Task lastTask, State next, Scope scope, Object state, Boolean isCompleted)
   at Microsoft.AspNetCore.Mvc.Infrastructure.ResourceInvoker.<InvokeNextExceptionFilterAsync>g__Awaited|26_0(ResourceInvoker invoker, Task lastTask, State next, Scope scope, Object state, Boolean isCompleted)
  Exception data:
    Severity: ERROR
    SqlState: 42703
    MessageText: no existe la columna c.listaCod
    Position: 480
    File: parse_relation.c
    Line: 3827
    Routine: errorMissingColumn
2026-04-10 09:25:11.253 -03:00 [ERR] Failed executing DbCommand (13ms) [Parameters=[@__p_1='?' (DbType = Int32), @__p_0='?' (DbType = Int32)], CommandType='"Text"', CommandTimeout='30']
SELECT c1."cotCod", c1."cliCod", c1."cotEstado", c1."cotEstadoId", c1."cotFech", c1."cotTotal", c1."listaCod", c0.id, c0."cliCondicionIVA", c0."cliDireccion", c0."cliEmail", c0."cliFormaPago", c0."cliNombre", c0."cliNumDoc", c0."cliTelefono", c0."cliTipoDoc", c2.id, c2.color, c2.descripcion, d."detCotCod", d."artCod", d."cotCod", d."detCant", d."detPrecio", d."detSubtotal"
FROM (
    SELECT c."cotCod", c."cliCod", c."cotEstado", c."cotEstadoId", c."cotFech", c."cotTotal", c."listaCod"
    FROM "COTIZACIONES" AS c
    ORDER BY c."cotFech" DESC
    LIMIT @__p_1 OFFSET @__p_0
) AS c1
INNER JOIN "CLIENTES" AS c0 ON c1."cliCod" = c0.id
LEFT JOIN "cotizacionEstados" AS c2 ON c1."cotEstadoId" = c2.id
LEFT JOIN "DETALLE_COTIZACIONES" AS d ON c1."cotCod" = d."cotCod"
ORDER BY c1."cotFech" DESC, c1."cotCod", c0.id, c2.id {"EventId":{"Id":20102,"Name":"Microsoft.EntityFrameworkCore.Database.Command.CommandError"},"SourceContext":"Microsoft.EntityFrameworkCore.Database.Command","ActionId":"1182913f-33d1-44e6-b6a8-6ed1e64c6923","ActionName":"comara.Controllers.CotizacionesController.Index (comara)","RequestId":"0HNKMVFQA0TL8:00000033","RequestPath":"/Cotizaciones","ConnectionId":"0HNKMVFQA0TL8","MachineName":"HPFAB","ThreadId":22}
2026-04-10 09:25:11.301 -03:00 [ERR] An exception occurred while iterating over the results of a query for context type 'comara.Data.ApplicationDbContext'.
Npgsql.PostgresException (0x80004005): 42703: no existe la columna c.listaCod

POSITION: 480
   at Npgsql.Internal.NpgsqlConnector.ReadMessageLong(Boolean async, DataRowLoadingMode dataRowLoadingMode, Boolean readingNotifications, Boolean isReadingPrependedMessage)
   at System.Runtime.CompilerServices.PoolingAsyncValueTaskMethodBuilder`1.StateMachineBox`1.System.Threading.Tasks.Sources.IValueTaskSource<TResult>.GetResult(Int16 token)
   at Npgsql.NpgsqlDataReader.NextResult(Boolean async, Boolean isConsuming, CancellationToken cancellationToken)
   at Npgsql.NpgsqlDataReader.NextResult(Boolean async, Boolean isConsuming, CancellationToken cancellationToken)
   at Npgsql.NpgsqlCommand.ExecuteReader(Boolean async, CommandBehavior behavior, CancellationToken cancellationToken)
   at Npgsql.NpgsqlCommand.ExecuteReader(Boolean async, CommandBehavior behavior, CancellationToken cancellationToken)
   at Npgsql.NpgsqlCommand.ExecuteDbDataReaderAsync(CommandBehavior behavior, CancellationToken cancellationToken)
   at Microsoft.EntityFrameworkCore.Storage.RelationalCommand.ExecuteReaderAsync(RelationalCommandParameterObject parameterObject, CancellationToken cancellationToken)
   at Microsoft.EntityFrameworkCore.Storage.RelationalCommand.ExecuteReaderAsync(RelationalCommandParameterObject parameterObject, CancellationToken cancellationToken)
   at Microsoft.EntityFrameworkCore.Query.Internal.SingleQueryingEnumerable`1.AsyncEnumerator.InitializeReaderAsync(AsyncEnumerator enumerator, CancellationToken cancellationToken)
   at Npgsql.EntityFrameworkCore.PostgreSQL.Storage.Internal.NpgsqlExecutionStrategy.ExecuteAsync[TState,TResult](TState state, Func`4 operation, Func`4 verifySucceeded, CancellationToken cancellationToken)
   at Microsoft.EntityFrameworkCore.Query.Internal.SingleQueryingEnumerable`1.AsyncEnumerator.MoveNextAsync()
  Exception data:
    Severity: ERROR
    SqlState: 42703
    MessageText: no existe la columna c.listaCod
    Position: 480
    File: parse_relation.c
    Line: 3827
    Routine: errorMissingColumn {"EventId":{"Id":10100,"Name":"Microsoft.EntityFrameworkCore.Query.QueryIterationFailed"},"SourceContext":"Microsoft.EntityFrameworkCore.Query","ActionId":"1182913f-33d1-44e6-b6a8-6ed1e64c6923","ActionName":"comara.Controllers.CotizacionesController.Index (comara)","RequestId":"0HNKMVFQA0TL8:00000033","RequestPath":"/Cotizaciones","ConnectionId":"0HNKMVFQA0TL8","MachineName":"HPFAB","ThreadId":22}
Npgsql.PostgresException (0x80004005): 42703: no existe la columna c.listaCod

POSITION: 480
   at Npgsql.Internal.NpgsqlConnector.ReadMessageLong(Boolean async, DataRowLoadingMode dataRowLoadingMode, Boolean readingNotifications, Boolean isReadingPrependedMessage)
   at System.Runtime.CompilerServices.PoolingAsyncValueTaskMethodBuilder`1.StateMachineBox`1.System.Threading.Tasks.Sources.IValueTaskSource<TResult>.GetResult(Int16 token)
   at Npgsql.NpgsqlDataReader.NextResult(Boolean async, Boolean isConsuming, CancellationToken cancellationToken)
   at Npgsql.NpgsqlDataReader.NextResult(Boolean async, Boolean isConsuming, CancellationToken cancellationToken)
   at Npgsql.NpgsqlCommand.ExecuteReader(Boolean async, CommandBehavior behavior, CancellationToken cancellationToken)
   at Npgsql.NpgsqlCommand.ExecuteReader(Boolean async, CommandBehavior behavior, CancellationToken cancellationToken)
   at Npgsql.NpgsqlCommand.ExecuteDbDataReaderAsync(CommandBehavior behavior, CancellationToken cancellationToken)
   at Microsoft.EntityFrameworkCore.Storage.RelationalCommand.ExecuteReaderAsync(RelationalCommandParameterObject parameterObject, CancellationToken cancellationToken)
   at Microsoft.EntityFrameworkCore.Storage.RelationalCommand.ExecuteReaderAsync(RelationalCommandParameterObject parameterObject, CancellationToken cancellationToken)
   at Microsoft.EntityFrameworkCore.Query.Internal.SingleQueryingEnumerable`1.AsyncEnumerator.InitializeReaderAsync(AsyncEnumerator enumerator, CancellationToken cancellationToken)
   at Npgsql.EntityFrameworkCore.PostgreSQL.Storage.Internal.NpgsqlExecutionStrategy.ExecuteAsync[TState,TResult](TState state, Func`4 operation, Func`4 verifySucceeded, CancellationToken cancellationToken)
   at Microsoft.EntityFrameworkCore.Query.Internal.SingleQueryingEnumerable`1.AsyncEnumerator.MoveNextAsync()
  Exception data:
    Severity: ERROR
    SqlState: 42703
    MessageText: no existe la columna c.listaCod
    Position: 480
    File: parse_relation.c
    Line: 3827
    Routine: errorMissingColumn
2026-04-10 09:25:11.494 -03:00 [ERR] Error no manejado en Cotizaciones/Index: 42703: no existe la columna c.listaCod

POSITION: 480 {"SourceContext":"comara.Filters.GlobalExceptionFilter","ActionId":"1182913f-33d1-44e6-b6a8-6ed1e64c6923","ActionName":"comara.Controllers.CotizacionesController.Index (comara)","RequestId":"0HNKMVFQA0TL8:00000033","RequestPath":"/Cotizaciones","ConnectionId":"0HNKMVFQA0TL8","MachineName":"HPFAB","ThreadId":22}
Npgsql.PostgresException (0x80004005): 42703: no existe la columna c.listaCod

POSITION: 480
   at Npgsql.Internal.NpgsqlConnector.ReadMessageLong(Boolean async, DataRowLoadingMode dataRowLoadingMode, Boolean readingNotifications, Boolean isReadingPrependedMessage)
   at System.Runtime.CompilerServices.PoolingAsyncValueTaskMethodBuilder`1.StateMachineBox`1.System.Threading.Tasks.Sources.IValueTaskSource<TResult>.GetResult(Int16 token)
   at Npgsql.NpgsqlDataReader.NextResult(Boolean async, Boolean isConsuming, CancellationToken cancellationToken)
   at Npgsql.NpgsqlDataReader.NextResult(Boolean async, Boolean isConsuming, CancellationToken cancellationToken)
   at Npgsql.NpgsqlCommand.ExecuteReader(Boolean async, CommandBehavior behavior, CancellationToken cancellationToken)
   at Npgsql.NpgsqlCommand.ExecuteReader(Boolean async, CommandBehavior behavior, CancellationToken cancellationToken)
   at Npgsql.NpgsqlCommand.ExecuteDbDataReaderAsync(CommandBehavior behavior, CancellationToken cancellationToken)
   at Microsoft.EntityFrameworkCore.Storage.RelationalCommand.ExecuteReaderAsync(RelationalCommandParameterObject parameterObject, CancellationToken cancellationToken)
   at Microsoft.EntityFrameworkCore.Storage.RelationalCommand.ExecuteReaderAsync(RelationalCommandParameterObject parameterObject, CancellationToken cancellationToken)
   at Microsoft.EntityFrameworkCore.Query.Internal.SingleQueryingEnumerable`1.AsyncEnumerator.InitializeReaderAsync(AsyncEnumerator enumerator, CancellationToken cancellationToken)
   at Npgsql.EntityFrameworkCore.PostgreSQL.Storage.Internal.NpgsqlExecutionStrategy.ExecuteAsync[TState,TResult](TState state, Func`4 operation, Func`4 verifySucceeded, CancellationToken cancellationToken)
   at Microsoft.EntityFrameworkCore.Query.Internal.SingleQueryingEnumerable`1.AsyncEnumerator.MoveNextAsync()
   at Microsoft.EntityFrameworkCore.EntityFrameworkQueryableExtensions.ToListAsync[TSource](IQueryable`1 source, CancellationToken cancellationToken)
   at Microsoft.EntityFrameworkCore.EntityFrameworkQueryableExtensions.ToListAsync[TSource](IQueryable`1 source, CancellationToken cancellationToken)
   at comara.Controllers.CotizacionesController.Index(String searchTerm, Nullable`1 estadoFilter, Int32 page, Int32 pageSize) in C:\Users\jmalo\OneDrive - alumnos.frm.utn.edu.ar\Trabajo\SISTEMA COMARA\comara\Controllers\CotizacionesController.cs:line 59
   at Microsoft.AspNetCore.Mvc.Infrastructure.ActionMethodExecutor.TaskOfIActionResultExecutor.Execute(ActionContext actionContext, IActionResultTypeMapper mapper, ObjectMethodExecutor executor, Object controller, Object[] arguments)
   at Microsoft.AspNetCore.Mvc.Infrastructure.ControllerActionInvoker.<InvokeActionMethodAsync>g__Awaited|12_0(ControllerActionInvoker invoker, ValueTask`1 actionResultValueTask)
   at Microsoft.AspNetCore.Mvc.Infrastructure.ControllerActionInvoker.<InvokeNextActionFilterAsync>g__Awaited|10_0(ControllerActionInvoker invoker, Task lastTask, State next, Scope scope, Object state, Boolean isCompleted)
   at Microsoft.AspNetCore.Mvc.Infrastructure.ControllerActionInvoker.Rethrow(ActionExecutedContextSealed context)
   at Microsoft.AspNetCore.Mvc.Infrastructure.ControllerActionInvoker.Next(State& next, Scope& scope, Object& state, Boolean& isCompleted)
   at Microsoft.AspNetCore.Mvc.Infrastructure.ControllerActionInvoker.<InvokeInnerFilterAsync>g__Awaited|13_0(ControllerActionInvoker invoker, Task lastTask, State next, Scope scope, Object state, Boolean isCompleted)
   at Microsoft.AspNetCore.Mvc.Infrastructure.ResourceInvoker.<InvokeNextExceptionFilterAsync>g__Awaited|26_0(ResourceInvoker invoker, Task lastTask, State next, Scope scope, Object state, Boolean isCompleted)
  Exception data:
    Severity: ERROR
    SqlState: 42703
    MessageText: no existe la columna c.listaCod
    Position: 480
    File: parse_relation.c
    Line: 3827
    Routine: errorMissingColumn
