2026-03-03 19:07:52.932 +01:00 [ERR] An exception occurred while iterating over the results of a query for context type 'comara.Data.ApplicationDbContext'.
System.OverflowException: Numeric value does not fit in a System.Decimal
   at Npgsql.Internal.Converters.PgNumeric.Builder.ToDecimal(Int16 scale, Int16 weight, UInt16 sign, Span`1 digits)
   at Npgsql.Internal.Converters.PgNumeric.Builder.ToDecimal()
   at Npgsql.Internal.Converters.DecimalNumericConverter`1.ConvertTo(Builder& numeric)
   at Npgsql.Internal.Converters.DecimalNumericConverter`1.ReadCore(PgReader reader)
   at Npgsql.Internal.PgBufferedConverter`1.Read(PgReader reader)
   at Npgsql.NpgsqlDataReader.GetFieldValueCore[T](Int32 ordinal)
   at Npgsql.NpgsqlDataReader.GetDecimal(Int32 ordinal)
   at lambda_method95(Closure, QueryContext, DbDataReader, ResultContext, SingleQueryResultCoordinator)
   at Microsoft.EntityFrameworkCore.Query.Internal.SingleQueryingEnumerable`1.AsyncEnumerator.MoveNextAsync() {"EventId":{"Id":10100,"Name":"Microsoft.EntityFrameworkCore.Query.QueryIterationFailed"},"SourceContext":"Microsoft.EntityFrameworkCore.Query","ActionId":"fdf259f3-18c6-4614-95e9-c3ae8a91176e","ActionName":"comara.Controllers.ReportesController.ReporteStock (comara)","RequestId":"0HNJP9ROKG5G8:0000000D","RequestPath":"/Reportes/ReporteStock","ConnectionId":"0HNJP9ROKG5G8","MachineName":"HPFAB","ThreadId":20}
System.OverflowException: Numeric value does not fit in a System.Decimal
   at Npgsql.Internal.Converters.PgNumeric.Builder.ToDecimal(Int16 scale, Int16 weight, UInt16 sign, Span`1 digits)
   at Npgsql.Internal.Converters.PgNumeric.Builder.ToDecimal()
   at Npgsql.Internal.Converters.DecimalNumericConverter`1.ConvertTo(Builder& numeric)
   at Npgsql.Internal.Converters.DecimalNumericConverter`1.ReadCore(PgReader reader)
   at Npgsql.Internal.PgBufferedConverter`1.Read(PgReader reader)
   at Npgsql.NpgsqlDataReader.GetFieldValueCore[T](Int32 ordinal)
   at Npgsql.NpgsqlDataReader.GetDecimal(Int32 ordinal)
   at lambda_method95(Closure, QueryContext, DbDataReader, ResultContext, SingleQueryResultCoordinator)
   at Microsoft.EntityFrameworkCore.Query.Internal.SingleQueryingEnumerable`1.AsyncEnumerator.MoveNextAsync()
2026-03-03 19:07:53.117 +01:00 [ERR] Error no manejado en Reportes/ReporteStock: Numeric value does not fit in a System.Decimal {"SourceContext":"comara.Filters.GlobalExceptionFilter","ActionId":"fdf259f3-18c6-4614-95e9-c3ae8a91176e","ActionName":"comara.Controllers.ReportesController.ReporteStock (comara)","RequestId":"0HNJP9ROKG5G8:0000000D","RequestPath":"/Reportes/ReporteStock","ConnectionId":"0HNJP9ROKG5G8","MachineName":"HPFAB","ThreadId":20}
System.OverflowException: Numeric value does not fit in a System.Decimal
   at Npgsql.Internal.Converters.PgNumeric.Builder.ToDecimal(Int16 scale, Int16 weight, UInt16 sign, Span`1 digits)
   at Npgsql.Internal.Converters.PgNumeric.Builder.ToDecimal()
   at Npgsql.Internal.Converters.DecimalNumericConverter`1.ConvertTo(Builder& numeric)
   at Npgsql.Internal.Converters.DecimalNumericConverter`1.ReadCore(PgReader reader)
   at Npgsql.Internal.PgBufferedConverter`1.Read(PgReader reader)
   at Npgsql.NpgsqlDataReader.GetFieldValueCore[T](Int32 ordinal)
   at Npgsql.NpgsqlDataReader.GetDecimal(Int32 ordinal)
   at lambda_method95(Closure, QueryContext, DbDataReader, ResultContext, SingleQueryResultCoordinator)
   at Microsoft.EntityFrameworkCore.Query.Internal.SingleQueryingEnumerable`1.AsyncEnumerator.MoveNextAsync()
   at Microsoft.EntityFrameworkCore.EntityFrameworkQueryableExtensions.ToListAsync[TSource](IQueryable`1 source, CancellationToken cancellationToken)
   at Microsoft.EntityFrameworkCore.EntityFrameworkQueryableExtensions.ToListAsync[TSource](IQueryable`1 source, CancellationToken cancellationToken)
   at comara.Controllers.ReportesController.ReporteStock(Nullable`1 marcaId, Nullable`1 proveedorId, Nullable`1 soloStockCritico, String busqueda, Int32 pagina) in C:\Users\jmalo\OneDrive - alumnos.frm.utn.edu.ar\Trabajo\SISTEMA COMARA\comara\Controllers\ReportesController.cs:line 273
   at Microsoft.AspNetCore.Mvc.Infrastructure.ActionMethodExecutor.TaskOfIActionResultExecutor.Execute(ActionContext actionContext, IActionResultTypeMapper mapper, ObjectMethodExecutor executor, Object controller, Object[] arguments)
   at Microsoft.AspNetCore.Mvc.Infrastructure.ControllerActionInvoker.<InvokeActionMethodAsync>g__Awaited|12_0(ControllerActionInvoker invoker, ValueTask`1 actionResultValueTask)
   at Microsoft.AspNetCore.Mvc.Infrastructure.ControllerActionInvoker.<InvokeNextActionFilterAsync>g__Awaited|10_0(ControllerActionInvoker invoker, Task lastTask, State next, Scope scope, Object state, Boolean isCompleted)
   at Microsoft.AspNetCore.Mvc.Infrastructure.ControllerActionInvoker.Rethrow(ActionExecutedContextSealed context)
   at Microsoft.AspNetCore.Mvc.Infrastructure.ControllerActionInvoker.Next(State& next, Scope& scope, Object& state, Boolean& isCompleted)
   at Microsoft.AspNetCore.Mvc.Infrastructure.ControllerActionInvoker.<InvokeInnerFilterAsync>g__Awaited|13_0(ControllerActionInvoker invoker, Task lastTask, State next, Scope scope, Object state, Boolean isCompleted)
   at Microsoft.AspNetCore.Mvc.Infrastructure.ResourceInvoker.<InvokeNextExceptionFilterAsync>g__Awaited|26_0(ResourceInvoker invoker, Task lastTask, State next, Scope scope, Object state, Boolean isCompleted)
2026-03-03 19:08:03.855 +01:00 [ERR] An exception occurred while iterating over the results of a query for context type 'comara.Data.ApplicationDbContext'.
System.OverflowException: Numeric value does not fit in a System.Decimal
   at Npgsql.Internal.Converters.PgNumeric.Builder.ToDecimal(Int16 scale, Int16 weight, UInt16 sign, Span`1 digits)
   at Npgsql.Internal.Converters.PgNumeric.Builder.ToDecimal()
   at Npgsql.Internal.Converters.DecimalNumericConverter`1.ConvertTo(Builder& numeric)
   at Npgsql.Internal.Converters.DecimalNumericConverter`1.ReadCore(PgReader reader)
   at Npgsql.Internal.PgBufferedConverter`1.Read(PgReader reader)
   at Npgsql.NpgsqlDataReader.GetFieldValueCore[T](Int32 ordinal)
   at Npgsql.NpgsqlDataReader.GetDecimal(Int32 ordinal)
   at lambda_method95(Closure, QueryContext, DbDataReader, ResultContext, SingleQueryResultCoordinator)
   at Microsoft.EntityFrameworkCore.Query.Internal.SingleQueryingEnumerable`1.AsyncEnumerator.MoveNextAsync() {"EventId":{"Id":10100,"Name":"Microsoft.EntityFrameworkCore.Query.QueryIterationFailed"},"SourceContext":"Microsoft.EntityFrameworkCore.Query","ActionId":"fdf259f3-18c6-4614-95e9-c3ae8a91176e","ActionName":"comara.Controllers.ReportesController.ReporteStock (comara)","RequestId":"0HNJP9ROKG5G8:0000001F","RequestPath":"/Reportes/ReporteStock","ConnectionId":"0HNJP9ROKG5G8","MachineName":"HPFAB","ThreadId":17}
System.OverflowException: Numeric value does not fit in a System.Decimal
   at Npgsql.Internal.Converters.PgNumeric.Builder.ToDecimal(Int16 scale, Int16 weight, UInt16 sign, Span`1 digits)
   at Npgsql.Internal.Converters.PgNumeric.Builder.ToDecimal()
   at Npgsql.Internal.Converters.DecimalNumericConverter`1.ConvertTo(Builder& numeric)
   at Npgsql.Internal.Converters.DecimalNumericConverter`1.ReadCore(PgReader reader)
   at Npgsql.Internal.PgBufferedConverter`1.Read(PgReader reader)
   at Npgsql.NpgsqlDataReader.GetFieldValueCore[T](Int32 ordinal)
   at Npgsql.NpgsqlDataReader.GetDecimal(Int32 ordinal)
   at lambda_method95(Closure, QueryContext, DbDataReader, ResultContext, SingleQueryResultCoordinator)
   at Microsoft.EntityFrameworkCore.Query.Internal.SingleQueryingEnumerable`1.AsyncEnumerator.MoveNextAsync()
2026-03-03 19:08:03.902 +01:00 [ERR] Error no manejado en Reportes/ReporteStock: Numeric value does not fit in a System.Decimal {"SourceContext":"comara.Filters.GlobalExceptionFilter","ActionId":"fdf259f3-18c6-4614-95e9-c3ae8a91176e","ActionName":"comara.Controllers.ReportesController.ReporteStock (comara)","RequestId":"0HNJP9ROKG5G8:0000001F","RequestPath":"/Reportes/ReporteStock","ConnectionId":"0HNJP9ROKG5G8","MachineName":"HPFAB","ThreadId":17}
System.OverflowException: Numeric value does not fit in a System.Decimal
   at Npgsql.Internal.Converters.PgNumeric.Builder.ToDecimal(Int16 scale, Int16 weight, UInt16 sign, Span`1 digits)
   at Npgsql.Internal.Converters.PgNumeric.Builder.ToDecimal()
   at Npgsql.Internal.Converters.DecimalNumericConverter`1.ConvertTo(Builder& numeric)
   at Npgsql.Internal.Converters.DecimalNumericConverter`1.ReadCore(PgReader reader)
   at Npgsql.Internal.PgBufferedConverter`1.Read(PgReader reader)
   at Npgsql.NpgsqlDataReader.GetFieldValueCore[T](Int32 ordinal)
   at Npgsql.NpgsqlDataReader.GetDecimal(Int32 ordinal)
   at lambda_method95(Closure, QueryContext, DbDataReader, ResultContext, SingleQueryResultCoordinator)
   at Microsoft.EntityFrameworkCore.Query.Internal.SingleQueryingEnumerable`1.AsyncEnumerator.MoveNextAsync()
   at Microsoft.EntityFrameworkCore.EntityFrameworkQueryableExtensions.ToListAsync[TSource](IQueryable`1 source, CancellationToken cancellationToken)
   at Microsoft.EntityFrameworkCore.EntityFrameworkQueryableExtensions.ToListAsync[TSource](IQueryable`1 source, CancellationToken cancellationToken)
   at comara.Controllers.ReportesController.ReporteStock(Nullable`1 marcaId, Nullable`1 proveedorId, Nullable`1 soloStockCritico, String busqueda, Int32 pagina) in C:\Users\jmalo\OneDrive - alumnos.frm.utn.edu.ar\Trabajo\SISTEMA COMARA\comara\Controllers\ReportesController.cs:line 273
   at Microsoft.AspNetCore.Mvc.Infrastructure.ActionMethodExecutor.TaskOfIActionResultExecutor.Execute(ActionContext actionContext, IActionResultTypeMapper mapper, ObjectMethodExecutor executor, Object controller, Object[] arguments)
   at Microsoft.AspNetCore.Mvc.Infrastructure.ControllerActionInvoker.<InvokeActionMethodAsync>g__Awaited|12_0(ControllerActionInvoker invoker, ValueTask`1 actionResultValueTask)
   at Microsoft.AspNetCore.Mvc.Infrastructure.ControllerActionInvoker.<InvokeNextActionFilterAsync>g__Awaited|10_0(ControllerActionInvoker invoker, Task lastTask, State next, Scope scope, Object state, Boolean isCompleted)
   at Microsoft.AspNetCore.Mvc.Infrastructure.ControllerActionInvoker.Rethrow(ActionExecutedContextSealed context)
   at Microsoft.AspNetCore.Mvc.Infrastructure.ControllerActionInvoker.Next(State& next, Scope& scope, Object& state, Boolean& isCompleted)
   at Microsoft.AspNetCore.Mvc.Infrastructure.ControllerActionInvoker.<InvokeInnerFilterAsync>g__Awaited|13_0(ControllerActionInvoker invoker, Task lastTask, State next, Scope scope, Object state, Boolean isCompleted)
   at Microsoft.AspNetCore.Mvc.Infrastructure.ResourceInvoker.<InvokeNextExceptionFilterAsync>g__Awaited|26_0(ResourceInvoker invoker, Task lastTask, State next, Scope scope, Object state, Boolean isCompleted)
2026-03-03 19:08:18.822 +01:00 [ERR] An exception occurred while iterating over the results of a query for context type 'comara.Data.ApplicationDbContext'.
System.OverflowException: Numeric value does not fit in a System.Decimal
   at Npgsql.Internal.Converters.PgNumeric.Builder.ToDecimal(Int16 scale, Int16 weight, UInt16 sign, Span`1 digits)
   at Npgsql.Internal.Converters.PgNumeric.Builder.ToDecimal()
   at Npgsql.Internal.Converters.DecimalNumericConverter`1.ConvertTo(Builder& numeric)
   at Npgsql.Internal.Converters.DecimalNumericConverter`1.ReadCore(PgReader reader)
   at Npgsql.Internal.PgBufferedConverter`1.Read(PgReader reader)
   at Npgsql.NpgsqlDataReader.GetFieldValueCore[T](Int32 ordinal)
   at Npgsql.NpgsqlDataReader.GetDecimal(Int32 ordinal)
   at lambda_method95(Closure, QueryContext, DbDataReader, ResultContext, SingleQueryResultCoordinator)
   at Microsoft.EntityFrameworkCore.Query.Internal.SingleQueryingEnumerable`1.AsyncEnumerator.MoveNextAsync() {"EventId":{"Id":10100,"Name":"Microsoft.EntityFrameworkCore.Query.QueryIterationFailed"},"SourceContext":"Microsoft.EntityFrameworkCore.Query","ActionId":"fdf259f3-18c6-4614-95e9-c3ae8a91176e","ActionName":"comara.Controllers.ReportesController.ReporteStock (comara)","RequestId":"0HNJP9ROKG5G8:00000027","RequestPath":"/Reportes/ReporteStock","ConnectionId":"0HNJP9ROKG5G8","MachineName":"HPFAB","ThreadId":17}
System.OverflowException: Numeric value does not fit in a System.Decimal
   at Npgsql.Internal.Converters.PgNumeric.Builder.ToDecimal(Int16 scale, Int16 weight, UInt16 sign, Span`1 digits)
   at Npgsql.Internal.Converters.PgNumeric.Builder.ToDecimal()
   at Npgsql.Internal.Converters.DecimalNumericConverter`1.ConvertTo(Builder& numeric)
   at Npgsql.Internal.Converters.DecimalNumericConverter`1.ReadCore(PgReader reader)
   at Npgsql.Internal.PgBufferedConverter`1.Read(PgReader reader)
   at Npgsql.NpgsqlDataReader.GetFieldValueCore[T](Int32 ordinal)
   at Npgsql.NpgsqlDataReader.GetDecimal(Int32 ordinal)
   at lambda_method95(Closure, QueryContext, DbDataReader, ResultContext, SingleQueryResultCoordinator)
   at Microsoft.EntityFrameworkCore.Query.Internal.SingleQueryingEnumerable`1.AsyncEnumerator.MoveNextAsync()
2026-03-03 19:08:18.868 +01:00 [ERR] Error no manejado en Reportes/ReporteStock: Numeric value does not fit in a System.Decimal {"SourceContext":"comara.Filters.GlobalExceptionFilter","ActionId":"fdf259f3-18c6-4614-95e9-c3ae8a91176e","ActionName":"comara.Controllers.ReportesController.ReporteStock (comara)","RequestId":"0HNJP9ROKG5G8:00000027","RequestPath":"/Reportes/ReporteStock","ConnectionId":"0HNJP9ROKG5G8","MachineName":"HPFAB","ThreadId":17}
System.OverflowException: Numeric value does not fit in a System.Decimal
   at Npgsql.Internal.Converters.PgNumeric.Builder.ToDecimal(Int16 scale, Int16 weight, UInt16 sign, Span`1 digits)
   at Npgsql.Internal.Converters.PgNumeric.Builder.ToDecimal()
   at Npgsql.Internal.Converters.DecimalNumericConverter`1.ConvertTo(Builder& numeric)
   at Npgsql.Internal.Converters.DecimalNumericConverter`1.ReadCore(PgReader reader)
   at Npgsql.Internal.PgBufferedConverter`1.Read(PgReader reader)
   at Npgsql.NpgsqlDataReader.GetFieldValueCore[T](Int32 ordinal)
   at Npgsql.NpgsqlDataReader.GetDecimal(Int32 ordinal)
   at lambda_method95(Closure, QueryContext, DbDataReader, ResultContext, SingleQueryResultCoordinator)
   at Microsoft.EntityFrameworkCore.Query.Internal.SingleQueryingEnumerable`1.AsyncEnumerator.MoveNextAsync()
   at Microsoft.EntityFrameworkCore.EntityFrameworkQueryableExtensions.ToListAsync[TSource](IQueryable`1 source, CancellationToken cancellationToken)
   at Microsoft.EntityFrameworkCore.EntityFrameworkQueryableExtensions.ToListAsync[TSource](IQueryable`1 source, CancellationToken cancellationToken)
   at comara.Controllers.ReportesController.ReporteStock(Nullable`1 marcaId, Nullable`1 proveedorId, Nullable`1 soloStockCritico, String busqueda, Int32 pagina) in C:\Users\jmalo\OneDrive - alumnos.frm.utn.edu.ar\Trabajo\SISTEMA COMARA\comara\Controllers\ReportesController.cs:line 273
   at Microsoft.AspNetCore.Mvc.Infrastructure.ActionMethodExecutor.TaskOfIActionResultExecutor.Execute(ActionContext actionContext, IActionResultTypeMapper mapper, ObjectMethodExecutor executor, Object controller, Object[] arguments)
   at Microsoft.AspNetCore.Mvc.Infrastructure.ControllerActionInvoker.<InvokeActionMethodAsync>g__Awaited|12_0(ControllerActionInvoker invoker, ValueTask`1 actionResultValueTask)
   at Microsoft.AspNetCore.Mvc.Infrastructure.ControllerActionInvoker.<InvokeNextActionFilterAsync>g__Awaited|10_0(ControllerActionInvoker invoker, Task lastTask, State next, Scope scope, Object state, Boolean isCompleted)
   at Microsoft.AspNetCore.Mvc.Infrastructure.ControllerActionInvoker.Rethrow(ActionExecutedContextSealed context)
   at Microsoft.AspNetCore.Mvc.Infrastructure.ControllerActionInvoker.Next(State& next, Scope& scope, Object& state, Boolean& isCompleted)
   at Microsoft.AspNetCore.Mvc.Infrastructure.ControllerActionInvoker.<InvokeInnerFilterAsync>g__Awaited|13_0(ControllerActionInvoker invoker, Task lastTask, State next, Scope scope, Object state, Boolean isCompleted)
   at Microsoft.AspNetCore.Mvc.Infrastructure.ResourceInvoker.<InvokeNextExceptionFilterAsync>g__Awaited|26_0(ResourceInvoker invoker, Task lastTask, State next, Scope scope, Object state, Boolean isCompleted)
