2026-04-21 00:16:20.755 -03:00 [ERR] Failed executing DbCommand (13ms) [Parameters=[@__p_1='?' (DbType = Int32), @__p_0='?' (DbType = Int32)], CommandType='"Text"', CommandTimeout='30']
SELECT c1."cotCod", c1."cliCod", c1."cotDiasOferta", c1."cotDiasPago", c1."cotEstado", c1."cotEstadoId", c1."cotFech", c1."cotTotal", c1."listaCod", c1."razonCrea", c1."TipoRazonCreaId", c0.id, c0."cliCondicionIVA", c0."cliDireccion", c0."cliEmail", c0."cliFormaPago", c0."cliNombre", c0."cliNumDoc", c0."cliTelefono", c0."cliTipoDoc", c2.id, c2.color, c2.descripcion, d."detCotCod", d."artCod", d."cotCod", d."detCant", d."detPrecio", d."detSubtotal"
FROM (
    SELECT c."cotCod", c."cliCod", c."cotDiasOferta", c."cotDiasPago", c."cotEstado", c."cotEstadoId", c."cotFech", c."cotTotal", c."listaCod", c."razonCrea", c."TipoRazonCreaId"
    FROM "COTIZACIONES" AS c
    ORDER BY c."cotCod" DESC
    LIMIT @__p_1 OFFSET @__p_0
) AS c1
INNER JOIN "CLIENTES" AS c0 ON c1."cliCod" = c0.id
LEFT JOIN "cotizacionEstados" AS c2 ON c1."cotEstadoId" = c2.id
LEFT JOIN "DETALLE_COTIZACIONES" AS d ON c1."cotCod" = d."cotCod"
ORDER BY c1."cotCod" DESC, c0.id, c2.id {"EventId":{"Id":20102,"Name":"Microsoft.EntityFrameworkCore.Database.Command.CommandError"},"SourceContext":"Microsoft.EntityFrameworkCore.Database.Command","ActionId":"cf85e1be-465a-4aae-8991-079340651cb5","ActionName":"comara.Controllers.CotizacionesController.Index (comara)","RequestId":"0HNKVAHB197OR:00000005","RequestPath":"/Cotizaciones","ConnectionId":"0HNKVAHB197OR","MachineName":"LEGION-JUANMA","ThreadId":16}
2026-04-21 00:16:20.837 -03:00 [ERR] An exception occurred while iterating over the results of a query for context type 'comara.Data.ApplicationDbContext'.
Npgsql.PostgresException (0x80004005): 42703: no existe la columna c.TipoRazonCreaId

POSITION: 621
   at Npgsql.Internal.NpgsqlConnector.ReadMessageLong(Boolean async, DataRowLoadingMode dataRowLoadingMode, Boolean readingNotifications, Boolean isReadingPrependedMessage)
   at System.Runtime.CompilerServices.PoolingAsyncValueTaskMethodBuilder`1.StateMachineBox`1.System.Threading.Tasks.Sources.IValueTaskSource<TResult>.GetResult(Int16 token)
   at Npgsql.NpgsqlDataReader.NextResult(Boolean async, Boolean isConsuming, CancellationToken cancellationToken)
   at Npgsql.NpgsqlDataReader.NextResult(Boolean async, Boolean isConsuming, CancellationToken cancellationToken)
   at Npgsql.NpgsqlCommand.ExecuteReader(Boolean async, CommandBehavior behavior, CancellationToken cancellationToken)
   at Npgsql.NpgsqlCommand.ExecuteReader(Boolean async, CommandBehavior behavior, CancellationToken cancellationToken)
   at Npgsql.NpgsqlCommand.ExecuteDbDataReaderAsync(CommandBehavior behavior, CancellationToken cancellationToken)
   at Microsoft.EntityFrameworkCore.Storage.RelationalCommand.ExecuteReaderAsync(RelationalCommandParameterObject parameterObject, CancellationToken cancellationToken)
   at Microsoft.EntityFrameworkCore.Storage.RelationalCommand.ExecuteReaderAsync(RelationalCommandParameterObject parameterObject, CancellationToken cancellationToken)
   at Microsoft.EntityFrameworkCore.Query.Internal.SingleQueryingEnumerable`1.AsyncEnumerator.InitializeReaderAsync(AsyncEnumerator enumerator, CancellationToken cancellationToken)
   at Npgsql.EntityFrameworkCore.PostgreSQL.Storage.Internal.NpgsqlExecutionStrategy.ExecuteAsync[TState,TResult](TState state, Func`4 operation, Func`4 verifySucceeded, CancellationToken cancellationToken)
   at Microsoft.EntityFrameworkCore.Query.Internal.SingleQueryingEnumerable`1.AsyncEnumerator.MoveNextAsync()
  Exception data:
    Severity: ERROR
    SqlState: 42703
    MessageText: no existe la columna c.TipoRazonCreaId
    Position: 621
    File: parse_relation.c
    Line: 3721
    Routine: errorMissingColumn {"EventId":{"Id":10100,"Name":"Microsoft.EntityFrameworkCore.Query.QueryIterationFailed"},"SourceContext":"Microsoft.EntityFrameworkCore.Query","ActionId":"cf85e1be-465a-4aae-8991-079340651cb5","ActionName":"comara.Controllers.CotizacionesController.Index (comara)","RequestId":"0HNKVAHB197OR:00000005","RequestPath":"/Cotizaciones","ConnectionId":"0HNKVAHB197OR","MachineName":"LEGION-JUANMA","ThreadId":16}
Npgsql.PostgresException (0x80004005): 42703: no existe la columna c.TipoRazonCreaId

POSITION: 621
   at Npgsql.Internal.NpgsqlConnector.ReadMessageLong(Boolean async, DataRowLoadingMode dataRowLoadingMode, Boolean readingNotifications, Boolean isReadingPrependedMessage)
   at System.Runtime.CompilerServices.PoolingAsyncValueTaskMethodBuilder`1.StateMachineBox`1.System.Threading.Tasks.Sources.IValueTaskSource<TResult>.GetResult(Int16 token)
   at Npgsql.NpgsqlDataReader.NextResult(Boolean async, Boolean isConsuming, CancellationToken cancellationToken)
   at Npgsql.NpgsqlDataReader.NextResult(Boolean async, Boolean isConsuming, CancellationToken cancellationToken)
   at Npgsql.NpgsqlCommand.ExecuteReader(Boolean async, CommandBehavior behavior, CancellationToken cancellationToken)
   at Npgsql.NpgsqlCommand.ExecuteReader(Boolean async, CommandBehavior behavior, CancellationToken cancellationToken)
   at Npgsql.NpgsqlCommand.ExecuteDbDataReaderAsync(CommandBehavior behavior, CancellationToken cancellationToken)
   at Microsoft.EntityFrameworkCore.Storage.RelationalCommand.ExecuteReaderAsync(RelationalCommandParameterObject parameterObject, CancellationToken cancellationToken)
   at Microsoft.EntityFrameworkCore.Storage.RelationalCommand.ExecuteReaderAsync(RelationalCommandParameterObject parameterObject, CancellationToken cancellationToken)
   at Microsoft.EntityFrameworkCore.Query.Internal.SingleQueryingEnumerable`1.AsyncEnumerator.InitializeReaderAsync(AsyncEnumerator enumerator, CancellationToken cancellationToken)
   at Npgsql.EntityFrameworkCore.PostgreSQL.Storage.Internal.NpgsqlExecutionStrategy.ExecuteAsync[TState,TResult](TState state, Func`4 operation, Func`4 verifySucceeded, CancellationToken cancellationToken)
   at Microsoft.EntityFrameworkCore.Query.Internal.SingleQueryingEnumerable`1.AsyncEnumerator.MoveNextAsync()
  Exception data:
    Severity: ERROR
    SqlState: 42703
    MessageText: no existe la columna c.TipoRazonCreaId
    Position: 621
    File: parse_relation.c
    Line: 3721
    Routine: errorMissingColumn
2026-04-21 00:16:20.900 -03:00 [ERR] Error no manejado en Cotizaciones/Index: 42703: no existe la columna c.TipoRazonCreaId

POSITION: 621 {"SourceContext":"comara.Filters.GlobalExceptionFilter","ActionId":"cf85e1be-465a-4aae-8991-079340651cb5","ActionName":"comara.Controllers.CotizacionesController.Index (comara)","RequestId":"0HNKVAHB197OR:00000005","RequestPath":"/Cotizaciones","ConnectionId":"0HNKVAHB197OR","MachineName":"LEGION-JUANMA","ThreadId":16}
Npgsql.PostgresException (0x80004005): 42703: no existe la columna c.TipoRazonCreaId

POSITION: 621
   at Npgsql.Internal.NpgsqlConnector.ReadMessageLong(Boolean async, DataRowLoadingMode dataRowLoadingMode, Boolean readingNotifications, Boolean isReadingPrependedMessage)
   at System.Runtime.CompilerServices.PoolingAsyncValueTaskMethodBuilder`1.StateMachineBox`1.System.Threading.Tasks.Sources.IValueTaskSource<TResult>.GetResult(Int16 token)
   at Npgsql.NpgsqlDataReader.NextResult(Boolean async, Boolean isConsuming, CancellationToken cancellationToken)
   at Npgsql.NpgsqlDataReader.NextResult(Boolean async, Boolean isConsuming, CancellationToken cancellationToken)
   at Npgsql.NpgsqlCommand.ExecuteReader(Boolean async, CommandBehavior behavior, CancellationToken cancellationToken)
   at Npgsql.NpgsqlCommand.ExecuteReader(Boolean async, CommandBehavior behavior, CancellationToken cancellationToken)
   at Npgsql.NpgsqlCommand.ExecuteDbDataReaderAsync(CommandBehavior behavior, CancellationToken cancellationToken)
   at Microsoft.EntityFrameworkCore.Storage.RelationalCommand.ExecuteReaderAsync(RelationalCommandParameterObject parameterObject, CancellationToken cancellationToken)
   at Microsoft.EntityFrameworkCore.Storage.RelationalCommand.ExecuteReaderAsync(RelationalCommandParameterObject parameterObject, CancellationToken cancellationToken)
   at Microsoft.EntityFrameworkCore.Query.Internal.SingleQueryingEnumerable`1.AsyncEnumerator.InitializeReaderAsync(AsyncEnumerator enumerator, CancellationToken cancellationToken)
   at Npgsql.EntityFrameworkCore.PostgreSQL.Storage.Internal.NpgsqlExecutionStrategy.ExecuteAsync[TState,TResult](TState state, Func`4 operation, Func`4 verifySucceeded, CancellationToken cancellationToken)
   at Microsoft.EntityFrameworkCore.Query.Internal.SingleQueryingEnumerable`1.AsyncEnumerator.MoveNextAsync()
   at Microsoft.EntityFrameworkCore.EntityFrameworkQueryableExtensions.ToListAsync[TSource](IQueryable`1 source, CancellationToken cancellationToken)
   at Microsoft.EntityFrameworkCore.EntityFrameworkQueryableExtensions.ToListAsync[TSource](IQueryable`1 source, CancellationToken cancellationToken)
   at comara.Controllers.CotizacionesController.Index(String searchTerm, Nullable`1 estadoFilter, Int32 page, Int32 pageSize) in C:\Users\Juanma\OneDrive - alumnos.frm.utn.edu.ar\Trabajo\SISTEMA COMARA\comara\Controllers\CotizacionesController.cs:line 59
   at Microsoft.AspNetCore.Mvc.Infrastructure.ActionMethodExecutor.TaskOfIActionResultExecutor.Execute(ActionContext actionContext, IActionResultTypeMapper mapper, ObjectMethodExecutor executor, Object controller, Object[] arguments)
   at Microsoft.AspNetCore.Mvc.Infrastructure.ControllerActionInvoker.<InvokeActionMethodAsync>g__Awaited|12_0(ControllerActionInvoker invoker, ValueTask`1 actionResultValueTask)
   at Microsoft.AspNetCore.Mvc.Infrastructure.ControllerActionInvoker.<InvokeNextActionFilterAsync>g__Awaited|10_0(ControllerActionInvoker invoker, Task lastTask, State next, Scope scope, Object state, Boolean isCompleted)
   at Microsoft.AspNetCore.Mvc.Infrastructure.ControllerActionInvoker.Rethrow(ActionExecutedContextSealed context)
   at Microsoft.AspNetCore.Mvc.Infrastructure.ControllerActionInvoker.Next(State& next, Scope& scope, Object& state, Boolean& isCompleted)
   at Microsoft.AspNetCore.Mvc.Infrastructure.ControllerActionInvoker.<InvokeInnerFilterAsync>g__Awaited|13_0(ControllerActionInvoker invoker, Task lastTask, State next, Scope scope, Object state, Boolean isCompleted)
   at Microsoft.AspNetCore.Mvc.Infrastructure.ResourceInvoker.<InvokeNextExceptionFilterAsync>g__Awaited|26_0(ResourceInvoker invoker, Task lastTask, State next, Scope scope, Object state, Boolean isCompleted)
  Exception data:
    Severity: ERROR
    SqlState: 42703
    MessageText: no existe la columna c.TipoRazonCreaId
    Position: 621
    File: parse_relation.c
    Line: 3721
    Routine: errorMissingColumn
2026-04-21 00:16:55.971 -03:00 [ERR] Failed executing DbCommand (3ms) [Parameters=[@__p_1='?' (DbType = Int32), @__p_0='?' (DbType = Int32)], CommandType='"Text"', CommandTimeout='30']
SELECT c1."cotCod", c1."cliCod", c1."cotDiasOferta", c1."cotDiasPago", c1."cotEstado", c1."cotEstadoId", c1."cotFech", c1."cotTotal", c1."listaCod", c1."razonCrea", c1."TipoRazonCreaId", c0.id, c0."cliCondicionIVA", c0."cliDireccion", c0."cliEmail", c0."cliFormaPago", c0."cliNombre", c0."cliNumDoc", c0."cliTelefono", c0."cliTipoDoc", c2.id, c2.color, c2.descripcion, d."detCotCod", d."artCod", d."cotCod", d."detCant", d."detPrecio", d."detSubtotal"
FROM (
    SELECT c."cotCod", c."cliCod", c."cotDiasOferta", c."cotDiasPago", c."cotEstado", c."cotEstadoId", c."cotFech", c."cotTotal", c."listaCod", c."razonCrea", c."TipoRazonCreaId"
    FROM "COTIZACIONES" AS c
    ORDER BY c."cotCod" DESC
    LIMIT @__p_1 OFFSET @__p_0
) AS c1
INNER JOIN "CLIENTES" AS c0 ON c1."cliCod" = c0.id
LEFT JOIN "cotizacionEstados" AS c2 ON c1."cotEstadoId" = c2.id
LEFT JOIN "DETALLE_COTIZACIONES" AS d ON c1."cotCod" = d."cotCod"
ORDER BY c1."cotCod" DESC, c0.id, c2.id {"EventId":{"Id":20102,"Name":"Microsoft.EntityFrameworkCore.Database.Command.CommandError"},"SourceContext":"Microsoft.EntityFrameworkCore.Database.Command","ActionId":"cf85e1be-465a-4aae-8991-079340651cb5","ActionName":"comara.Controllers.CotizacionesController.Index (comara)","RequestId":"0HNKVAHB197OR:0000000D","RequestPath":"/Cotizaciones","ConnectionId":"0HNKVAHB197OR","MachineName":"LEGION-JUANMA","ThreadId":20}
2026-04-21 00:16:55.983 -03:00 [ERR] An exception occurred while iterating over the results of a query for context type 'comara.Data.ApplicationDbContext'.
Npgsql.PostgresException (0x80004005): 42703: no existe la columna c.TipoRazonCreaId

POSITION: 621
   at Npgsql.Internal.NpgsqlConnector.ReadMessageLong(Boolean async, DataRowLoadingMode dataRowLoadingMode, Boolean readingNotifications, Boolean isReadingPrependedMessage)
   at System.Runtime.CompilerServices.PoolingAsyncValueTaskMethodBuilder`1.StateMachineBox`1.System.Threading.Tasks.Sources.IValueTaskSource<TResult>.GetResult(Int16 token)
   at Npgsql.NpgsqlDataReader.NextResult(Boolean async, Boolean isConsuming, CancellationToken cancellationToken)
   at Npgsql.NpgsqlDataReader.NextResult(Boolean async, Boolean isConsuming, CancellationToken cancellationToken)
   at Npgsql.NpgsqlCommand.ExecuteReader(Boolean async, CommandBehavior behavior, CancellationToken cancellationToken)
   at Npgsql.NpgsqlCommand.ExecuteReader(Boolean async, CommandBehavior behavior, CancellationToken cancellationToken)
   at Npgsql.NpgsqlCommand.ExecuteDbDataReaderAsync(CommandBehavior behavior, CancellationToken cancellationToken)
   at Microsoft.EntityFrameworkCore.Storage.RelationalCommand.ExecuteReaderAsync(RelationalCommandParameterObject parameterObject, CancellationToken cancellationToken)
   at Microsoft.EntityFrameworkCore.Storage.RelationalCommand.ExecuteReaderAsync(RelationalCommandParameterObject parameterObject, CancellationToken cancellationToken)
   at Microsoft.EntityFrameworkCore.Query.Internal.SingleQueryingEnumerable`1.AsyncEnumerator.InitializeReaderAsync(AsyncEnumerator enumerator, CancellationToken cancellationToken)
   at Npgsql.EntityFrameworkCore.PostgreSQL.Storage.Internal.NpgsqlExecutionStrategy.ExecuteAsync[TState,TResult](TState state, Func`4 operation, Func`4 verifySucceeded, CancellationToken cancellationToken)
   at Microsoft.EntityFrameworkCore.Query.Internal.SingleQueryingEnumerable`1.AsyncEnumerator.MoveNextAsync()
  Exception data:
    Severity: ERROR
    SqlState: 42703
    MessageText: no existe la columna c.TipoRazonCreaId
    Position: 621
    File: parse_relation.c
    Line: 3721
    Routine: errorMissingColumn {"EventId":{"Id":10100,"Name":"Microsoft.EntityFrameworkCore.Query.QueryIterationFailed"},"SourceContext":"Microsoft.EntityFrameworkCore.Query","ActionId":"cf85e1be-465a-4aae-8991-079340651cb5","ActionName":"comara.Controllers.CotizacionesController.Index (comara)","RequestId":"0HNKVAHB197OR:0000000D","RequestPath":"/Cotizaciones","ConnectionId":"0HNKVAHB197OR","MachineName":"LEGION-JUANMA","ThreadId":20}
Npgsql.PostgresException (0x80004005): 42703: no existe la columna c.TipoRazonCreaId

POSITION: 621
   at Npgsql.Internal.NpgsqlConnector.ReadMessageLong(Boolean async, DataRowLoadingMode dataRowLoadingMode, Boolean readingNotifications, Boolean isReadingPrependedMessage)
   at System.Runtime.CompilerServices.PoolingAsyncValueTaskMethodBuilder`1.StateMachineBox`1.System.Threading.Tasks.Sources.IValueTaskSource<TResult>.GetResult(Int16 token)
   at Npgsql.NpgsqlDataReader.NextResult(Boolean async, Boolean isConsuming, CancellationToken cancellationToken)
   at Npgsql.NpgsqlDataReader.NextResult(Boolean async, Boolean isConsuming, CancellationToken cancellationToken)
   at Npgsql.NpgsqlCommand.ExecuteReader(Boolean async, CommandBehavior behavior, CancellationToken cancellationToken)
   at Npgsql.NpgsqlCommand.ExecuteReader(Boolean async, CommandBehavior behavior, CancellationToken cancellationToken)
   at Npgsql.NpgsqlCommand.ExecuteDbDataReaderAsync(CommandBehavior behavior, CancellationToken cancellationToken)
   at Microsoft.EntityFrameworkCore.Storage.RelationalCommand.ExecuteReaderAsync(RelationalCommandParameterObject parameterObject, CancellationToken cancellationToken)
   at Microsoft.EntityFrameworkCore.Storage.RelationalCommand.ExecuteReaderAsync(RelationalCommandParameterObject parameterObject, CancellationToken cancellationToken)
   at Microsoft.EntityFrameworkCore.Query.Internal.SingleQueryingEnumerable`1.AsyncEnumerator.InitializeReaderAsync(AsyncEnumerator enumerator, CancellationToken cancellationToken)
   at Npgsql.EntityFrameworkCore.PostgreSQL.Storage.Internal.NpgsqlExecutionStrategy.ExecuteAsync[TState,TResult](TState state, Func`4 operation, Func`4 verifySucceeded, CancellationToken cancellationToken)
   at Microsoft.EntityFrameworkCore.Query.Internal.SingleQueryingEnumerable`1.AsyncEnumerator.MoveNextAsync()
  Exception data:
    Severity: ERROR
    SqlState: 42703
    MessageText: no existe la columna c.TipoRazonCreaId
    Position: 621
    File: parse_relation.c
    Line: 3721
    Routine: errorMissingColumn
2026-04-21 00:16:56.020 -03:00 [ERR] Error no manejado en Cotizaciones/Index: 42703: no existe la columna c.TipoRazonCreaId

POSITION: 621 {"SourceContext":"comara.Filters.GlobalExceptionFilter","ActionId":"cf85e1be-465a-4aae-8991-079340651cb5","ActionName":"comara.Controllers.CotizacionesController.Index (comara)","RequestId":"0HNKVAHB197OR:0000000D","RequestPath":"/Cotizaciones","ConnectionId":"0HNKVAHB197OR","MachineName":"LEGION-JUANMA","ThreadId":20}
Npgsql.PostgresException (0x80004005): 42703: no existe la columna c.TipoRazonCreaId

POSITION: 621
   at Npgsql.Internal.NpgsqlConnector.ReadMessageLong(Boolean async, DataRowLoadingMode dataRowLoadingMode, Boolean readingNotifications, Boolean isReadingPrependedMessage)
   at System.Runtime.CompilerServices.PoolingAsyncValueTaskMethodBuilder`1.StateMachineBox`1.System.Threading.Tasks.Sources.IValueTaskSource<TResult>.GetResult(Int16 token)
   at Npgsql.NpgsqlDataReader.NextResult(Boolean async, Boolean isConsuming, CancellationToken cancellationToken)
   at Npgsql.NpgsqlDataReader.NextResult(Boolean async, Boolean isConsuming, CancellationToken cancellationToken)
   at Npgsql.NpgsqlCommand.ExecuteReader(Boolean async, CommandBehavior behavior, CancellationToken cancellationToken)
   at Npgsql.NpgsqlCommand.ExecuteReader(Boolean async, CommandBehavior behavior, CancellationToken cancellationToken)
   at Npgsql.NpgsqlCommand.ExecuteDbDataReaderAsync(CommandBehavior behavior, CancellationToken cancellationToken)
   at Microsoft.EntityFrameworkCore.Storage.RelationalCommand.ExecuteReaderAsync(RelationalCommandParameterObject parameterObject, CancellationToken cancellationToken)
   at Microsoft.EntityFrameworkCore.Storage.RelationalCommand.ExecuteReaderAsync(RelationalCommandParameterObject parameterObject, CancellationToken cancellationToken)
   at Microsoft.EntityFrameworkCore.Query.Internal.SingleQueryingEnumerable`1.AsyncEnumerator.InitializeReaderAsync(AsyncEnumerator enumerator, CancellationToken cancellationToken)
   at Npgsql.EntityFrameworkCore.PostgreSQL.Storage.Internal.NpgsqlExecutionStrategy.ExecuteAsync[TState,TResult](TState state, Func`4 operation, Func`4 verifySucceeded, CancellationToken cancellationToken)
   at Microsoft.EntityFrameworkCore.Query.Internal.SingleQueryingEnumerable`1.AsyncEnumerator.MoveNextAsync()
   at Microsoft.EntityFrameworkCore.EntityFrameworkQueryableExtensions.ToListAsync[TSource](IQueryable`1 source, CancellationToken cancellationToken)
   at Microsoft.EntityFrameworkCore.EntityFrameworkQueryableExtensions.ToListAsync[TSource](IQueryable`1 source, CancellationToken cancellationToken)
   at comara.Controllers.CotizacionesController.Index(String searchTerm, Nullable`1 estadoFilter, Int32 page, Int32 pageSize) in C:\Users\Juanma\OneDrive - alumnos.frm.utn.edu.ar\Trabajo\SISTEMA COMARA\comara\Controllers\CotizacionesController.cs:line 59
   at Microsoft.AspNetCore.Mvc.Infrastructure.ActionMethodExecutor.TaskOfIActionResultExecutor.Execute(ActionContext actionContext, IActionResultTypeMapper mapper, ObjectMethodExecutor executor, Object controller, Object[] arguments)
   at Microsoft.AspNetCore.Mvc.Infrastructure.ControllerActionInvoker.<InvokeActionMethodAsync>g__Awaited|12_0(ControllerActionInvoker invoker, ValueTask`1 actionResultValueTask)
   at Microsoft.AspNetCore.Mvc.Infrastructure.ControllerActionInvoker.<InvokeNextActionFilterAsync>g__Awaited|10_0(ControllerActionInvoker invoker, Task lastTask, State next, Scope scope, Object state, Boolean isCompleted)
   at Microsoft.AspNetCore.Mvc.Infrastructure.ControllerActionInvoker.Rethrow(ActionExecutedContextSealed context)
   at Microsoft.AspNetCore.Mvc.Infrastructure.ControllerActionInvoker.Next(State& next, Scope& scope, Object& state, Boolean& isCompleted)
   at Microsoft.AspNetCore.Mvc.Infrastructure.ControllerActionInvoker.<InvokeInnerFilterAsync>g__Awaited|13_0(ControllerActionInvoker invoker, Task lastTask, State next, Scope scope, Object state, Boolean isCompleted)
   at Microsoft.AspNetCore.Mvc.Infrastructure.ResourceInvoker.<InvokeNextExceptionFilterAsync>g__Awaited|26_0(ResourceInvoker invoker, Task lastTask, State next, Scope scope, Object state, Boolean isCompleted)
  Exception data:
    Severity: ERROR
    SqlState: 42703
    MessageText: no existe la columna c.TipoRazonCreaId
    Position: 621
    File: parse_relation.c
    Line: 3721
    Routine: errorMissingColumn
2026-04-21 00:31:30.128 -03:00 [INF] User jmalonso logged out {"SourceContext":"comara.Controllers.AccountController","ActionId":"00bb6f76-83b9-4325-8094-270b93a0fb22","ActionName":"comara.Controllers.AccountController.Logout (comara)","RequestId":"0HNKVAPOLRJNG:00000007","RequestPath":"/Account/Logout","ConnectionId":"0HNKVAPOLRJNG","MachineName":"LEGION-JUANMA","ThreadId":15}
2026-04-21 00:31:32.478 -03:00 [INF] User 'jmalonso' validated successfully {"SourceContext":"comara.Services.AuthenticationService","ActionId":"25436e26-7083-4517-861a-34607063d54b","ActionName":"comara.Controllers.AccountController.Login (comara)","RequestId":"0HNKVAPOLRJNG:0000000F","RequestPath":"/Account/Login","ConnectionId":"0HNKVAPOLRJNG","MachineName":"LEGION-JUANMA","ThreadId":15}
2026-04-21 00:31:32.634 -03:00 [INF] Updated last login for user ID 2 {"SourceContext":"comara.Services.AuthenticationService","ActionId":"25436e26-7083-4517-861a-34607063d54b","ActionName":"comara.Controllers.AccountController.Login (comara)","RequestId":"0HNKVAPOLRJNG:0000000F","RequestPath":"/Account/Login","ConnectionId":"0HNKVAPOLRJNG","MachineName":"LEGION-JUANMA","ThreadId":8}
2026-04-21 00:31:32.641 -03:00 [INF] User jmalonso logged in successfully {"SourceContext":"comara.Controllers.AccountController","ActionId":"25436e26-7083-4517-861a-34607063d54b","ActionName":"comara.Controllers.AccountController.Login (comara)","RequestId":"0HNKVAPOLRJNG:0000000F","RequestPath":"/Account/Login","ConnectionId":"0HNKVAPOLRJNG","MachineName":"LEGION-JUANMA","ThreadId":8}
2026-04-21 00:31:36.272 -03:00 [ERR] Failed executing DbCommand (7ms) [Parameters=[@__p_1='?' (DbType = Int32), @__p_0='?' (DbType = Int32)], CommandType='"Text"', CommandTimeout='30']
SELECT c1."cotCod", c1."cliCod", c1."cotDiasOferta", c1."cotDiasPago", c1."cotEstado", c1."cotEstadoId", c1."cotFech", c1."cotTotal", c1."listaCod", c1."razonCrea", c1."TipoRazonCreaId", c0.id, c0."cliCondicionIVA", c0."cliDireccion", c0."cliEmail", c0."cliFormaPago", c0."cliNombre", c0."cliNumDoc", c0."cliTelefono", c0."cliTipoDoc", c2.id, c2.color, c2.descripcion, d."detCotCod", d."artCod", d."cotCod", d."detCant", d."detPrecio", d."detSubtotal"
FROM (
    SELECT c."cotCod", c."cliCod", c."cotDiasOferta", c."cotDiasPago", c."cotEstado", c."cotEstadoId", c."cotFech", c."cotTotal", c."listaCod", c."razonCrea", c."TipoRazonCreaId"
    FROM "COTIZACIONES" AS c
    ORDER BY c."cotCod" DESC
    LIMIT @__p_1 OFFSET @__p_0
) AS c1
INNER JOIN "CLIENTES" AS c0 ON c1."cliCod" = c0.id
LEFT JOIN "cotizacionEstados" AS c2 ON c1."cotEstadoId" = c2.id
LEFT JOIN "DETALLE_COTIZACIONES" AS d ON c1."cotCod" = d."cotCod"
ORDER BY c1."cotCod" DESC, c0.id, c2.id {"EventId":{"Id":20102,"Name":"Microsoft.EntityFrameworkCore.Database.Command.CommandError"},"SourceContext":"Microsoft.EntityFrameworkCore.Database.Command","ActionId":"71aec306-1dfe-45fb-b19b-e21c45d959cd","ActionName":"comara.Controllers.CotizacionesController.Index (comara)","RequestId":"0HNKVAPOLRJNG:00000017","RequestPath":"/Cotizaciones","ConnectionId":"0HNKVAPOLRJNG","MachineName":"LEGION-JUANMA","ThreadId":15}
2026-04-21 00:31:36.313 -03:00 [ERR] An exception occurred while iterating over the results of a query for context type 'comara.Data.ApplicationDbContext'.
Npgsql.PostgresException (0x80004005): 42703: no existe la columna c.TipoRazonCreaId

POSITION: 621
   at Npgsql.Internal.NpgsqlConnector.ReadMessageLong(Boolean async, DataRowLoadingMode dataRowLoadingMode, Boolean readingNotifications, Boolean isReadingPrependedMessage)
   at System.Runtime.CompilerServices.PoolingAsyncValueTaskMethodBuilder`1.StateMachineBox`1.System.Threading.Tasks.Sources.IValueTaskSource<TResult>.GetResult(Int16 token)
   at Npgsql.NpgsqlDataReader.NextResult(Boolean async, Boolean isConsuming, CancellationToken cancellationToken)
   at Npgsql.NpgsqlDataReader.NextResult(Boolean async, Boolean isConsuming, CancellationToken cancellationToken)
   at Npgsql.NpgsqlCommand.ExecuteReader(Boolean async, CommandBehavior behavior, CancellationToken cancellationToken)
   at Npgsql.NpgsqlCommand.ExecuteReader(Boolean async, CommandBehavior behavior, CancellationToken cancellationToken)
   at Npgsql.NpgsqlCommand.ExecuteDbDataReaderAsync(CommandBehavior behavior, CancellationToken cancellationToken)
   at Microsoft.EntityFrameworkCore.Storage.RelationalCommand.ExecuteReaderAsync(RelationalCommandParameterObject parameterObject, CancellationToken cancellationToken)
   at Microsoft.EntityFrameworkCore.Storage.RelationalCommand.ExecuteReaderAsync(RelationalCommandParameterObject parameterObject, CancellationToken cancellationToken)
   at Microsoft.EntityFrameworkCore.Query.Internal.SingleQueryingEnumerable`1.AsyncEnumerator.InitializeReaderAsync(AsyncEnumerator enumerator, CancellationToken cancellationToken)
   at Npgsql.EntityFrameworkCore.PostgreSQL.Storage.Internal.NpgsqlExecutionStrategy.ExecuteAsync[TState,TResult](TState state, Func`4 operation, Func`4 verifySucceeded, CancellationToken cancellationToken)
   at Microsoft.EntityFrameworkCore.Query.Internal.SingleQueryingEnumerable`1.AsyncEnumerator.MoveNextAsync()
  Exception data:
    Severity: ERROR
    SqlState: 42703
    MessageText: no existe la columna c.TipoRazonCreaId
    Position: 621
    File: parse_relation.c
    Line: 3721
    Routine: errorMissingColumn {"EventId":{"Id":10100,"Name":"Microsoft.EntityFrameworkCore.Query.QueryIterationFailed"},"SourceContext":"Microsoft.EntityFrameworkCore.Query","ActionId":"71aec306-1dfe-45fb-b19b-e21c45d959cd","ActionName":"comara.Controllers.CotizacionesController.Index (comara)","RequestId":"0HNKVAPOLRJNG:00000017","RequestPath":"/Cotizaciones","ConnectionId":"0HNKVAPOLRJNG","MachineName":"LEGION-JUANMA","ThreadId":15}
Npgsql.PostgresException (0x80004005): 42703: no existe la columna c.TipoRazonCreaId

POSITION: 621
   at Npgsql.Internal.NpgsqlConnector.ReadMessageLong(Boolean async, DataRowLoadingMode dataRowLoadingMode, Boolean readingNotifications, Boolean isReadingPrependedMessage)
   at System.Runtime.CompilerServices.PoolingAsyncValueTaskMethodBuilder`1.StateMachineBox`1.System.Threading.Tasks.Sources.IValueTaskSource<TResult>.GetResult(Int16 token)
   at Npgsql.NpgsqlDataReader.NextResult(Boolean async, Boolean isConsuming, CancellationToken cancellationToken)
   at Npgsql.NpgsqlDataReader.NextResult(Boolean async, Boolean isConsuming, CancellationToken cancellationToken)
   at Npgsql.NpgsqlCommand.ExecuteReader(Boolean async, CommandBehavior behavior, CancellationToken cancellationToken)
   at Npgsql.NpgsqlCommand.ExecuteReader(Boolean async, CommandBehavior behavior, CancellationToken cancellationToken)
   at Npgsql.NpgsqlCommand.ExecuteDbDataReaderAsync(CommandBehavior behavior, CancellationToken cancellationToken)
   at Microsoft.EntityFrameworkCore.Storage.RelationalCommand.ExecuteReaderAsync(RelationalCommandParameterObject parameterObject, CancellationToken cancellationToken)
   at Microsoft.EntityFrameworkCore.Storage.RelationalCommand.ExecuteReaderAsync(RelationalCommandParameterObject parameterObject, CancellationToken cancellationToken)
   at Microsoft.EntityFrameworkCore.Query.Internal.SingleQueryingEnumerable`1.AsyncEnumerator.InitializeReaderAsync(AsyncEnumerator enumerator, CancellationToken cancellationToken)
   at Npgsql.EntityFrameworkCore.PostgreSQL.Storage.Internal.NpgsqlExecutionStrategy.ExecuteAsync[TState,TResult](TState state, Func`4 operation, Func`4 verifySucceeded, CancellationToken cancellationToken)
   at Microsoft.EntityFrameworkCore.Query.Internal.SingleQueryingEnumerable`1.AsyncEnumerator.MoveNextAsync()
  Exception data:
    Severity: ERROR
    SqlState: 42703
    MessageText: no existe la columna c.TipoRazonCreaId
    Position: 621
    File: parse_relation.c
    Line: 3721
    Routine: errorMissingColumn
2026-04-21 00:31:36.378 -03:00 [ERR] Error no manejado en Cotizaciones/Index: 42703: no existe la columna c.TipoRazonCreaId

POSITION: 621 {"SourceContext":"comara.Filters.GlobalExceptionFilter","ActionId":"71aec306-1dfe-45fb-b19b-e21c45d959cd","ActionName":"comara.Controllers.CotizacionesController.Index (comara)","RequestId":"0HNKVAPOLRJNG:00000017","RequestPath":"/Cotizaciones","ConnectionId":"0HNKVAPOLRJNG","MachineName":"LEGION-JUANMA","ThreadId":15}
Npgsql.PostgresException (0x80004005): 42703: no existe la columna c.TipoRazonCreaId

POSITION: 621
   at Npgsql.Internal.NpgsqlConnector.ReadMessageLong(Boolean async, DataRowLoadingMode dataRowLoadingMode, Boolean readingNotifications, Boolean isReadingPrependedMessage)
   at System.Runtime.CompilerServices.PoolingAsyncValueTaskMethodBuilder`1.StateMachineBox`1.System.Threading.Tasks.Sources.IValueTaskSource<TResult>.GetResult(Int16 token)
   at Npgsql.NpgsqlDataReader.NextResult(Boolean async, Boolean isConsuming, CancellationToken cancellationToken)
   at Npgsql.NpgsqlDataReader.NextResult(Boolean async, Boolean isConsuming, CancellationToken cancellationToken)
   at Npgsql.NpgsqlCommand.ExecuteReader(Boolean async, CommandBehavior behavior, CancellationToken cancellationToken)
   at Npgsql.NpgsqlCommand.ExecuteReader(Boolean async, CommandBehavior behavior, CancellationToken cancellationToken)
   at Npgsql.NpgsqlCommand.ExecuteDbDataReaderAsync(CommandBehavior behavior, CancellationToken cancellationToken)
   at Microsoft.EntityFrameworkCore.Storage.RelationalCommand.ExecuteReaderAsync(RelationalCommandParameterObject parameterObject, CancellationToken cancellationToken)
   at Microsoft.EntityFrameworkCore.Storage.RelationalCommand.ExecuteReaderAsync(RelationalCommandParameterObject parameterObject, CancellationToken cancellationToken)
   at Microsoft.EntityFrameworkCore.Query.Internal.SingleQueryingEnumerable`1.AsyncEnumerator.InitializeReaderAsync(AsyncEnumerator enumerator, CancellationToken cancellationToken)
   at Npgsql.EntityFrameworkCore.PostgreSQL.Storage.Internal.NpgsqlExecutionStrategy.ExecuteAsync[TState,TResult](TState state, Func`4 operation, Func`4 verifySucceeded, CancellationToken cancellationToken)
   at Microsoft.EntityFrameworkCore.Query.Internal.SingleQueryingEnumerable`1.AsyncEnumerator.MoveNextAsync()
   at Microsoft.EntityFrameworkCore.EntityFrameworkQueryableExtensions.ToListAsync[TSource](IQueryable`1 source, CancellationToken cancellationToken)
   at Microsoft.EntityFrameworkCore.EntityFrameworkQueryableExtensions.ToListAsync[TSource](IQueryable`1 source, CancellationToken cancellationToken)
   at comara.Controllers.CotizacionesController.Index(String searchTerm, Nullable`1 estadoFilter, Int32 page, Int32 pageSize) in C:\Users\Juanma\OneDrive - alumnos.frm.utn.edu.ar\Trabajo\SISTEMA COMARA\comara\Controllers\CotizacionesController.cs:line 59
   at Microsoft.AspNetCore.Mvc.Infrastructure.ActionMethodExecutor.TaskOfIActionResultExecutor.Execute(ActionContext actionContext, IActionResultTypeMapper mapper, ObjectMethodExecutor executor, Object controller, Object[] arguments)
   at Microsoft.AspNetCore.Mvc.Infrastructure.ControllerActionInvoker.<InvokeActionMethodAsync>g__Awaited|12_0(ControllerActionInvoker invoker, ValueTask`1 actionResultValueTask)
   at Microsoft.AspNetCore.Mvc.Infrastructure.ControllerActionInvoker.<InvokeNextActionFilterAsync>g__Awaited|10_0(ControllerActionInvoker invoker, Task lastTask, State next, Scope scope, Object state, Boolean isCompleted)
   at Microsoft.AspNetCore.Mvc.Infrastructure.ControllerActionInvoker.Rethrow(ActionExecutedContextSealed context)
   at Microsoft.AspNetCore.Mvc.Infrastructure.ControllerActionInvoker.Next(State& next, Scope& scope, Object& state, Boolean& isCompleted)
   at Microsoft.AspNetCore.Mvc.Infrastructure.ControllerActionInvoker.<InvokeInnerFilterAsync>g__Awaited|13_0(ControllerActionInvoker invoker, Task lastTask, State next, Scope scope, Object state, Boolean isCompleted)
   at Microsoft.AspNetCore.Mvc.Infrastructure.ResourceInvoker.<InvokeNextExceptionFilterAsync>g__Awaited|26_0(ResourceInvoker invoker, Task lastTask, State next, Scope scope, Object state, Boolean isCompleted)
  Exception data:
    Severity: ERROR
    SqlState: 42703
    MessageText: no existe la columna c.TipoRazonCreaId
    Position: 621
    File: parse_relation.c
    Line: 3721
    Routine: errorMissingColumn
2026-04-21 00:32:09.226 -03:00 [ERR] Failed executing DbCommand (3ms) [Parameters=[@__p_1='?' (DbType = Int32), @__p_0='?' (DbType = Int32)], CommandType='"Text"', CommandTimeout='30']
SELECT c1."cotCod", c1."cliCod", c1."cotDiasOferta", c1."cotDiasPago", c1."cotEstado", c1."cotEstadoId", c1."cotFech", c1."cotTotal", c1."listaCod", c1."razonCrea", c1."TipoRazonCreaId", c0.id, c0."cliCondicionIVA", c0."cliDireccion", c0."cliEmail", c0."cliFormaPago", c0."cliNombre", c0."cliNumDoc", c0."cliTelefono", c0."cliTipoDoc", c2.id, c2.color, c2.descripcion, d."detCotCod", d."artCod", d."cotCod", d."detCant", d."detPrecio", d."detSubtotal"
FROM (
    SELECT c."cotCod", c."cliCod", c."cotDiasOferta", c."cotDiasPago", c."cotEstado", c."cotEstadoId", c."cotFech", c."cotTotal", c."listaCod", c."razonCrea", c."TipoRazonCreaId"
    FROM "COTIZACIONES" AS c
    ORDER BY c."cotCod" DESC
    LIMIT @__p_1 OFFSET @__p_0
) AS c1
INNER JOIN "CLIENTES" AS c0 ON c1."cliCod" = c0.id
LEFT JOIN "cotizacionEstados" AS c2 ON c1."cotEstadoId" = c2.id
LEFT JOIN "DETALLE_COTIZACIONES" AS d ON c1."cotCod" = d."cotCod"
ORDER BY c1."cotCod" DESC, c0.id, c2.id {"EventId":{"Id":20102,"Name":"Microsoft.EntityFrameworkCore.Database.Command.CommandError"},"SourceContext":"Microsoft.EntityFrameworkCore.Database.Command","ActionId":"71aec306-1dfe-45fb-b19b-e21c45d959cd","ActionName":"comara.Controllers.CotizacionesController.Index (comara)","RequestId":"0HNKVAPOLRJNG:00000025","RequestPath":"/Cotizaciones","ConnectionId":"0HNKVAPOLRJNG","MachineName":"LEGION-JUANMA","ThreadId":14}
2026-04-21 00:32:09.238 -03:00 [ERR] An exception occurred while iterating over the results of a query for context type 'comara.Data.ApplicationDbContext'.
Npgsql.PostgresException (0x80004005): 42703: no existe la columna c.TipoRazonCreaId

POSITION: 621
   at Npgsql.Internal.NpgsqlConnector.ReadMessageLong(Boolean async, DataRowLoadingMode dataRowLoadingMode, Boolean readingNotifications, Boolean isReadingPrependedMessage)
   at System.Runtime.CompilerServices.PoolingAsyncValueTaskMethodBuilder`1.StateMachineBox`1.System.Threading.Tasks.Sources.IValueTaskSource<TResult>.GetResult(Int16 token)
   at Npgsql.NpgsqlDataReader.NextResult(Boolean async, Boolean isConsuming, CancellationToken cancellationToken)
   at Npgsql.NpgsqlDataReader.NextResult(Boolean async, Boolean isConsuming, CancellationToken cancellationToken)
   at Npgsql.NpgsqlCommand.ExecuteReader(Boolean async, CommandBehavior behavior, CancellationToken cancellationToken)
   at Npgsql.NpgsqlCommand.ExecuteReader(Boolean async, CommandBehavior behavior, CancellationToken cancellationToken)
   at Npgsql.NpgsqlCommand.ExecuteDbDataReaderAsync(CommandBehavior behavior, CancellationToken cancellationToken)
   at Microsoft.EntityFrameworkCore.Storage.RelationalCommand.ExecuteReaderAsync(RelationalCommandParameterObject parameterObject, CancellationToken cancellationToken)
   at Microsoft.EntityFrameworkCore.Storage.RelationalCommand.ExecuteReaderAsync(RelationalCommandParameterObject parameterObject, CancellationToken cancellationToken)
   at Microsoft.EntityFrameworkCore.Query.Internal.SingleQueryingEnumerable`1.AsyncEnumerator.InitializeReaderAsync(AsyncEnumerator enumerator, CancellationToken cancellationToken)
   at Npgsql.EntityFrameworkCore.PostgreSQL.Storage.Internal.NpgsqlExecutionStrategy.ExecuteAsync[TState,TResult](TState state, Func`4 operation, Func`4 verifySucceeded, CancellationToken cancellationToken)
   at Microsoft.EntityFrameworkCore.Query.Internal.SingleQueryingEnumerable`1.AsyncEnumerator.MoveNextAsync()
  Exception data:
    Severity: ERROR
    SqlState: 42703
    MessageText: no existe la columna c.TipoRazonCreaId
    Position: 621
    File: parse_relation.c
    Line: 3721
    Routine: errorMissingColumn {"EventId":{"Id":10100,"Name":"Microsoft.EntityFrameworkCore.Query.QueryIterationFailed"},"SourceContext":"Microsoft.EntityFrameworkCore.Query","ActionId":"71aec306-1dfe-45fb-b19b-e21c45d959cd","ActionName":"comara.Controllers.CotizacionesController.Index (comara)","RequestId":"0HNKVAPOLRJNG:00000025","RequestPath":"/Cotizaciones","ConnectionId":"0HNKVAPOLRJNG","MachineName":"LEGION-JUANMA","ThreadId":14}
Npgsql.PostgresException (0x80004005): 42703: no existe la columna c.TipoRazonCreaId

POSITION: 621
   at Npgsql.Internal.NpgsqlConnector.ReadMessageLong(Boolean async, DataRowLoadingMode dataRowLoadingMode, Boolean readingNotifications, Boolean isReadingPrependedMessage)
   at System.Runtime.CompilerServices.PoolingAsyncValueTaskMethodBuilder`1.StateMachineBox`1.System.Threading.Tasks.Sources.IValueTaskSource<TResult>.GetResult(Int16 token)
   at Npgsql.NpgsqlDataReader.NextResult(Boolean async, Boolean isConsuming, CancellationToken cancellationToken)
   at Npgsql.NpgsqlDataReader.NextResult(Boolean async, Boolean isConsuming, CancellationToken cancellationToken)
   at Npgsql.NpgsqlCommand.ExecuteReader(Boolean async, CommandBehavior behavior, CancellationToken cancellationToken)
   at Npgsql.NpgsqlCommand.ExecuteReader(Boolean async, CommandBehavior behavior, CancellationToken cancellationToken)
   at Npgsql.NpgsqlCommand.ExecuteDbDataReaderAsync(CommandBehavior behavior, CancellationToken cancellationToken)
   at Microsoft.EntityFrameworkCore.Storage.RelationalCommand.ExecuteReaderAsync(RelationalCommandParameterObject parameterObject, CancellationToken cancellationToken)
   at Microsoft.EntityFrameworkCore.Storage.RelationalCommand.ExecuteReaderAsync(RelationalCommandParameterObject parameterObject, CancellationToken cancellationToken)
   at Microsoft.EntityFrameworkCore.Query.Internal.SingleQueryingEnumerable`1.AsyncEnumerator.InitializeReaderAsync(AsyncEnumerator enumerator, CancellationToken cancellationToken)
   at Npgsql.EntityFrameworkCore.PostgreSQL.Storage.Internal.NpgsqlExecutionStrategy.ExecuteAsync[TState,TResult](TState state, Func`4 operation, Func`4 verifySucceeded, CancellationToken cancellationToken)
   at Microsoft.EntityFrameworkCore.Query.Internal.SingleQueryingEnumerable`1.AsyncEnumerator.MoveNextAsync()
  Exception data:
    Severity: ERROR
    SqlState: 42703
    MessageText: no existe la columna c.TipoRazonCreaId
    Position: 621
    File: parse_relation.c
    Line: 3721
    Routine: errorMissingColumn
2026-04-21 00:32:09.272 -03:00 [ERR] Error no manejado en Cotizaciones/Index: 42703: no existe la columna c.TipoRazonCreaId

POSITION: 621 {"SourceContext":"comara.Filters.GlobalExceptionFilter","ActionId":"71aec306-1dfe-45fb-b19b-e21c45d959cd","ActionName":"comara.Controllers.CotizacionesController.Index (comara)","RequestId":"0HNKVAPOLRJNG:00000025","RequestPath":"/Cotizaciones","ConnectionId":"0HNKVAPOLRJNG","MachineName":"LEGION-JUANMA","ThreadId":14}
Npgsql.PostgresException (0x80004005): 42703: no existe la columna c.TipoRazonCreaId

POSITION: 621
   at Npgsql.Internal.NpgsqlConnector.ReadMessageLong(Boolean async, DataRowLoadingMode dataRowLoadingMode, Boolean readingNotifications, Boolean isReadingPrependedMessage)
   at System.Runtime.CompilerServices.PoolingAsyncValueTaskMethodBuilder`1.StateMachineBox`1.System.Threading.Tasks.Sources.IValueTaskSource<TResult>.GetResult(Int16 token)
   at Npgsql.NpgsqlDataReader.NextResult(Boolean async, Boolean isConsuming, CancellationToken cancellationToken)
   at Npgsql.NpgsqlDataReader.NextResult(Boolean async, Boolean isConsuming, CancellationToken cancellationToken)
   at Npgsql.NpgsqlCommand.ExecuteReader(Boolean async, CommandBehavior behavior, CancellationToken cancellationToken)
   at Npgsql.NpgsqlCommand.ExecuteReader(Boolean async, CommandBehavior behavior, CancellationToken cancellationToken)
   at Npgsql.NpgsqlCommand.ExecuteDbDataReaderAsync(CommandBehavior behavior, CancellationToken cancellationToken)
   at Microsoft.EntityFrameworkCore.Storage.RelationalCommand.ExecuteReaderAsync(RelationalCommandParameterObject parameterObject, CancellationToken cancellationToken)
   at Microsoft.EntityFrameworkCore.Storage.RelationalCommand.ExecuteReaderAsync(RelationalCommandParameterObject parameterObject, CancellationToken cancellationToken)
   at Microsoft.EntityFrameworkCore.Query.Internal.SingleQueryingEnumerable`1.AsyncEnumerator.InitializeReaderAsync(AsyncEnumerator enumerator, CancellationToken cancellationToken)
   at Npgsql.EntityFrameworkCore.PostgreSQL.Storage.Internal.NpgsqlExecutionStrategy.ExecuteAsync[TState,TResult](TState state, Func`4 operation, Func`4 verifySucceeded, CancellationToken cancellationToken)
   at Microsoft.EntityFrameworkCore.Query.Internal.SingleQueryingEnumerable`1.AsyncEnumerator.MoveNextAsync()
   at Microsoft.EntityFrameworkCore.EntityFrameworkQueryableExtensions.ToListAsync[TSource](IQueryable`1 source, CancellationToken cancellationToken)
   at Microsoft.EntityFrameworkCore.EntityFrameworkQueryableExtensions.ToListAsync[TSource](IQueryable`1 source, CancellationToken cancellationToken)
   at comara.Controllers.CotizacionesController.Index(String searchTerm, Nullable`1 estadoFilter, Int32 page, Int32 pageSize) in C:\Users\Juanma\OneDrive - alumnos.frm.utn.edu.ar\Trabajo\SISTEMA COMARA\comara\Controllers\CotizacionesController.cs:line 59
   at Microsoft.AspNetCore.Mvc.Infrastructure.ActionMethodExecutor.TaskOfIActionResultExecutor.Execute(ActionContext actionContext, IActionResultTypeMapper mapper, ObjectMethodExecutor executor, Object controller, Object[] arguments)
   at Microsoft.AspNetCore.Mvc.Infrastructure.ControllerActionInvoker.<InvokeActionMethodAsync>g__Awaited|12_0(ControllerActionInvoker invoker, ValueTask`1 actionResultValueTask)
   at Microsoft.AspNetCore.Mvc.Infrastructure.ControllerActionInvoker.<InvokeNextActionFilterAsync>g__Awaited|10_0(ControllerActionInvoker invoker, Task lastTask, State next, Scope scope, Object state, Boolean isCompleted)
   at Microsoft.AspNetCore.Mvc.Infrastructure.ControllerActionInvoker.Rethrow(ActionExecutedContextSealed context)
   at Microsoft.AspNetCore.Mvc.Infrastructure.ControllerActionInvoker.Next(State& next, Scope& scope, Object& state, Boolean& isCompleted)
   at Microsoft.AspNetCore.Mvc.Infrastructure.ControllerActionInvoker.<InvokeInnerFilterAsync>g__Awaited|13_0(ControllerActionInvoker invoker, Task lastTask, State next, Scope scope, Object state, Boolean isCompleted)
   at Microsoft.AspNetCore.Mvc.Infrastructure.ResourceInvoker.<InvokeNextExceptionFilterAsync>g__Awaited|26_0(ResourceInvoker invoker, Task lastTask, State next, Scope scope, Object state, Boolean isCompleted)
  Exception data:
    Severity: ERROR
    SqlState: 42703
    MessageText: no existe la columna c.TipoRazonCreaId
    Position: 621
    File: parse_relation.c
    Line: 3721
    Routine: errorMissingColumn
2026-04-21 00:33:06.143 -03:00 [WRN] Compiling a query which loads related collections for more than one collection navigation, either via 'Include' or through projection, but no 'QuerySplittingBehavior' has been configured. By default, Entity Framework will use 'QuerySplittingBehavior.SingleQuery', which can potentially result in slow query performance. See https://go.microsoft.com/fwlink/?linkid=2134277 for more information. To identify the query that's triggering this warning call 'ConfigureWarnings(w => w.Throw(RelationalEventId.MultipleCollectionIncludeWarning))'. {"EventId":{"Id":20504,"Name":"Microsoft.EntityFrameworkCore.Query.MultipleCollectionIncludeWarning"},"SourceContext":"Microsoft.EntityFrameworkCore.Query","ActionId":"b129ea3a-44f8-4632-afa2-8277cc43952b","ActionName":"comara.Controllers.VentasController.Details (comara)","RequestId":"0HNKVAPOLRJNG:00000045","RequestPath":"/Ventas/Details/46","ConnectionId":"0HNKVAPOLRJNG","MachineName":"LEGION-JUANMA","ThreadId":19}
2026-04-21 00:33:42.029 -03:00 [ERR] Failed executing DbCommand (3ms) [Parameters=[@__p_1='?' (DbType = Int32), @__p_0='?' (DbType = Int32)], CommandType='"Text"', CommandTimeout='30']
SELECT c1."cotCod", c1."cliCod", c1."cotDiasOferta", c1."cotDiasPago", c1."cotEstado", c1."cotEstadoId", c1."cotFech", c1."cotTotal", c1."listaCod", c1."razonCrea", c1."TipoRazonCreaId", c0.id, c0."cliCondicionIVA", c0."cliDireccion", c0."cliEmail", c0."cliFormaPago", c0."cliNombre", c0."cliNumDoc", c0."cliTelefono", c0."cliTipoDoc", c2.id, c2.color, c2.descripcion, d."detCotCod", d."artCod", d."cotCod", d."detCant", d."detPrecio", d."detSubtotal"
FROM (
    SELECT c."cotCod", c."cliCod", c."cotDiasOferta", c."cotDiasPago", c."cotEstado", c."cotEstadoId", c."cotFech", c."cotTotal", c."listaCod", c."razonCrea", c."TipoRazonCreaId"
    FROM "COTIZACIONES" AS c
    ORDER BY c."cotCod" DESC
    LIMIT @__p_1 OFFSET @__p_0
) AS c1
INNER JOIN "CLIENTES" AS c0 ON c1."cliCod" = c0.id
LEFT JOIN "cotizacionEstados" AS c2 ON c1."cotEstadoId" = c2.id
LEFT JOIN "DETALLE_COTIZACIONES" AS d ON c1."cotCod" = d."cotCod"
ORDER BY c1."cotCod" DESC, c0.id, c2.id {"EventId":{"Id":20102,"Name":"Microsoft.EntityFrameworkCore.Database.Command.CommandError"},"SourceContext":"Microsoft.EntityFrameworkCore.Database.Command","ActionId":"71aec306-1dfe-45fb-b19b-e21c45d959cd","ActionName":"comara.Controllers.CotizacionesController.Index (comara)","RequestId":"0HNKVAPOLRJNG:0000004B","RequestPath":"/Cotizaciones","ConnectionId":"0HNKVAPOLRJNG","MachineName":"LEGION-JUANMA","ThreadId":25}
2026-04-21 00:33:42.041 -03:00 [ERR] An exception occurred while iterating over the results of a query for context type 'comara.Data.ApplicationDbContext'.
Npgsql.PostgresException (0x80004005): 42703: no existe la columna c.TipoRazonCreaId

POSITION: 621
   at Npgsql.Internal.NpgsqlConnector.ReadMessageLong(Boolean async, DataRowLoadingMode dataRowLoadingMode, Boolean readingNotifications, Boolean isReadingPrependedMessage)
   at System.Runtime.CompilerServices.PoolingAsyncValueTaskMethodBuilder`1.StateMachineBox`1.System.Threading.Tasks.Sources.IValueTaskSource<TResult>.GetResult(Int16 token)
   at Npgsql.NpgsqlDataReader.NextResult(Boolean async, Boolean isConsuming, CancellationToken cancellationToken)
   at Npgsql.NpgsqlDataReader.NextResult(Boolean async, Boolean isConsuming, CancellationToken cancellationToken)
   at Npgsql.NpgsqlCommand.ExecuteReader(Boolean async, CommandBehavior behavior, CancellationToken cancellationToken)
   at Npgsql.NpgsqlCommand.ExecuteReader(Boolean async, CommandBehavior behavior, CancellationToken cancellationToken)
   at Npgsql.NpgsqlCommand.ExecuteDbDataReaderAsync(CommandBehavior behavior, CancellationToken cancellationToken)
   at Microsoft.EntityFrameworkCore.Storage.RelationalCommand.ExecuteReaderAsync(RelationalCommandParameterObject parameterObject, CancellationToken cancellationToken)
   at Microsoft.EntityFrameworkCore.Storage.RelationalCommand.ExecuteReaderAsync(RelationalCommandParameterObject parameterObject, CancellationToken cancellationToken)
   at Microsoft.EntityFrameworkCore.Query.Internal.SingleQueryingEnumerable`1.AsyncEnumerator.InitializeReaderAsync(AsyncEnumerator enumerator, CancellationToken cancellationToken)
   at Npgsql.EntityFrameworkCore.PostgreSQL.Storage.Internal.NpgsqlExecutionStrategy.ExecuteAsync[TState,TResult](TState state, Func`4 operation, Func`4 verifySucceeded, CancellationToken cancellationToken)
   at Microsoft.EntityFrameworkCore.Query.Internal.SingleQueryingEnumerable`1.AsyncEnumerator.MoveNextAsync()
  Exception data:
    Severity: ERROR
    SqlState: 42703
    MessageText: no existe la columna c.TipoRazonCreaId
    Position: 621
    File: parse_relation.c
    Line: 3721
    Routine: errorMissingColumn {"EventId":{"Id":10100,"Name":"Microsoft.EntityFrameworkCore.Query.QueryIterationFailed"},"SourceContext":"Microsoft.EntityFrameworkCore.Query","ActionId":"71aec306-1dfe-45fb-b19b-e21c45d959cd","ActionName":"comara.Controllers.CotizacionesController.Index (comara)","RequestId":"0HNKVAPOLRJNG:0000004B","RequestPath":"/Cotizaciones","ConnectionId":"0HNKVAPOLRJNG","MachineName":"LEGION-JUANMA","ThreadId":25}
Npgsql.PostgresException (0x80004005): 42703: no existe la columna c.TipoRazonCreaId

POSITION: 621
   at Npgsql.Internal.NpgsqlConnector.ReadMessageLong(Boolean async, DataRowLoadingMode dataRowLoadingMode, Boolean readingNotifications, Boolean isReadingPrependedMessage)
   at System.Runtime.CompilerServices.PoolingAsyncValueTaskMethodBuilder`1.StateMachineBox`1.System.Threading.Tasks.Sources.IValueTaskSource<TResult>.GetResult(Int16 token)
   at Npgsql.NpgsqlDataReader.NextResult(Boolean async, Boolean isConsuming, CancellationToken cancellationToken)
   at Npgsql.NpgsqlDataReader.NextResult(Boolean async, Boolean isConsuming, CancellationToken cancellationToken)
   at Npgsql.NpgsqlCommand.ExecuteReader(Boolean async, CommandBehavior behavior, CancellationToken cancellationToken)
   at Npgsql.NpgsqlCommand.ExecuteReader(Boolean async, CommandBehavior behavior, CancellationToken cancellationToken)
   at Npgsql.NpgsqlCommand.ExecuteDbDataReaderAsync(CommandBehavior behavior, CancellationToken cancellationToken)
   at Microsoft.EntityFrameworkCore.Storage.RelationalCommand.ExecuteReaderAsync(RelationalCommandParameterObject parameterObject, CancellationToken cancellationToken)
   at Microsoft.EntityFrameworkCore.Storage.RelationalCommand.ExecuteReaderAsync(RelationalCommandParameterObject parameterObject, CancellationToken cancellationToken)
   at Microsoft.EntityFrameworkCore.Query.Internal.SingleQueryingEnumerable`1.AsyncEnumerator.InitializeReaderAsync(AsyncEnumerator enumerator, CancellationToken cancellationToken)
   at Npgsql.EntityFrameworkCore.PostgreSQL.Storage.Internal.NpgsqlExecutionStrategy.ExecuteAsync[TState,TResult](TState state, Func`4 operation, Func`4 verifySucceeded, CancellationToken cancellationToken)
   at Microsoft.EntityFrameworkCore.Query.Internal.SingleQueryingEnumerable`1.AsyncEnumerator.MoveNextAsync()
  Exception data:
    Severity: ERROR
    SqlState: 42703
    MessageText: no existe la columna c.TipoRazonCreaId
    Position: 621
    File: parse_relation.c
    Line: 3721
    Routine: errorMissingColumn
2026-04-21 00:33:42.087 -03:00 [ERR] Error no manejado en Cotizaciones/Index: 42703: no existe la columna c.TipoRazonCreaId

POSITION: 621 {"SourceContext":"comara.Filters.GlobalExceptionFilter","ActionId":"71aec306-1dfe-45fb-b19b-e21c45d959cd","ActionName":"comara.Controllers.CotizacionesController.Index (comara)","RequestId":"0HNKVAPOLRJNG:0000004B","RequestPath":"/Cotizaciones","ConnectionId":"0HNKVAPOLRJNG","MachineName":"LEGION-JUANMA","ThreadId":25}
Npgsql.PostgresException (0x80004005): 42703: no existe la columna c.TipoRazonCreaId

POSITION: 621
   at Npgsql.Internal.NpgsqlConnector.ReadMessageLong(Boolean async, DataRowLoadingMode dataRowLoadingMode, Boolean readingNotifications, Boolean isReadingPrependedMessage)
   at System.Runtime.CompilerServices.PoolingAsyncValueTaskMethodBuilder`1.StateMachineBox`1.System.Threading.Tasks.Sources.IValueTaskSource<TResult>.GetResult(Int16 token)
   at Npgsql.NpgsqlDataReader.NextResult(Boolean async, Boolean isConsuming, CancellationToken cancellationToken)
   at Npgsql.NpgsqlDataReader.NextResult(Boolean async, Boolean isConsuming, CancellationToken cancellationToken)
   at Npgsql.NpgsqlCommand.ExecuteReader(Boolean async, CommandBehavior behavior, CancellationToken cancellationToken)
   at Npgsql.NpgsqlCommand.ExecuteReader(Boolean async, CommandBehavior behavior, CancellationToken cancellationToken)
   at Npgsql.NpgsqlCommand.ExecuteDbDataReaderAsync(CommandBehavior behavior, CancellationToken cancellationToken)
   at Microsoft.EntityFrameworkCore.Storage.RelationalCommand.ExecuteReaderAsync(RelationalCommandParameterObject parameterObject, CancellationToken cancellationToken)
   at Microsoft.EntityFrameworkCore.Storage.RelationalCommand.ExecuteReaderAsync(RelationalCommandParameterObject parameterObject, CancellationToken cancellationToken)
   at Microsoft.EntityFrameworkCore.Query.Internal.SingleQueryingEnumerable`1.AsyncEnumerator.InitializeReaderAsync(AsyncEnumerator enumerator, CancellationToken cancellationToken)
   at Npgsql.EntityFrameworkCore.PostgreSQL.Storage.Internal.NpgsqlExecutionStrategy.ExecuteAsync[TState,TResult](TState state, Func`4 operation, Func`4 verifySucceeded, CancellationToken cancellationToken)
   at Microsoft.EntityFrameworkCore.Query.Internal.SingleQueryingEnumerable`1.AsyncEnumerator.MoveNextAsync()
   at Microsoft.EntityFrameworkCore.EntityFrameworkQueryableExtensions.ToListAsync[TSource](IQueryable`1 source, CancellationToken cancellationToken)
   at Microsoft.EntityFrameworkCore.EntityFrameworkQueryableExtensions.ToListAsync[TSource](IQueryable`1 source, CancellationToken cancellationToken)
   at comara.Controllers.CotizacionesController.Index(String searchTerm, Nullable`1 estadoFilter, Int32 page, Int32 pageSize) in C:\Users\Juanma\OneDrive - alumnos.frm.utn.edu.ar\Trabajo\SISTEMA COMARA\comara\Controllers\CotizacionesController.cs:line 59
   at Microsoft.AspNetCore.Mvc.Infrastructure.ActionMethodExecutor.TaskOfIActionResultExecutor.Execute(ActionContext actionContext, IActionResultTypeMapper mapper, ObjectMethodExecutor executor, Object controller, Object[] arguments)
   at Microsoft.AspNetCore.Mvc.Infrastructure.ControllerActionInvoker.<InvokeActionMethodAsync>g__Awaited|12_0(ControllerActionInvoker invoker, ValueTask`1 actionResultValueTask)
   at Microsoft.AspNetCore.Mvc.Infrastructure.ControllerActionInvoker.<InvokeNextActionFilterAsync>g__Awaited|10_0(ControllerActionInvoker invoker, Task lastTask, State next, Scope scope, Object state, Boolean isCompleted)
   at Microsoft.AspNetCore.Mvc.Infrastructure.ControllerActionInvoker.Rethrow(ActionExecutedContextSealed context)
   at Microsoft.AspNetCore.Mvc.Infrastructure.ControllerActionInvoker.Next(State& next, Scope& scope, Object& state, Boolean& isCompleted)
   at Microsoft.AspNetCore.Mvc.Infrastructure.ControllerActionInvoker.<InvokeInnerFilterAsync>g__Awaited|13_0(ControllerActionInvoker invoker, Task lastTask, State next, Scope scope, Object state, Boolean isCompleted)
   at Microsoft.AspNetCore.Mvc.Infrastructure.ResourceInvoker.<InvokeNextExceptionFilterAsync>g__Awaited|26_0(ResourceInvoker invoker, Task lastTask, State next, Scope scope, Object state, Boolean isCompleted)
  Exception data:
    Severity: ERROR
    SqlState: 42703
    MessageText: no existe la columna c.TipoRazonCreaId
    Position: 621
    File: parse_relation.c
    Line: 3721
    Routine: errorMissingColumn
2026-04-21 00:49:35.929 -03:00 [WRN] The query uses the 'First'/'FirstOrDefault' operator without 'OrderBy' and filter operators. This may lead to unpredictable results. {"EventId":{"Id":10103,"Name":"Microsoft.EntityFrameworkCore.Query.FirstWithoutOrderByAndFilterWarning"},"SourceContext":"Microsoft.EntityFrameworkCore.Query","ActionId":"484fe110-d7df-4f8c-a5be-0cb548080f51","ActionName":"comara.Controllers.CotizacionesController.ConvertToSale (comara)","RequestId":"0HNKVAVP1DG3K:00000057","RequestPath":"/Cotizaciones/ConvertToSale/8","ConnectionId":"0HNKVAVP1DG3K","MachineName":"LEGION-JUANMA","ThreadId":19}
2026-04-21 00:49:36.188 -03:00 [ERR] Failed executing DbCommand (20ms) [Parameters=[@p20='?' (DbType = Int32), @p0='?' (DbType = Binary), @p1='?', @p2='?', @p3='?', @p4='?' (DbType = Decimal), @p5='?', @p6='?' (DbType = Boolean), @p7='?' (DbType = Decimal), @p8='?' (DbType = Decimal), @p9='?' (DbType = Decimal), @p10='?' (DbType = Decimal), @p11='?' (DbType = Decimal), @p12='?' (DbType = Decimal), @p13='?' (DbType = Decimal), @p14='?' (DbType = Int32), @p15='?' (DbType = Int32), @p16='?' (DbType = Int32), @p17='?' (DbType = Int32), @p18='?' (DbType = Int32), @p19='?' (DbType = Int32), @p22='?' (DbType = Int32), @p21='?' (DbType = Int32), @p23='?' (DbType = Int32), @p24='?', @p25='?' (DbType = DateTime), @p26='?' (DbType = Int32), @p27='?' (DbType = Int32), @p28='?' (DbType = DateTime), @p29='?' (DbType = DateTime), @p30='?' (DbType = DateTime), @p31='?' (DbType = Int32), @p32='?' (DbType = Int32), @p33='?' (DbType = Int64), @p34='?', @p35='?' (DbType = Int32), @p36='?', @p37='?' (DbType = Int32), @p38='?' (DbType = Decimal)], CommandType='"Text"', CommandTimeout='30']
UPDATE "ARTICULOS" SET activo = @p0, "artAlt1" = @p1, "artAlt2" = @p2, "artCod" = @p3, "artCosto" = @p4, "artDesc" = @p5, "artExist" = @p6, "artL1" = @p7, "artL2" = @p8, "artL3" = @p9, "artL4" = @p10, "artL5" = @p11, "artStock" = @p12, "artStockMin" = @p13, "artUni" = @p14, "ivaCod" = @p15, "marCod" = @p16, "proCod" = @p17, "rubCod" = @p18, "srubCod" = @p19
WHERE id = @p20;
UPDATE "COTIZACIONES" SET "cotEstadoId" = @p21
WHERE "cotCod" = @p22;
INSERT INTO "VENTAS" ("cliCod", "venCAE", "venCAEVencimiento", "venEstado", "venEstadoPago", "venFech", "venFechVenta", "venFechaAutorizacion", "venLista", "venMetodoPago", "venNumComprobante", "venObservacionesAfip", "venPuntoVenta", "venResultadoAfip", "venTipoCbte", "venTotal")
VALUES (@p23, @p24, @p25, @p26, @p27, @p28, @p29, @p30, @p31, @p32, @p33, @p34, @p35, @p36, @p37, @p38)
RETURNING "venCod"; {"EventId":{"Id":20102,"Name":"Microsoft.EntityFrameworkCore.Database.Command.CommandError"},"SourceContext":"Microsoft.EntityFrameworkCore.Database.Command","ActionId":"484fe110-d7df-4f8c-a5be-0cb548080f51","ActionName":"comara.Controllers.CotizacionesController.ConvertToSale (comara)","RequestId":"0HNKVAVP1DG3K:00000057","RequestPath":"/Cotizaciones/ConvertToSale/8","ConnectionId":"0HNKVAVP1DG3K","MachineName":"LEGION-JUANMA","ThreadId":39}
2026-04-21 00:49:36.240 -03:00 [ERR] An exception occurred in the database while saving changes for context type 'comara.Data.ApplicationDbContext'.
Microsoft.EntityFrameworkCore.DbUpdateException: An error occurred while saving the entity changes. See the inner exception for details.
 ---> Npgsql.PostgresException (0x80004005): 23503: inserción o actualización en la tabla «VENTAS» viola la llave foránea «FK_VENTAS_tipoComprobante»

DETAIL: Detail redacted as it may contain sensitive data. Specify 'Include Error Detail' in the connection string to include this information.
   at Npgsql.Internal.NpgsqlConnector.ReadMessageLong(Boolean async, DataRowLoadingMode dataRowLoadingMode, Boolean readingNotifications, Boolean isReadingPrependedMessage)
   at System.Runtime.CompilerServices.PoolingAsyncValueTaskMethodBuilder`1.StateMachineBox`1.System.Threading.Tasks.Sources.IValueTaskSource<TResult>.GetResult(Int16 token)
   at Npgsql.NpgsqlDataReader.NextResult(Boolean async, Boolean isConsuming, CancellationToken cancellationToken)
   at Npgsql.NpgsqlDataReader.NextResult(Boolean async, Boolean isConsuming, CancellationToken cancellationToken)
   at Npgsql.NpgsqlCommand.ExecuteReader(Boolean async, CommandBehavior behavior, CancellationToken cancellationToken)
   at Npgsql.NpgsqlCommand.ExecuteReader(Boolean async, CommandBehavior behavior, CancellationToken cancellationToken)
   at Npgsql.NpgsqlCommand.ExecuteDbDataReaderAsync(CommandBehavior behavior, CancellationToken cancellationToken)
   at Microsoft.EntityFrameworkCore.Storage.RelationalCommand.ExecuteReaderAsync(RelationalCommandParameterObject parameterObject, CancellationToken cancellationToken)
   at Microsoft.EntityFrameworkCore.Storage.RelationalCommand.ExecuteReaderAsync(RelationalCommandParameterObject parameterObject, CancellationToken cancellationToken)
   at Microsoft.EntityFrameworkCore.Update.ReaderModificationCommandBatch.ExecuteAsync(IRelationalConnection connection, CancellationToken cancellationToken)
  Exception data:
    Severity: ERROR
    SqlState: 23503
    MessageText: inserción o actualización en la tabla «VENTAS» viola la llave foránea «FK_VENTAS_tipoComprobante»
    Detail: Detail redacted as it may contain sensitive data. Specify 'Include Error Detail' in the connection string to include this information.
    SchemaName: public
    TableName: VENTAS
    ConstraintName: FK_VENTAS_tipoComprobante
    File: ri_triggers.c
    Line: 2610
    Routine: ri_ReportViolation
   --- End of inner exception stack trace ---
   at Microsoft.EntityFrameworkCore.Update.ReaderModificationCommandBatch.ExecuteAsync(IRelationalConnection connection, CancellationToken cancellationToken)
   at Microsoft.EntityFrameworkCore.Update.Internal.BatchExecutor.ExecuteAsync(IEnumerable`1 commandBatches, IRelationalConnection connection, CancellationToken cancellationToken)
   at Microsoft.EntityFrameworkCore.Update.Internal.BatchExecutor.ExecuteAsync(IEnumerable`1 commandBatches, IRelationalConnection connection, CancellationToken cancellationToken)
   at Microsoft.EntityFrameworkCore.Update.Internal.BatchExecutor.ExecuteAsync(IEnumerable`1 commandBatches, IRelationalConnection connection, CancellationToken cancellationToken)
   at Microsoft.EntityFrameworkCore.Storage.RelationalDatabase.SaveChangesAsync(IList`1 entries, CancellationToken cancellationToken)
   at Microsoft.EntityFrameworkCore.ChangeTracking.Internal.StateManager.SaveChangesAsync(IList`1 entriesToSave, CancellationToken cancellationToken)
   at Microsoft.EntityFrameworkCore.ChangeTracking.Internal.StateManager.SaveChangesAsync(StateManager stateManager, Boolean acceptAllChangesOnSuccess, CancellationToken cancellationToken)
   at Npgsql.EntityFrameworkCore.PostgreSQL.Storage.Internal.NpgsqlExecutionStrategy.ExecuteAsync[TState,TResult](TState state, Func`4 operation, Func`4 verifySucceeded, CancellationToken cancellationToken)
   at Microsoft.EntityFrameworkCore.DbContext.SaveChangesAsync(Boolean acceptAllChangesOnSuccess, CancellationToken cancellationToken) {"EventId":{"Id":10000,"Name":"Microsoft.EntityFrameworkCore.Update.SaveChangesFailed"},"SourceContext":"Microsoft.EntityFrameworkCore.Update","ActionId":"484fe110-d7df-4f8c-a5be-0cb548080f51","ActionName":"comara.Controllers.CotizacionesController.ConvertToSale (comara)","RequestId":"0HNKVAVP1DG3K:00000057","RequestPath":"/Cotizaciones/ConvertToSale/8","ConnectionId":"0HNKVAVP1DG3K","MachineName":"LEGION-JUANMA","ThreadId":39}
Microsoft.EntityFrameworkCore.DbUpdateException: An error occurred while saving the entity changes. See the inner exception for details.
 ---> Npgsql.PostgresException (0x80004005): 23503: inserción o actualización en la tabla «VENTAS» viola la llave foránea «FK_VENTAS_tipoComprobante»

DETAIL: Detail redacted as it may contain sensitive data. Specify 'Include Error Detail' in the connection string to include this information.
   at Npgsql.Internal.NpgsqlConnector.ReadMessageLong(Boolean async, DataRowLoadingMode dataRowLoadingMode, Boolean readingNotifications, Boolean isReadingPrependedMessage)
   at System.Runtime.CompilerServices.PoolingAsyncValueTaskMethodBuilder`1.StateMachineBox`1.System.Threading.Tasks.Sources.IValueTaskSource<TResult>.GetResult(Int16 token)
   at Npgsql.NpgsqlDataReader.NextResult(Boolean async, Boolean isConsuming, CancellationToken cancellationToken)
   at Npgsql.NpgsqlDataReader.NextResult(Boolean async, Boolean isConsuming, CancellationToken cancellationToken)
   at Npgsql.NpgsqlCommand.ExecuteReader(Boolean async, CommandBehavior behavior, CancellationToken cancellationToken)
   at Npgsql.NpgsqlCommand.ExecuteReader(Boolean async, CommandBehavior behavior, CancellationToken cancellationToken)
   at Npgsql.NpgsqlCommand.ExecuteDbDataReaderAsync(CommandBehavior behavior, CancellationToken cancellationToken)
   at Microsoft.EntityFrameworkCore.Storage.RelationalCommand.ExecuteReaderAsync(RelationalCommandParameterObject parameterObject, CancellationToken cancellationToken)
   at Microsoft.EntityFrameworkCore.Storage.RelationalCommand.ExecuteReaderAsync(RelationalCommandParameterObject parameterObject, CancellationToken cancellationToken)
   at Microsoft.EntityFrameworkCore.Update.ReaderModificationCommandBatch.ExecuteAsync(IRelationalConnection connection, CancellationToken cancellationToken)
  Exception data:
    Severity: ERROR
    SqlState: 23503
    MessageText: inserción o actualización en la tabla «VENTAS» viola la llave foránea «FK_VENTAS_tipoComprobante»
    Detail: Detail redacted as it may contain sensitive data. Specify 'Include Error Detail' in the connection string to include this information.
    SchemaName: public
    TableName: VENTAS
    ConstraintName: FK_VENTAS_tipoComprobante
    File: ri_triggers.c
    Line: 2610
    Routine: ri_ReportViolation
   --- End of inner exception stack trace ---
   at Microsoft.EntityFrameworkCore.Update.ReaderModificationCommandBatch.ExecuteAsync(IRelationalConnection connection, CancellationToken cancellationToken)
   at Microsoft.EntityFrameworkCore.Update.Internal.BatchExecutor.ExecuteAsync(IEnumerable`1 commandBatches, IRelationalConnection connection, CancellationToken cancellationToken)
   at Microsoft.EntityFrameworkCore.Update.Internal.BatchExecutor.ExecuteAsync(IEnumerable`1 commandBatches, IRelationalConnection connection, CancellationToken cancellationToken)
   at Microsoft.EntityFrameworkCore.Update.Internal.BatchExecutor.ExecuteAsync(IEnumerable`1 commandBatches, IRelationalConnection connection, CancellationToken cancellationToken)
   at Microsoft.EntityFrameworkCore.Storage.RelationalDatabase.SaveChangesAsync(IList`1 entries, CancellationToken cancellationToken)
   at Microsoft.EntityFrameworkCore.ChangeTracking.Internal.StateManager.SaveChangesAsync(IList`1 entriesToSave, CancellationToken cancellationToken)
   at Microsoft.EntityFrameworkCore.ChangeTracking.Internal.StateManager.SaveChangesAsync(StateManager stateManager, Boolean acceptAllChangesOnSuccess, CancellationToken cancellationToken)
   at Npgsql.EntityFrameworkCore.PostgreSQL.Storage.Internal.NpgsqlExecutionStrategy.ExecuteAsync[TState,TResult](TState state, Func`4 operation, Func`4 verifySucceeded, CancellationToken cancellationToken)
   at Microsoft.EntityFrameworkCore.DbContext.SaveChangesAsync(Boolean acceptAllChangesOnSuccess, CancellationToken cancellationToken)
2026-04-21 00:49:36.322 -03:00 [ERR] Error al convertir cotización 8 a venta {"SourceContext":"comara.Controllers.CotizacionesController","ActionId":"484fe110-d7df-4f8c-a5be-0cb548080f51","ActionName":"comara.Controllers.CotizacionesController.ConvertToSale (comara)","RequestId":"0HNKVAVP1DG3K:00000057","RequestPath":"/Cotizaciones/ConvertToSale/8","ConnectionId":"0HNKVAVP1DG3K","MachineName":"LEGION-JUANMA","ThreadId":39}
Microsoft.EntityFrameworkCore.DbUpdateException: An error occurred while saving the entity changes. See the inner exception for details.
 ---> Npgsql.PostgresException (0x80004005): 23503: inserción o actualización en la tabla «VENTAS» viola la llave foránea «FK_VENTAS_tipoComprobante»

DETAIL: Detail redacted as it may contain sensitive data. Specify 'Include Error Detail' in the connection string to include this information.
   at Npgsql.Internal.NpgsqlConnector.ReadMessageLong(Boolean async, DataRowLoadingMode dataRowLoadingMode, Boolean readingNotifications, Boolean isReadingPrependedMessage)
   at System.Runtime.CompilerServices.PoolingAsyncValueTaskMethodBuilder`1.StateMachineBox`1.System.Threading.Tasks.Sources.IValueTaskSource<TResult>.GetResult(Int16 token)
   at Npgsql.NpgsqlDataReader.NextResult(Boolean async, Boolean isConsuming, CancellationToken cancellationToken)
   at Npgsql.NpgsqlDataReader.NextResult(Boolean async, Boolean isConsuming, CancellationToken cancellationToken)
   at Npgsql.NpgsqlCommand.ExecuteReader(Boolean async, CommandBehavior behavior, CancellationToken cancellationToken)
   at Npgsql.NpgsqlCommand.ExecuteReader(Boolean async, CommandBehavior behavior, CancellationToken cancellationToken)
   at Npgsql.NpgsqlCommand.ExecuteDbDataReaderAsync(CommandBehavior behavior, CancellationToken cancellationToken)
   at Microsoft.EntityFrameworkCore.Storage.RelationalCommand.ExecuteReaderAsync(RelationalCommandParameterObject parameterObject, CancellationToken cancellationToken)
   at Microsoft.EntityFrameworkCore.Storage.RelationalCommand.ExecuteReaderAsync(RelationalCommandParameterObject parameterObject, CancellationToken cancellationToken)
   at Microsoft.EntityFrameworkCore.Update.ReaderModificationCommandBatch.ExecuteAsync(IRelationalConnection connection, CancellationToken cancellationToken)
  Exception data:
    Severity: ERROR
    SqlState: 23503
    MessageText: inserción o actualización en la tabla «VENTAS» viola la llave foránea «FK_VENTAS_tipoComprobante»
    Detail: Detail redacted as it may contain sensitive data. Specify 'Include Error Detail' in the connection string to include this information.
    SchemaName: public
    TableName: VENTAS
    ConstraintName: FK_VENTAS_tipoComprobante
    File: ri_triggers.c
    Line: 2610
    Routine: ri_ReportViolation
   --- End of inner exception stack trace ---
   at Microsoft.EntityFrameworkCore.Update.ReaderModificationCommandBatch.ExecuteAsync(IRelationalConnection connection, CancellationToken cancellationToken)
   at Microsoft.EntityFrameworkCore.Update.Internal.BatchExecutor.ExecuteAsync(IEnumerable`1 commandBatches, IRelationalConnection connection, CancellationToken cancellationToken)
   at Microsoft.EntityFrameworkCore.Update.Internal.BatchExecutor.ExecuteAsync(IEnumerable`1 commandBatches, IRelationalConnection connection, CancellationToken cancellationToken)
   at Microsoft.EntityFrameworkCore.Update.Internal.BatchExecutor.ExecuteAsync(IEnumerable`1 commandBatches, IRelationalConnection connection, CancellationToken cancellationToken)
   at Microsoft.EntityFrameworkCore.Storage.RelationalDatabase.SaveChangesAsync(IList`1 entries, CancellationToken cancellationToken)
   at Microsoft.EntityFrameworkCore.ChangeTracking.Internal.StateManager.SaveChangesAsync(IList`1 entriesToSave, CancellationToken cancellationToken)
   at Microsoft.EntityFrameworkCore.ChangeTracking.Internal.StateManager.SaveChangesAsync(StateManager stateManager, Boolean acceptAllChangesOnSuccess, CancellationToken cancellationToken)
   at Npgsql.EntityFrameworkCore.PostgreSQL.Storage.Internal.NpgsqlExecutionStrategy.ExecuteAsync[TState,TResult](TState state, Func`4 operation, Func`4 verifySucceeded, CancellationToken cancellationToken)
   at Microsoft.EntityFrameworkCore.DbContext.SaveChangesAsync(Boolean acceptAllChangesOnSuccess, CancellationToken cancellationToken)
   at Microsoft.EntityFrameworkCore.DbContext.SaveChangesAsync(Boolean acceptAllChangesOnSuccess, CancellationToken cancellationToken)
   at comara.Data.ApplicationDbContext.SaveChangesAsync(CancellationToken cancellationToken) in C:\Users\Juanma\OneDrive - alumnos.frm.utn.edu.ar\Trabajo\SISTEMA COMARA\comara\Data\ApplicationDbContext.cs:line 483
   at comara.Controllers.CotizacionesController.ConvertToSale(VentaViewModel model, String itemsJson) in C:\Users\Juanma\OneDrive - alumnos.frm.utn.edu.ar\Trabajo\SISTEMA COMARA\comara\Controllers\CotizacionesController.cs:line 510
2026-04-21 00:49:36.363 -03:00 [WRN] Unable to configure Browser Link script injection on the response.  {"EventId":{"Id":3,"Name":"FailedToConfigureForBrowserLink"},"SourceContext":"Microsoft.WebTools.BrowserLink.Net.BrowserLinkMiddleware","RequestId":"0HNKVAVP1DG3K:00000057","RequestPath":"/Cotizaciones/ConvertToSale/8","ConnectionId":"0HNKVAVP1DG3K","MachineName":"LEGION-JUANMA","ThreadId":39}
2026-04-21 00:49:57.521 -03:00 [ERR] An unhandled exception has occurred while executing the request. {"EventId":{"Id":1,"Name":"UnhandledException"},"SourceContext":"Microsoft.AspNetCore.Diagnostics.DeveloperExceptionPageMiddleware","RequestId":"0HNKVAVP1DG3K:0000005B","RequestPath":"/Cotizaciones/ConvertToSale/8","ConnectionId":"0HNKVAVP1DG3K","MachineName":"LEGION-JUANMA","ThreadId":40}
System.NullReferenceException: Object reference not set to an instance of an object.
   at Microsoft.AspNetCore.Mvc.Rendering.MultiSelectList.GetListItemsWithValueField()
   at Microsoft.AspNetCore.Mvc.Rendering.MultiSelectList.GetEnumerator()
   at System.Collections.Generic.List`1..ctor(IEnumerable`1 collection)
   at System.Linq.Enumerable.ToList[TSource](IEnumerable`1 source)
   at Microsoft.AspNetCore.Mvc.ViewFeatures.DefaultHtmlGenerator.GenerateGroupsAndOptions(String optionLabel, IEnumerable`1 selectList, ICollection`1 currentValues)
   at Microsoft.AspNetCore.Mvc.ViewFeatures.DefaultHtmlGenerator.GenerateSelect(ViewContext viewContext, ModelExplorer modelExplorer, String optionLabel, String expression, IEnumerable`1 selectList, ICollection`1 currentValues, Boolean allowMultiple, Object htmlAttributes)
   at Microsoft.AspNetCore.Mvc.TagHelpers.SelectTagHelper.Process(TagHelperContext context, TagHelperOutput output)
   at Microsoft.AspNetCore.Razor.TagHelpers.TagHelper.ProcessAsync(TagHelperContext context, TagHelperOutput output)
   at Microsoft.AspNetCore.Razor.Runtime.TagHelpers.TagHelperRunner.RunAsync(TagHelperExecutionContext executionContext)
   at AspNetCoreGeneratedDocument.Views_Cotizaciones_ConvertToSale.<ExecuteAsync>b__24_0()
   at Microsoft.AspNetCore.Razor.Runtime.TagHelpers.TagHelperExecutionContext.GetChildContentAsync(Boolean useCachedResult, HtmlEncoder encoder)
   at Microsoft.AspNetCore.Mvc.TagHelpers.RenderAtEndOfFormTagHelper.ProcessAsync(TagHelperContext context, TagHelperOutput output)
   at Microsoft.AspNetCore.Razor.Runtime.TagHelpers.TagHelperRunner.<RunAsync>g__Awaited|0_0(Task task, TagHelperExecutionContext executionContext, Int32 i, Int32 count)
   at AspNetCoreGeneratedDocument.Views_Cotizaciones_ConvertToSale.ExecuteAsync() in C:\Users\Juanma\OneDrive - alumnos.frm.utn.edu.ar\Trabajo\SISTEMA COMARA\comara\Views\Cotizaciones\ConvertToSale.cshtml:line 4
   at Microsoft.AspNetCore.Mvc.Razor.RazorView.RenderPageCoreAsync(IRazorPage page, ViewContext context)
   at Microsoft.AspNetCore.Mvc.Razor.RazorView.RenderPageAsync(IRazorPage page, ViewContext context, Boolean invokeViewStarts)
   at Microsoft.AspNetCore.Mvc.Razor.RazorView.RenderAsync(ViewContext context)
   at Microsoft.AspNetCore.Mvc.ViewFeatures.ViewExecutor.ExecuteAsync(ViewContext viewContext, String contentType, Nullable`1 statusCode)
   at Microsoft.AspNetCore.Mvc.ViewFeatures.ViewExecutor.ExecuteAsync(ViewContext viewContext, String contentType, Nullable`1 statusCode)
   at Microsoft.AspNetCore.Mvc.ViewFeatures.ViewExecutor.ExecuteAsync(ActionContext actionContext, IView view, ViewDataDictionary viewData, ITempDataDictionary tempData, String contentType, Nullable`1 statusCode)
   at Microsoft.AspNetCore.Mvc.ViewFeatures.ViewResultExecutor.ExecuteAsync(ActionContext context, ViewResult result)
   at Microsoft.AspNetCore.Mvc.ViewResult.ExecuteResultAsync(ActionContext context)
   at Microsoft.AspNetCore.Mvc.Infrastructure.ResourceInvoker.<InvokeNextResultFilterAsync>g__Awaited|30_0[TFilter,TFilterAsync](ResourceInvoker invoker, Task lastTask, State next, Scope scope, Object state, Boolean isCompleted)
   at Microsoft.AspNetCore.Mvc.Infrastructure.ResourceInvoker.Rethrow(ResultExecutedContextSealed context)
   at Microsoft.AspNetCore.Mvc.Infrastructure.ResourceInvoker.ResultNext[TFilter,TFilterAsync](State& next, Scope& scope, Object& state, Boolean& isCompleted)
   at Microsoft.AspNetCore.Mvc.Infrastructure.ResourceInvoker.InvokeResultFilters()
--- End of stack trace from previous location ---
   at Microsoft.AspNetCore.Mvc.Infrastructure.ResourceInvoker.<InvokeNextResourceFilter>g__Awaited|25_0(ResourceInvoker invoker, Task lastTask, State next, Scope scope, Object state, Boolean isCompleted)
   at Microsoft.AspNetCore.Mvc.Infrastructure.ResourceInvoker.Rethrow(ResourceExecutedContextSealed context)
   at Microsoft.AspNetCore.Mvc.Infrastructure.ResourceInvoker.Next(State& next, Scope& scope, Object& state, Boolean& isCompleted)
   at Microsoft.AspNetCore.Mvc.Infrastructure.ResourceInvoker.<InvokeFilterPipelineAsync>g__Awaited|20_0(ResourceInvoker invoker, Task lastTask, State next, Scope scope, Object state, Boolean isCompleted)
   at Microsoft.AspNetCore.Mvc.Infrastructure.ResourceInvoker.<InvokeAsync>g__Awaited|17_0(ResourceInvoker invoker, Task task, IDisposable scope)
   at Microsoft.AspNetCore.Mvc.Infrastructure.ResourceInvoker.<InvokeAsync>g__Awaited|17_0(ResourceInvoker invoker, Task task, IDisposable scope)
   at Microsoft.AspNetCore.Authorization.AuthorizationMiddleware.Invoke(HttpContext context)
   at Microsoft.AspNetCore.Authentication.AuthenticationMiddleware.Invoke(HttpContext context)
   at Microsoft.AspNetCore.Session.SessionMiddleware.Invoke(HttpContext context)
   at Microsoft.AspNetCore.Session.SessionMiddleware.Invoke(HttpContext context)
   at Microsoft.AspNetCore.Localization.RequestLocalizationMiddleware.Invoke(HttpContext context)
   at Microsoft.AspNetCore.Diagnostics.DeveloperExceptionPageMiddlewareImpl.Invoke(HttpContext context)
2026-04-21 00:51:11.431 -03:00 [ERR] Failed executing DbCommand (4ms) [Parameters=[@p20='?' (DbType = Int32), @p0='?' (DbType = Binary), @p1='?', @p2='?', @p3='?', @p4='?' (DbType = Decimal), @p5='?', @p6='?' (DbType = Boolean), @p7='?' (DbType = Decimal), @p8='?' (DbType = Decimal), @p9='?' (DbType = Decimal), @p10='?' (DbType = Decimal), @p11='?' (DbType = Decimal), @p12='?' (DbType = Decimal), @p13='?' (DbType = Decimal), @p14='?' (DbType = Int32), @p15='?' (DbType = Int32), @p16='?' (DbType = Int32), @p17='?' (DbType = Int32), @p18='?' (DbType = Int32), @p19='?' (DbType = Int32), @p41='?' (DbType = Int32), @p21='?' (DbType = Binary), @p22='?', @p23='?', @p24='?', @p25='?' (DbType = Decimal), @p26='?', @p27='?' (DbType = Boolean), @p28='?' (DbType = Decimal), @p29='?' (DbType = Decimal), @p30='?' (DbType = Decimal), @p31='?' (DbType = Decimal), @p32='?' (DbType = Decimal), @p33='?' (DbType = Decimal), @p34='?' (DbType = Decimal), @p35='?' (DbType = Int32), @p36='?' (DbType = Int32), @p37='?' (DbType = Int32), @p38='?' (DbType = Int32), @p39='?' (DbType = Int32), @p40='?' (DbType = Int32), @p43='?' (DbType = Int32), @p42='?' (DbType = Int32), @p44='?' (DbType = Int32), @p45='?', @p46='?' (DbType = DateTime), @p47='?' (DbType = Int32), @p48='?' (DbType = Int32), @p49='?' (DbType = DateTime), @p50='?' (DbType = DateTime), @p51='?' (DbType = DateTime), @p52='?' (DbType = Int32), @p53='?' (DbType = Int32), @p54='?' (DbType = Int64), @p55='?', @p56='?' (DbType = Int32), @p57='?', @p58='?' (DbType = Int32), @p59='?' (DbType = Decimal)], CommandType='"Text"', CommandTimeout='30']
UPDATE "ARTICULOS" SET activo = @p0, "artAlt1" = @p1, "artAlt2" = @p2, "artCod" = @p3, "artCosto" = @p4, "artDesc" = @p5, "artExist" = @p6, "artL1" = @p7, "artL2" = @p8, "artL3" = @p9, "artL4" = @p10, "artL5" = @p11, "artStock" = @p12, "artStockMin" = @p13, "artUni" = @p14, "ivaCod" = @p15, "marCod" = @p16, "proCod" = @p17, "rubCod" = @p18, "srubCod" = @p19
WHERE id = @p20;
UPDATE "ARTICULOS" SET activo = @p21, "artAlt1" = @p22, "artAlt2" = @p23, "artCod" = @p24, "artCosto" = @p25, "artDesc" = @p26, "artExist" = @p27, "artL1" = @p28, "artL2" = @p29, "artL3" = @p30, "artL4" = @p31, "artL5" = @p32, "artStock" = @p33, "artStockMin" = @p34, "artUni" = @p35, "ivaCod" = @p36, "marCod" = @p37, "proCod" = @p38, "rubCod" = @p39, "srubCod" = @p40
WHERE id = @p41;
UPDATE "COTIZACIONES" SET "cotEstadoId" = @p42
WHERE "cotCod" = @p43;
INSERT INTO "VENTAS" ("cliCod", "venCAE", "venCAEVencimiento", "venEstado", "venEstadoPago", "venFech", "venFechVenta", "venFechaAutorizacion", "venLista", "venMetodoPago", "venNumComprobante", "venObservacionesAfip", "venPuntoVenta", "venResultadoAfip", "venTipoCbte", "venTotal")
VALUES (@p44, @p45, @p46, @p47, @p48, @p49, @p50, @p51, @p52, @p53, @p54, @p55, @p56, @p57, @p58, @p59)
RETURNING "venCod"; {"EventId":{"Id":20102,"Name":"Microsoft.EntityFrameworkCore.Database.Command.CommandError"},"SourceContext":"Microsoft.EntityFrameworkCore.Database.Command","ActionId":"484fe110-d7df-4f8c-a5be-0cb548080f51","ActionName":"comara.Controllers.CotizacionesController.ConvertToSale (comara)","RequestId":"0HNKVAVP1DG3K:0000009B","RequestPath":"/Cotizaciones/ConvertToSale/7","ConnectionId":"0HNKVAVP1DG3K","MachineName":"LEGION-JUANMA","ThreadId":39}
2026-04-21 00:51:11.446 -03:00 [ERR] An exception occurred in the database while saving changes for context type 'comara.Data.ApplicationDbContext'.
Microsoft.EntityFrameworkCore.DbUpdateException: An error occurred while saving the entity changes. See the inner exception for details.
 ---> Npgsql.PostgresException (0x80004005): 23503: inserción o actualización en la tabla «VENTAS» viola la llave foránea «FK_VENTAS_tipoComprobante»

DETAIL: Detail redacted as it may contain sensitive data. Specify 'Include Error Detail' in the connection string to include this information.
   at Npgsql.Internal.NpgsqlConnector.ReadMessageLong(Boolean async, DataRowLoadingMode dataRowLoadingMode, Boolean readingNotifications, Boolean isReadingPrependedMessage)
   at System.Runtime.CompilerServices.PoolingAsyncValueTaskMethodBuilder`1.StateMachineBox`1.System.Threading.Tasks.Sources.IValueTaskSource<TResult>.GetResult(Int16 token)
   at Npgsql.NpgsqlDataReader.NextResult(Boolean async, Boolean isConsuming, CancellationToken cancellationToken)
   at Npgsql.NpgsqlDataReader.NextResult(Boolean async, Boolean isConsuming, CancellationToken cancellationToken)
   at Npgsql.NpgsqlCommand.ExecuteReader(Boolean async, CommandBehavior behavior, CancellationToken cancellationToken)
   at Npgsql.NpgsqlCommand.ExecuteReader(Boolean async, CommandBehavior behavior, CancellationToken cancellationToken)
   at Npgsql.NpgsqlCommand.ExecuteDbDataReaderAsync(CommandBehavior behavior, CancellationToken cancellationToken)
   at Microsoft.EntityFrameworkCore.Storage.RelationalCommand.ExecuteReaderAsync(RelationalCommandParameterObject parameterObject, CancellationToken cancellationToken)
   at Microsoft.EntityFrameworkCore.Storage.RelationalCommand.ExecuteReaderAsync(RelationalCommandParameterObject parameterObject, CancellationToken cancellationToken)
   at Microsoft.EntityFrameworkCore.Update.ReaderModificationCommandBatch.ExecuteAsync(IRelationalConnection connection, CancellationToken cancellationToken)
  Exception data:
    Severity: ERROR
    SqlState: 23503
    MessageText: inserción o actualización en la tabla «VENTAS» viola la llave foránea «FK_VENTAS_tipoComprobante»
    Detail: Detail redacted as it may contain sensitive data. Specify 'Include Error Detail' in the connection string to include this information.
    SchemaName: public
    TableName: VENTAS
    ConstraintName: FK_VENTAS_tipoComprobante
    File: ri_triggers.c
    Line: 2610
    Routine: ri_ReportViolation
   --- End of inner exception stack trace ---
   at Microsoft.EntityFrameworkCore.Update.ReaderModificationCommandBatch.ExecuteAsync(IRelationalConnection connection, CancellationToken cancellationToken)
   at Microsoft.EntityFrameworkCore.Update.Internal.BatchExecutor.ExecuteAsync(IEnumerable`1 commandBatches, IRelationalConnection connection, CancellationToken cancellationToken)
   at Microsoft.EntityFrameworkCore.Update.Internal.BatchExecutor.ExecuteAsync(IEnumerable`1 commandBatches, IRelationalConnection connection, CancellationToken cancellationToken)
   at Microsoft.EntityFrameworkCore.Update.Internal.BatchExecutor.ExecuteAsync(IEnumerable`1 commandBatches, IRelationalConnection connection, CancellationToken cancellationToken)
   at Microsoft.EntityFrameworkCore.Storage.RelationalDatabase.SaveChangesAsync(IList`1 entries, CancellationToken cancellationToken)
   at Microsoft.EntityFrameworkCore.ChangeTracking.Internal.StateManager.SaveChangesAsync(IList`1 entriesToSave, CancellationToken cancellationToken)
   at Microsoft.EntityFrameworkCore.ChangeTracking.Internal.StateManager.SaveChangesAsync(StateManager stateManager, Boolean acceptAllChangesOnSuccess, CancellationToken cancellationToken)
   at Npgsql.EntityFrameworkCore.PostgreSQL.Storage.Internal.NpgsqlExecutionStrategy.ExecuteAsync[TState,TResult](TState state, Func`4 operation, Func`4 verifySucceeded, CancellationToken cancellationToken)
   at Microsoft.EntityFrameworkCore.DbContext.SaveChangesAsync(Boolean acceptAllChangesOnSuccess, CancellationToken cancellationToken) {"EventId":{"Id":10000,"Name":"Microsoft.EntityFrameworkCore.Update.SaveChangesFailed"},"SourceContext":"Microsoft.EntityFrameworkCore.Update","ActionId":"484fe110-d7df-4f8c-a5be-0cb548080f51","ActionName":"comara.Controllers.CotizacionesController.ConvertToSale (comara)","RequestId":"0HNKVAVP1DG3K:0000009B","RequestPath":"/Cotizaciones/ConvertToSale/7","ConnectionId":"0HNKVAVP1DG3K","MachineName":"LEGION-JUANMA","ThreadId":37}
Microsoft.EntityFrameworkCore.DbUpdateException: An error occurred while saving the entity changes. See the inner exception for details.
 ---> Npgsql.PostgresException (0x80004005): 23503: inserción o actualización en la tabla «VENTAS» viola la llave foránea «FK_VENTAS_tipoComprobante»

DETAIL: Detail redacted as it may contain sensitive data. Specify 'Include Error Detail' in the connection string to include this information.
   at Npgsql.Internal.NpgsqlConnector.ReadMessageLong(Boolean async, DataRowLoadingMode dataRowLoadingMode, Boolean readingNotifications, Boolean isReadingPrependedMessage)
   at System.Runtime.CompilerServices.PoolingAsyncValueTaskMethodBuilder`1.StateMachineBox`1.System.Threading.Tasks.Sources.IValueTaskSource<TResult>.GetResult(Int16 token)
   at Npgsql.NpgsqlDataReader.NextResult(Boolean async, Boolean isConsuming, CancellationToken cancellationToken)
   at Npgsql.NpgsqlDataReader.NextResult(Boolean async, Boolean isConsuming, CancellationToken cancellationToken)
   at Npgsql.NpgsqlCommand.ExecuteReader(Boolean async, CommandBehavior behavior, CancellationToken cancellationToken)
   at Npgsql.NpgsqlCommand.ExecuteReader(Boolean async, CommandBehavior behavior, CancellationToken cancellationToken)
   at Npgsql.NpgsqlCommand.ExecuteDbDataReaderAsync(CommandBehavior behavior, CancellationToken cancellationToken)
   at Microsoft.EntityFrameworkCore.Storage.RelationalCommand.ExecuteReaderAsync(RelationalCommandParameterObject parameterObject, CancellationToken cancellationToken)
   at Microsoft.EntityFrameworkCore.Storage.RelationalCommand.ExecuteReaderAsync(RelationalCommandParameterObject parameterObject, CancellationToken cancellationToken)
   at Microsoft.EntityFrameworkCore.Update.ReaderModificationCommandBatch.ExecuteAsync(IRelationalConnection connection, CancellationToken cancellationToken)
  Exception data:
    Severity: ERROR
    SqlState: 23503
    MessageText: inserción o actualización en la tabla «VENTAS» viola la llave foránea «FK_VENTAS_tipoComprobante»
    Detail: Detail redacted as it may contain sensitive data. Specify 'Include Error Detail' in the connection string to include this information.
    SchemaName: public
    TableName: VENTAS
    ConstraintName: FK_VENTAS_tipoComprobante
    File: ri_triggers.c
    Line: 2610
    Routine: ri_ReportViolation
   --- End of inner exception stack trace ---
   at Microsoft.EntityFrameworkCore.Update.ReaderModificationCommandBatch.ExecuteAsync(IRelationalConnection connection, CancellationToken cancellationToken)
   at Microsoft.EntityFrameworkCore.Update.Internal.BatchExecutor.ExecuteAsync(IEnumerable`1 commandBatches, IRelationalConnection connection, CancellationToken cancellationToken)
   at Microsoft.EntityFrameworkCore.Update.Internal.BatchExecutor.ExecuteAsync(IEnumerable`1 commandBatches, IRelationalConnection connection, CancellationToken cancellationToken)
   at Microsoft.EntityFrameworkCore.Update.Internal.BatchExecutor.ExecuteAsync(IEnumerable`1 commandBatches, IRelationalConnection connection, CancellationToken cancellationToken)
   at Microsoft.EntityFrameworkCore.Storage.RelationalDatabase.SaveChangesAsync(IList`1 entries, CancellationToken cancellationToken)
   at Microsoft.EntityFrameworkCore.ChangeTracking.Internal.StateManager.SaveChangesAsync(IList`1 entriesToSave, CancellationToken cancellationToken)
   at Microsoft.EntityFrameworkCore.ChangeTracking.Internal.StateManager.SaveChangesAsync(StateManager stateManager, Boolean acceptAllChangesOnSuccess, CancellationToken cancellationToken)
   at Npgsql.EntityFrameworkCore.PostgreSQL.Storage.Internal.NpgsqlExecutionStrategy.ExecuteAsync[TState,TResult](TState state, Func`4 operation, Func`4 verifySucceeded, CancellationToken cancellationToken)
   at Microsoft.EntityFrameworkCore.DbContext.SaveChangesAsync(Boolean acceptAllChangesOnSuccess, CancellationToken cancellationToken)
2026-04-21 00:51:11.503 -03:00 [ERR] Error al convertir cotización 7 a venta {"SourceContext":"comara.Controllers.CotizacionesController","ActionId":"484fe110-d7df-4f8c-a5be-0cb548080f51","ActionName":"comara.Controllers.CotizacionesController.ConvertToSale (comara)","RequestId":"0HNKVAVP1DG3K:0000009B","RequestPath":"/Cotizaciones/ConvertToSale/7","ConnectionId":"0HNKVAVP1DG3K","MachineName":"LEGION-JUANMA","ThreadId":37}
Microsoft.EntityFrameworkCore.DbUpdateException: An error occurred while saving the entity changes. See the inner exception for details.
 ---> Npgsql.PostgresException (0x80004005): 23503: inserción o actualización en la tabla «VENTAS» viola la llave foránea «FK_VENTAS_tipoComprobante»

DETAIL: Detail redacted as it may contain sensitive data. Specify 'Include Error Detail' in the connection string to include this information.
   at Npgsql.Internal.NpgsqlConnector.ReadMessageLong(Boolean async, DataRowLoadingMode dataRowLoadingMode, Boolean readingNotifications, Boolean isReadingPrependedMessage)
   at System.Runtime.CompilerServices.PoolingAsyncValueTaskMethodBuilder`1.StateMachineBox`1.System.Threading.Tasks.Sources.IValueTaskSource<TResult>.GetResult(Int16 token)
   at Npgsql.NpgsqlDataReader.NextResult(Boolean async, Boolean isConsuming, CancellationToken cancellationToken)
   at Npgsql.NpgsqlDataReader.NextResult(Boolean async, Boolean isConsuming, CancellationToken cancellationToken)
   at Npgsql.NpgsqlCommand.ExecuteReader(Boolean async, CommandBehavior behavior, CancellationToken cancellationToken)
   at Npgsql.NpgsqlCommand.ExecuteReader(Boolean async, CommandBehavior behavior, CancellationToken cancellationToken)
   at Npgsql.NpgsqlCommand.ExecuteDbDataReaderAsync(CommandBehavior behavior, CancellationToken cancellationToken)
   at Microsoft.EntityFrameworkCore.Storage.RelationalCommand.ExecuteReaderAsync(RelationalCommandParameterObject parameterObject, CancellationToken cancellationToken)
   at Microsoft.EntityFrameworkCore.Storage.RelationalCommand.ExecuteReaderAsync(RelationalCommandParameterObject parameterObject, CancellationToken cancellationToken)
   at Microsoft.EntityFrameworkCore.Update.ReaderModificationCommandBatch.ExecuteAsync(IRelationalConnection connection, CancellationToken cancellationToken)
  Exception data:
    Severity: ERROR
    SqlState: 23503
    MessageText: inserción o actualización en la tabla «VENTAS» viola la llave foránea «FK_VENTAS_tipoComprobante»
    Detail: Detail redacted as it may contain sensitive data. Specify 'Include Error Detail' in the connection string to include this information.
    SchemaName: public
    TableName: VENTAS
    ConstraintName: FK_VENTAS_tipoComprobante
    File: ri_triggers.c
    Line: 2610
    Routine: ri_ReportViolation
   --- End of inner exception stack trace ---
   at Microsoft.EntityFrameworkCore.Update.ReaderModificationCommandBatch.ExecuteAsync(IRelationalConnection connection, CancellationToken cancellationToken)
   at Microsoft.EntityFrameworkCore.Update.Internal.BatchExecutor.ExecuteAsync(IEnumerable`1 commandBatches, IRelationalConnection connection, CancellationToken cancellationToken)
   at Microsoft.EntityFrameworkCore.Update.Internal.BatchExecutor.ExecuteAsync(IEnumerable`1 commandBatches, IRelationalConnection connection, CancellationToken cancellationToken)
   at Microsoft.EntityFrameworkCore.Update.Internal.BatchExecutor.ExecuteAsync(IEnumerable`1 commandBatches, IRelationalConnection connection, CancellationToken cancellationToken)
   at Microsoft.EntityFrameworkCore.Storage.RelationalDatabase.SaveChangesAsync(IList`1 entries, CancellationToken cancellationToken)
   at Microsoft.EntityFrameworkCore.ChangeTracking.Internal.StateManager.SaveChangesAsync(IList`1 entriesToSave, CancellationToken cancellationToken)
   at Microsoft.EntityFrameworkCore.ChangeTracking.Internal.StateManager.SaveChangesAsync(StateManager stateManager, Boolean acceptAllChangesOnSuccess, CancellationToken cancellationToken)
   at Npgsql.EntityFrameworkCore.PostgreSQL.Storage.Internal.NpgsqlExecutionStrategy.ExecuteAsync[TState,TResult](TState state, Func`4 operation, Func`4 verifySucceeded, CancellationToken cancellationToken)
   at Microsoft.EntityFrameworkCore.DbContext.SaveChangesAsync(Boolean acceptAllChangesOnSuccess, CancellationToken cancellationToken)
   at Microsoft.EntityFrameworkCore.DbContext.SaveChangesAsync(Boolean acceptAllChangesOnSuccess, CancellationToken cancellationToken)
   at comara.Data.ApplicationDbContext.SaveChangesAsync(CancellationToken cancellationToken) in C:\Users\Juanma\OneDrive - alumnos.frm.utn.edu.ar\Trabajo\SISTEMA COMARA\comara\Data\ApplicationDbContext.cs:line 483
   at comara.Controllers.CotizacionesController.ConvertToSale(VentaViewModel model, String itemsJson) in C:\Users\Juanma\OneDrive - alumnos.frm.utn.edu.ar\Trabajo\SISTEMA COMARA\comara\Controllers\CotizacionesController.cs:line 510
2026-04-21 00:51:11.533 -03:00 [WRN] Unable to configure Browser Link script injection on the response.  {"EventId":{"Id":3,"Name":"FailedToConfigureForBrowserLink"},"SourceContext":"Microsoft.WebTools.BrowserLink.Net.BrowserLinkMiddleware","RequestId":"0HNKVAVP1DG3K:0000009B","RequestPath":"/Cotizaciones/ConvertToSale/7","ConnectionId":"0HNKVAVP1DG3K","MachineName":"LEGION-JUANMA","ThreadId":38}
2026-04-21 00:56:14.699 -03:00 [WRN] The query uses the 'First'/'FirstOrDefault' operator without 'OrderBy' and filter operators. This may lead to unpredictable results. {"EventId":{"Id":10103,"Name":"Microsoft.EntityFrameworkCore.Query.FirstWithoutOrderByAndFilterWarning"},"SourceContext":"Microsoft.EntityFrameworkCore.Query","ActionId":"430ed9dd-4e21-47fe-9a07-56bd3ba920ef","ActionName":"comara.Controllers.CotizacionesController.ConvertToSale (comara)","RequestId":"0HNKVB7L5A0UP:00000013","RequestPath":"/Cotizaciones/ConvertToSale/8","ConnectionId":"0HNKVB7L5A0UP","MachineName":"LEGION-JUANMA","ThreadId":10}
2026-04-21 00:56:43.666 -03:00 [WRN] Compiling a query which loads related collections for more than one collection navigation, either via 'Include' or through projection, but no 'QuerySplittingBehavior' has been configured. By default, Entity Framework will use 'QuerySplittingBehavior.SingleQuery', which can potentially result in slow query performance. See https://go.microsoft.com/fwlink/?linkid=2134277 for more information. To identify the query that's triggering this warning call 'ConfigureWarnings(w => w.Throw(RelationalEventId.MultipleCollectionIncludeWarning))'. {"EventId":{"Id":20504,"Name":"Microsoft.EntityFrameworkCore.Query.MultipleCollectionIncludeWarning"},"SourceContext":"Microsoft.EntityFrameworkCore.Query","ActionId":"defb9f04-5155-4f8d-89e0-61bf598b3582","ActionName":"comara.Controllers.VentasController.Details (comara)","RequestId":"0HNKVB7L5A0UP:0000001B","RequestPath":"/Ventas/Details/49","ConnectionId":"0HNKVB7L5A0UP","MachineName":"LEGION-JUANMA","ThreadId":12}
