2026-02-17 17:04:38.567 +01:00 [INF] User 'admin' validated successfully {"SourceContext":"comara.Services.AuthenticationService","ActionId":"e7ed69ad-73b0-4e09-a386-2058533f5a81","ActionName":"comara.Controllers.AccountController.Login (comara)","RequestId":"0HNJE7ON3U74A:0000001F","RequestPath":"/Account/Login","ConnectionId":"0HNJE7ON3U74A","MachineName":"HPFAB","ThreadId":13}
2026-02-17 17:04:39.522 +01:00 [INF] Updated last login for user ID 1 {"SourceContext":"comara.Services.AuthenticationService","ActionId":"e7ed69ad-73b0-4e09-a386-2058533f5a81","ActionName":"comara.Controllers.AccountController.Login (comara)","RequestId":"0HNJE7ON3U74A:0000001F","RequestPath":"/Account/Login","ConnectionId":"0HNJE7ON3U74A","MachineName":"HPFAB","ThreadId":11}
2026-02-17 17:04:39.552 +01:00 [INF] User admin logged in successfully {"SourceContext":"comara.Controllers.AccountController","ActionId":"e7ed69ad-73b0-4e09-a386-2058533f5a81","ActionName":"comara.Controllers.AccountController.Login (comara)","RequestId":"0HNJE7ON3U74A:0000001F","RequestPath":"/Account/Login","ConnectionId":"0HNJE7ON3U74A","MachineName":"HPFAB","ThreadId":11}
2026-02-17 17:22:55.560 +01:00 [WRN] The query uses a row limiting operator ('Skip'/'Take') without an 'OrderBy' operator. This may lead to unpredictable results. If the 'Distinct' operator is used after 'OrderBy', then make sure to use the 'OrderBy' operator after 'Distinct' as the ordering would otherwise get erased. {"EventId":{"Id":10102,"Name":"Microsoft.EntityFrameworkCore.Query.RowLimitingOperationWithoutOrderByWarning"},"SourceContext":"Microsoft.EntityFrameworkCore.Query","ActionId":"97b67ef8-3e82-4d33-953e-d443302c6615","ActionName":"comara.Controllers.VentasController.BuscarArticulos (comara)","RequestId":"0HNJE7ON3U74A:0000004D","RequestPath":"/Ventas/BuscarArticulos","ConnectionId":"0HNJE7ON3U74A","MachineName":"HPFAB","ThreadId":22}
2026-02-17 17:23:06.973 +01:00 [WRN] The query uses the 'First'/'FirstOrDefault' operator without 'OrderBy' and filter operators. This may lead to unpredictable results. {"EventId":{"Id":10103,"Name":"Microsoft.EntityFrameworkCore.Query.FirstWithoutOrderByAndFilterWarning"},"SourceContext":"Microsoft.EntityFrameworkCore.Query","ActionId":"e7bf4044-b048-4bc8-b75d-b9f901253a85","ActionName":"comara.Controllers.VentasController.Create (comara)","RequestId":"0HNJE7ON3U74A:00000053","RequestPath":"/Ventas/Create","ConnectionId":"0HNJE7ON3U74A","MachineName":"HPFAB","ThreadId":17}
2026-02-17 17:23:07.127 +01:00 [ERR] Failed executing DbCommand (80ms) [Parameters=[p0='?' (DbType = Int32)], CommandType='"Text"', CommandTimeout='30']
SELECT c.id, c.activo, c."artAlt1", c."artAlt2", c."artCod", c."artCosto", c."artDesc", c."artExist", c."artL1", c."artL2", c."artL3", c."artL4", c."artL5", c."artStock", c."artStockMin", c."artUni", c."ivaCod", c."marCod", c."proCod", c."rubCod", c."srubCod"
FROM (
    SELECT * FROM "ARTICULOS" WHERE "Id" = @p0 FOR UPDATE
) AS c
LIMIT 1 {"EventId":{"Id":20102,"Name":"Microsoft.EntityFrameworkCore.Database.Command.CommandError"},"SourceContext":"Microsoft.EntityFrameworkCore.Database.Command","ActionId":"e7bf4044-b048-4bc8-b75d-b9f901253a85","ActionName":"comara.Controllers.VentasController.Create (comara)","RequestId":"0HNJE7ON3U74A:00000053","RequestPath":"/Ventas/Create","ConnectionId":"0HNJE7ON3U74A","MachineName":"HPFAB","ThreadId":17}
2026-02-17 17:23:07.323 +01:00 [ERR] An exception occurred while iterating over the results of a query for context type 'comara.Data.ApplicationDbContext'.
Npgsql.PostgresException (0x80004005): 42703: no existe la columna «Id»

POSITION: 306
   at Npgsql.Internal.NpgsqlConnector.ReadMessageLong(Boolean async, DataRowLoadingMode dataRowLoadingMode, Boolean readingNotifications, Boolean isReadingPrependedMessage)
   at System.Runtime.CompilerServices.PoolingAsyncValueTaskMethodBuilder`1.StateMachineBox`1.System.Threading.Tasks.Sources.IValueTaskSource<TResult>.GetResult(Int16 token)
   at Npgsql.NpgsqlDataReader.NextResult(Boolean async, Boolean isConsuming, CancellationToken cancellationToken)
   at Npgsql.NpgsqlDataReader.NextResult(Boolean async, Boolean isConsuming, CancellationToken cancellationToken)
   at Npgsql.NpgsqlCommand.ExecuteReader(Boolean async, CommandBehavior behavior, CancellationToken cancellationToken)
   at Npgsql.NpgsqlCommand.ExecuteReader(Boolean async, CommandBehavior behavior, CancellationToken cancellationToken)
   at Npgsql.NpgsqlCommand.ExecuteDbDataReaderAsync(CommandBehavior behavior, CancellationToken cancellationToken)
   at Microsoft.EntityFrameworkCore.Storage.RelationalCommand.ExecuteReaderAsync(RelationalCommandParameterObject parameterObject, CancellationToken cancellationToken)
   at Microsoft.EntityFrameworkCore.Storage.RelationalCommand.ExecuteReaderAsync(RelationalCommandParameterObject parameterObject, CancellationToken cancellationToken)
   at Microsoft.EntityFrameworkCore.Query.Internal.SingleQueryingEnumerable`1.AsyncEnumerator.InitializeReaderAsync(AsyncEnumerator enumerator, CancellationToken cancellationToken)
   at Npgsql.EntityFrameworkCore.PostgreSQL.Storage.Internal.NpgsqlExecutionStrategy.ExecuteAsync[TState,TResult](TState state, Func`4 operation, Func`4 verifySucceeded, CancellationToken cancellationToken)
   at Microsoft.EntityFrameworkCore.Query.Internal.SingleQueryingEnumerable`1.AsyncEnumerator.MoveNextAsync()
  Exception data:
    Severity: ERROR
    SqlState: 42703
    MessageText: no existe la columna «Id»
    Hint: Probablemente quiera hacer referencia a la columna «ARTICULOS.id».
    Position: 306
    File: parse_relation.c
    Line: 3838
    Routine: errorMissingColumn {"EventId":{"Id":10100,"Name":"Microsoft.EntityFrameworkCore.Query.QueryIterationFailed"},"SourceContext":"Microsoft.EntityFrameworkCore.Query","ActionId":"e7bf4044-b048-4bc8-b75d-b9f901253a85","ActionName":"comara.Controllers.VentasController.Create (comara)","RequestId":"0HNJE7ON3U74A:00000053","RequestPath":"/Ventas/Create","ConnectionId":"0HNJE7ON3U74A","MachineName":"HPFAB","ThreadId":17}
Npgsql.PostgresException (0x80004005): 42703: no existe la columna «Id»

POSITION: 306
   at Npgsql.Internal.NpgsqlConnector.ReadMessageLong(Boolean async, DataRowLoadingMode dataRowLoadingMode, Boolean readingNotifications, Boolean isReadingPrependedMessage)
   at System.Runtime.CompilerServices.PoolingAsyncValueTaskMethodBuilder`1.StateMachineBox`1.System.Threading.Tasks.Sources.IValueTaskSource<TResult>.GetResult(Int16 token)
   at Npgsql.NpgsqlDataReader.NextResult(Boolean async, Boolean isConsuming, CancellationToken cancellationToken)
   at Npgsql.NpgsqlDataReader.NextResult(Boolean async, Boolean isConsuming, CancellationToken cancellationToken)
   at Npgsql.NpgsqlCommand.ExecuteReader(Boolean async, CommandBehavior behavior, CancellationToken cancellationToken)
   at Npgsql.NpgsqlCommand.ExecuteReader(Boolean async, CommandBehavior behavior, CancellationToken cancellationToken)
   at Npgsql.NpgsqlCommand.ExecuteDbDataReaderAsync(CommandBehavior behavior, CancellationToken cancellationToken)
   at Microsoft.EntityFrameworkCore.Storage.RelationalCommand.ExecuteReaderAsync(RelationalCommandParameterObject parameterObject, CancellationToken cancellationToken)
   at Microsoft.EntityFrameworkCore.Storage.RelationalCommand.ExecuteReaderAsync(RelationalCommandParameterObject parameterObject, CancellationToken cancellationToken)
   at Microsoft.EntityFrameworkCore.Query.Internal.SingleQueryingEnumerable`1.AsyncEnumerator.InitializeReaderAsync(AsyncEnumerator enumerator, CancellationToken cancellationToken)
   at Npgsql.EntityFrameworkCore.PostgreSQL.Storage.Internal.NpgsqlExecutionStrategy.ExecuteAsync[TState,TResult](TState state, Func`4 operation, Func`4 verifySucceeded, CancellationToken cancellationToken)
   at Microsoft.EntityFrameworkCore.Query.Internal.SingleQueryingEnumerable`1.AsyncEnumerator.MoveNextAsync()
  Exception data:
    Severity: ERROR
    SqlState: 42703
    MessageText: no existe la columna «Id»
    Hint: Probablemente quiera hacer referencia a la columna «ARTICULOS.id».
    Position: 306
    File: parse_relation.c
    Line: 3838
    Routine: errorMissingColumn
2026-02-17 17:23:07.690 +01:00 [ERR] Error al crear venta para cliente 11 {"SourceContext":"comara.Controllers.VentasController","ActionId":"e7bf4044-b048-4bc8-b75d-b9f901253a85","ActionName":"comara.Controllers.VentasController.Create (comara)","RequestId":"0HNJE7ON3U74A:00000053","RequestPath":"/Ventas/Create","ConnectionId":"0HNJE7ON3U74A","MachineName":"HPFAB","ThreadId":17}
Npgsql.PostgresException (0x80004005): 42703: no existe la columna «Id»

POSITION: 306
   at Npgsql.Internal.NpgsqlConnector.ReadMessageLong(Boolean async, DataRowLoadingMode dataRowLoadingMode, Boolean readingNotifications, Boolean isReadingPrependedMessage)
   at System.Runtime.CompilerServices.PoolingAsyncValueTaskMethodBuilder`1.StateMachineBox`1.System.Threading.Tasks.Sources.IValueTaskSource<TResult>.GetResult(Int16 token)
   at Npgsql.NpgsqlDataReader.NextResult(Boolean async, Boolean isConsuming, CancellationToken cancellationToken)
   at Npgsql.NpgsqlDataReader.NextResult(Boolean async, Boolean isConsuming, CancellationToken cancellationToken)
   at Npgsql.NpgsqlCommand.ExecuteReader(Boolean async, CommandBehavior behavior, CancellationToken cancellationToken)
   at Npgsql.NpgsqlCommand.ExecuteReader(Boolean async, CommandBehavior behavior, CancellationToken cancellationToken)
   at Npgsql.NpgsqlCommand.ExecuteDbDataReaderAsync(CommandBehavior behavior, CancellationToken cancellationToken)
   at Microsoft.EntityFrameworkCore.Storage.RelationalCommand.ExecuteReaderAsync(RelationalCommandParameterObject parameterObject, CancellationToken cancellationToken)
   at Microsoft.EntityFrameworkCore.Storage.RelationalCommand.ExecuteReaderAsync(RelationalCommandParameterObject parameterObject, CancellationToken cancellationToken)
   at Microsoft.EntityFrameworkCore.Query.Internal.SingleQueryingEnumerable`1.AsyncEnumerator.InitializeReaderAsync(AsyncEnumerator enumerator, CancellationToken cancellationToken)
   at Npgsql.EntityFrameworkCore.PostgreSQL.Storage.Internal.NpgsqlExecutionStrategy.ExecuteAsync[TState,TResult](TState state, Func`4 operation, Func`4 verifySucceeded, CancellationToken cancellationToken)
   at Microsoft.EntityFrameworkCore.Query.Internal.SingleQueryingEnumerable`1.AsyncEnumerator.MoveNextAsync()
   at Microsoft.EntityFrameworkCore.Query.ShapedQueryCompilingExpressionVisitor.SingleOrDefaultAsync[TSource](IAsyncEnumerable`1 asyncEnumerable, CancellationToken cancellationToken)
   at Microsoft.EntityFrameworkCore.Query.ShapedQueryCompilingExpressionVisitor.SingleOrDefaultAsync[TSource](IAsyncEnumerable`1 asyncEnumerable, CancellationToken cancellationToken)
   at comara.Controllers.VentasController.Create(VentaViewModel model, String itemsJson) in C:\Users\jmalo\OneDrive - alumnos.frm.utn.edu.ar\Trabajo\SISTEMA COMARA\comara\Controllers\VentasController.cs:line 299
  Exception data:
    Severity: ERROR
    SqlState: 42703
    MessageText: no existe la columna «Id»
    Hint: Probablemente quiera hacer referencia a la columna «ARTICULOS.id».
    Position: 306
    File: parse_relation.c
    Line: 3838
    Routine: errorMissingColumn
2026-02-17 17:25:56.508 +01:00 [ERR] Failed executing DbCommand (7ms) [Parameters=[p0='?' (DbType = Int32)], CommandType='"Text"', CommandTimeout='30']
SELECT c.id, c.activo, c."artAlt1", c."artAlt2", c."artCod", c."artCosto", c."artDesc", c."artExist", c."artL1", c."artL2", c."artL3", c."artL4", c."artL5", c."artStock", c."artStockMin", c."artUni", c."ivaCod", c."marCod", c."proCod", c."rubCod", c."srubCod"
FROM (
    SELECT * FROM "ARTICULOS" WHERE "Id" = @p0 FOR UPDATE
) AS c
LIMIT 1 {"EventId":{"Id":20102,"Name":"Microsoft.EntityFrameworkCore.Database.Command.CommandError"},"SourceContext":"Microsoft.EntityFrameworkCore.Database.Command","ActionId":"e7bf4044-b048-4bc8-b75d-b9f901253a85","ActionName":"comara.Controllers.VentasController.Create (comara)","RequestId":"0HNJE7ON3U74A:0000005D","RequestPath":"/Ventas/Create","ConnectionId":"0HNJE7ON3U74A","MachineName":"HPFAB","ThreadId":23}
2026-02-17 17:25:56.545 +01:00 [ERR] An exception occurred while iterating over the results of a query for context type 'comara.Data.ApplicationDbContext'.
Npgsql.PostgresException (0x80004005): 42703: no existe la columna «Id»

POSITION: 306
   at Npgsql.Internal.NpgsqlConnector.ReadMessageLong(Boolean async, DataRowLoadingMode dataRowLoadingMode, Boolean readingNotifications, Boolean isReadingPrependedMessage)
   at System.Runtime.CompilerServices.PoolingAsyncValueTaskMethodBuilder`1.StateMachineBox`1.System.Threading.Tasks.Sources.IValueTaskSource<TResult>.GetResult(Int16 token)
   at Npgsql.NpgsqlDataReader.NextResult(Boolean async, Boolean isConsuming, CancellationToken cancellationToken)
   at Npgsql.NpgsqlDataReader.NextResult(Boolean async, Boolean isConsuming, CancellationToken cancellationToken)
   at Npgsql.NpgsqlCommand.ExecuteReader(Boolean async, CommandBehavior behavior, CancellationToken cancellationToken)
   at Npgsql.NpgsqlCommand.ExecuteReader(Boolean async, CommandBehavior behavior, CancellationToken cancellationToken)
   at Npgsql.NpgsqlCommand.ExecuteDbDataReaderAsync(CommandBehavior behavior, CancellationToken cancellationToken)
   at Microsoft.EntityFrameworkCore.Storage.RelationalCommand.ExecuteReaderAsync(RelationalCommandParameterObject parameterObject, CancellationToken cancellationToken)
   at Microsoft.EntityFrameworkCore.Storage.RelationalCommand.ExecuteReaderAsync(RelationalCommandParameterObject parameterObject, CancellationToken cancellationToken)
   at Microsoft.EntityFrameworkCore.Query.Internal.SingleQueryingEnumerable`1.AsyncEnumerator.InitializeReaderAsync(AsyncEnumerator enumerator, CancellationToken cancellationToken)
   at Npgsql.EntityFrameworkCore.PostgreSQL.Storage.Internal.NpgsqlExecutionStrategy.ExecuteAsync[TState,TResult](TState state, Func`4 operation, Func`4 verifySucceeded, CancellationToken cancellationToken)
   at Microsoft.EntityFrameworkCore.Query.Internal.SingleQueryingEnumerable`1.AsyncEnumerator.MoveNextAsync()
  Exception data:
    Severity: ERROR
    SqlState: 42703
    MessageText: no existe la columna «Id»
    Hint: Probablemente quiera hacer referencia a la columna «ARTICULOS.id».
    Position: 306
    File: parse_relation.c
    Line: 3838
    Routine: errorMissingColumn {"EventId":{"Id":10100,"Name":"Microsoft.EntityFrameworkCore.Query.QueryIterationFailed"},"SourceContext":"Microsoft.EntityFrameworkCore.Query","ActionId":"e7bf4044-b048-4bc8-b75d-b9f901253a85","ActionName":"comara.Controllers.VentasController.Create (comara)","RequestId":"0HNJE7ON3U74A:0000005D","RequestPath":"/Ventas/Create","ConnectionId":"0HNJE7ON3U74A","MachineName":"HPFAB","ThreadId":23}
Npgsql.PostgresException (0x80004005): 42703: no existe la columna «Id»

POSITION: 306
   at Npgsql.Internal.NpgsqlConnector.ReadMessageLong(Boolean async, DataRowLoadingMode dataRowLoadingMode, Boolean readingNotifications, Boolean isReadingPrependedMessage)
   at System.Runtime.CompilerServices.PoolingAsyncValueTaskMethodBuilder`1.StateMachineBox`1.System.Threading.Tasks.Sources.IValueTaskSource<TResult>.GetResult(Int16 token)
   at Npgsql.NpgsqlDataReader.NextResult(Boolean async, Boolean isConsuming, CancellationToken cancellationToken)
   at Npgsql.NpgsqlDataReader.NextResult(Boolean async, Boolean isConsuming, CancellationToken cancellationToken)
   at Npgsql.NpgsqlCommand.ExecuteReader(Boolean async, CommandBehavior behavior, CancellationToken cancellationToken)
   at Npgsql.NpgsqlCommand.ExecuteReader(Boolean async, CommandBehavior behavior, CancellationToken cancellationToken)
   at Npgsql.NpgsqlCommand.ExecuteDbDataReaderAsync(CommandBehavior behavior, CancellationToken cancellationToken)
   at Microsoft.EntityFrameworkCore.Storage.RelationalCommand.ExecuteReaderAsync(RelationalCommandParameterObject parameterObject, CancellationToken cancellationToken)
   at Microsoft.EntityFrameworkCore.Storage.RelationalCommand.ExecuteReaderAsync(RelationalCommandParameterObject parameterObject, CancellationToken cancellationToken)
   at Microsoft.EntityFrameworkCore.Query.Internal.SingleQueryingEnumerable`1.AsyncEnumerator.InitializeReaderAsync(AsyncEnumerator enumerator, CancellationToken cancellationToken)
   at Npgsql.EntityFrameworkCore.PostgreSQL.Storage.Internal.NpgsqlExecutionStrategy.ExecuteAsync[TState,TResult](TState state, Func`4 operation, Func`4 verifySucceeded, CancellationToken cancellationToken)
   at Microsoft.EntityFrameworkCore.Query.Internal.SingleQueryingEnumerable`1.AsyncEnumerator.MoveNextAsync()
  Exception data:
    Severity: ERROR
    SqlState: 42703
    MessageText: no existe la columna «Id»
    Hint: Probablemente quiera hacer referencia a la columna «ARTICULOS.id».
    Position: 306
    File: parse_relation.c
    Line: 3838
    Routine: errorMissingColumn
2026-02-17 17:25:56.707 +01:00 [ERR] Error al crear venta para cliente 11 {"SourceContext":"comara.Controllers.VentasController","ActionId":"e7bf4044-b048-4bc8-b75d-b9f901253a85","ActionName":"comara.Controllers.VentasController.Create (comara)","RequestId":"0HNJE7ON3U74A:0000005D","RequestPath":"/Ventas/Create","ConnectionId":"0HNJE7ON3U74A","MachineName":"HPFAB","ThreadId":23}
Npgsql.PostgresException (0x80004005): 42703: no existe la columna «Id»

POSITION: 306
   at Npgsql.Internal.NpgsqlConnector.ReadMessageLong(Boolean async, DataRowLoadingMode dataRowLoadingMode, Boolean readingNotifications, Boolean isReadingPrependedMessage)
   at System.Runtime.CompilerServices.PoolingAsyncValueTaskMethodBuilder`1.StateMachineBox`1.System.Threading.Tasks.Sources.IValueTaskSource<TResult>.GetResult(Int16 token)
   at Npgsql.NpgsqlDataReader.NextResult(Boolean async, Boolean isConsuming, CancellationToken cancellationToken)
   at Npgsql.NpgsqlDataReader.NextResult(Boolean async, Boolean isConsuming, CancellationToken cancellationToken)
   at Npgsql.NpgsqlCommand.ExecuteReader(Boolean async, CommandBehavior behavior, CancellationToken cancellationToken)
   at Npgsql.NpgsqlCommand.ExecuteReader(Boolean async, CommandBehavior behavior, CancellationToken cancellationToken)
   at Npgsql.NpgsqlCommand.ExecuteDbDataReaderAsync(CommandBehavior behavior, CancellationToken cancellationToken)
   at Microsoft.EntityFrameworkCore.Storage.RelationalCommand.ExecuteReaderAsync(RelationalCommandParameterObject parameterObject, CancellationToken cancellationToken)
   at Microsoft.EntityFrameworkCore.Storage.RelationalCommand.ExecuteReaderAsync(RelationalCommandParameterObject parameterObject, CancellationToken cancellationToken)
   at Microsoft.EntityFrameworkCore.Query.Internal.SingleQueryingEnumerable`1.AsyncEnumerator.InitializeReaderAsync(AsyncEnumerator enumerator, CancellationToken cancellationToken)
   at Npgsql.EntityFrameworkCore.PostgreSQL.Storage.Internal.NpgsqlExecutionStrategy.ExecuteAsync[TState,TResult](TState state, Func`4 operation, Func`4 verifySucceeded, CancellationToken cancellationToken)
   at Microsoft.EntityFrameworkCore.Query.Internal.SingleQueryingEnumerable`1.AsyncEnumerator.MoveNextAsync()
   at Microsoft.EntityFrameworkCore.Query.ShapedQueryCompilingExpressionVisitor.SingleOrDefaultAsync[TSource](IAsyncEnumerable`1 asyncEnumerable, CancellationToken cancellationToken)
   at Microsoft.EntityFrameworkCore.Query.ShapedQueryCompilingExpressionVisitor.SingleOrDefaultAsync[TSource](IAsyncEnumerable`1 asyncEnumerable, CancellationToken cancellationToken)
   at comara.Controllers.VentasController.Create(VentaViewModel model, String itemsJson) in C:\Users\jmalo\OneDrive - alumnos.frm.utn.edu.ar\Trabajo\SISTEMA COMARA\comara\Controllers\VentasController.cs:line 299
  Exception data:
    Severity: ERROR
    SqlState: 42703
    MessageText: no existe la columna «Id»
    Hint: Probablemente quiera hacer referencia a la columna «ARTICULOS.id».
    Position: 306
    File: parse_relation.c
    Line: 3838
    Routine: errorMissingColumn
2026-02-17 22:40:59.282 +01:00 [WRN] The query uses a row limiting operator ('Skip'/'Take') without an 'OrderBy' operator. This may lead to unpredictable results. If the 'Distinct' operator is used after 'OrderBy', then make sure to use the 'OrderBy' operator after 'Distinct' as the ordering would otherwise get erased. {"EventId":{"Id":10102,"Name":"Microsoft.EntityFrameworkCore.Query.RowLimitingOperationWithoutOrderByWarning"},"SourceContext":"Microsoft.EntityFrameworkCore.Query","ActionId":"c569613b-955d-4e17-b049-323cbeaa1b12","ActionName":"comara.Controllers.VentasController.BuscarArticulos (comara)","RequestId":"0HNJEDE2CMSCK:0000001D","RequestPath":"/Ventas/BuscarArticulos","ConnectionId":"0HNJEDE2CMSCK","MachineName":"HPFAB","ThreadId":23}
2026-02-17 22:42:27.590 +01:00 [WRN] The query uses the 'First'/'FirstOrDefault' operator without 'OrderBy' and filter operators. This may lead to unpredictable results. {"EventId":{"Id":10103,"Name":"Microsoft.EntityFrameworkCore.Query.FirstWithoutOrderByAndFilterWarning"},"SourceContext":"Microsoft.EntityFrameworkCore.Query","ActionId":"406f837b-1d9f-49ee-9732-36a8333cd9ad","ActionName":"comara.Controllers.VentasController.Create (comara)","RequestId":"0HNJEDE2CMSCK:00000021","RequestPath":"/Ventas/Create","ConnectionId":"0HNJEDE2CMSCK","MachineName":"HPFAB","ThreadId":23}
2026-02-17 22:42:28.485 +01:00 [ERR] Failed executing DbCommand (158ms) [Parameters=[@p20='?' (DbType = Int32), @p0='?' (DbType = Binary), @p1='?', @p2='?', @p3='?', @p4='?' (DbType = Decimal), @p5='?', @p6='?' (DbType = Boolean), @p7='?' (DbType = Decimal), @p8='?' (DbType = Decimal), @p9='?' (DbType = Decimal), @p10='?' (DbType = Decimal), @p11='?' (DbType = Decimal), @p12='?' (DbType = Decimal), @p13='?' (DbType = Decimal), @p14='?' (DbType = Int32), @p15='?' (DbType = Int32), @p16='?' (DbType = Int32), @p17='?' (DbType = Int32), @p18='?' (DbType = Int32), @p19='?' (DbType = Int32), @p21='?' (DbType = Int32), @p22='?' (DbType = Decimal), @p23='?' (DbType = Decimal), @p24='?' (DbType = Decimal), @p25='?' (DbType = Int32), @p26='?' (DbType = Int32), @p27='?', @p28='?' (DbType = DateTime), @p29='?' (DbType = Int32), @p30='?' (DbType = Int32), @p31='?' (DbType = DateTime), @p32='?' (DbType = DateTime), @p33='?' (DbType = DateTime), @p34='?' (DbType = Int32), @p35='?' (DbType = Int32), @p36='?' (DbType = Int64), @p37='?', @p38='?' (DbType = Int32), @p39='?', @p40='?' (DbType = Int32), @p41='?' (DbType = Decimal)], CommandType='"Text"', CommandTimeout='30']
UPDATE "ARTICULOS" SET activo = @p0, "artAlt1" = @p1, "artAlt2" = @p2, "artCod" = @p3, "artCosto" = @p4, "artDesc" = @p5, "artExist" = @p6, "artL1" = @p7, "artL2" = @p8, "artL3" = @p9, "artL4" = @p10, "artL5" = @p11, "artStock" = @p12, "artStockMin" = @p13, "artUni" = @p14, "ivaCod" = @p15, "marCod" = @p16, "proCod" = @p17, "rubCod" = @p18, "srubCod" = @p19
WHERE id = @p20;
INSERT INTO "DETALLE_VENTAS" ("artCod", "detCant", "detPrecio", "detSubtotal", "venCod")
VALUES (@p21, @p22, @p23, @p24, @p25)
RETURNING "detCod";
INSERT INTO "VENTAS" ("cliCod", "venCAE", "venCAEVencimiento", "venEstado", "venEstadoPago", "venFech", "venFechVenta", "venFechaAutorizacion", "venLista", "venMetodoPago", "venNumComprobante", "venObservacionesAfip", "venPuntoVenta", "venResultadoAfip", "venTipoCbte", "venTotal")
VALUES (@p26, @p27, @p28, @p29, @p30, @p31, @p32, @p33, @p34, @p35, @p36, @p37, @p38, @p39, @p40, @p41)
RETURNING "venCod"; {"EventId":{"Id":20102,"Name":"Microsoft.EntityFrameworkCore.Database.Command.CommandError"},"SourceContext":"Microsoft.EntityFrameworkCore.Database.Command","ActionId":"406f837b-1d9f-49ee-9732-36a8333cd9ad","ActionName":"comara.Controllers.VentasController.Create (comara)","RequestId":"0HNJEDE2CMSCK:00000021","RequestPath":"/Ventas/Create","ConnectionId":"0HNJEDE2CMSCK","MachineName":"HPFAB","ThreadId":28}
2026-02-17 22:42:28.703 +01:00 [ERR] An exception occurred in the database while saving changes for context type 'comara.Data.ApplicationDbContext'.
Microsoft.EntityFrameworkCore.DbUpdateException: An error occurred while saving the entity changes. See the inner exception for details.
 ---> Npgsql.PostgresException (0x80004005): 23503: inserción o actualización en la tabla «DETALLE_VENTAS» viola la llave foránea «DETALLE_VENTAS_venCod_fkey»

DETAIL: Detail redacted as it may contain sensitive data. Specify 'Include Error Detail' in the connection string to include this information.
   at Npgsql.Internal.NpgsqlConnector.ReadMessageLong(Boolean async, DataRowLoadingMode dataRowLoadingMode, Boolean readingNotifications, Boolean isReadingPrependedMessage)
   at System.Runtime.CompilerServices.PoolingAsyncValueTaskMethodBuilder`1.StateMachineBox`1.System.Threading.Tasks.Sources.IValueTaskSource<TResult>.GetResult(Int16 token)
   at Npgsql.NpgsqlDataReader.NextResult(Boolean async, Boolean isConsuming, CancellationToken cancellationToken)
   at Npgsql.NpgsqlDataReader.NextResult(Boolean async, Boolean isConsuming, CancellationToken cancellationToken)
   at Npgsql.NpgsqlCommand.ExecuteReader(Boolean async, CommandBehavior behavior, CancellationToken cancellationToken)
   at Npgsql.NpgsqlCommand.ExecuteReader(Boolean async, CommandBehavior behavior, CancellationToken cancellationToken)
   at Npgsql.NpgsqlCommand.ExecuteDbDataReaderAsync(CommandBehavior behavior, CancellationToken cancellationToken)
   at Microsoft.EntityFrameworkCore.Storage.RelationalCommand.ExecuteReaderAsync(RelationalCommandParameterObject parameterObject, CancellationToken cancellationToken)
   at Microsoft.EntityFrameworkCore.Storage.RelationalCommand.ExecuteReaderAsync(RelationalCommandParameterObject parameterObject, CancellationToken cancellationToken)
   at Microsoft.EntityFrameworkCore.Update.ReaderModificationCommandBatch.ExecuteAsync(IRelationalConnection connection, CancellationToken cancellationToken)
  Exception data:
    Severity: ERROR
    SqlState: 23503
    MessageText: inserción o actualización en la tabla «DETALLE_VENTAS» viola la llave foránea «DETALLE_VENTAS_venCod_fkey»
    Detail: Detail redacted as it may contain sensitive data. Specify 'Include Error Detail' in the connection string to include this information.
    SchemaName: public
    TableName: DETALLE_VENTAS
    ConstraintName: DETALLE_VENTAS_venCod_fkey
    File: ri_triggers.c
    Line: 2783
    Routine: ri_ReportViolation
   --- End of inner exception stack trace ---
   at Microsoft.EntityFrameworkCore.Update.ReaderModificationCommandBatch.ExecuteAsync(IRelationalConnection connection, CancellationToken cancellationToken)
   at Microsoft.EntityFrameworkCore.Update.Internal.BatchExecutor.ExecuteAsync(IEnumerable`1 commandBatches, IRelationalConnection connection, CancellationToken cancellationToken)
   at Microsoft.EntityFrameworkCore.Update.Internal.BatchExecutor.ExecuteAsync(IEnumerable`1 commandBatches, IRelationalConnection connection, CancellationToken cancellationToken)
   at Microsoft.EntityFrameworkCore.Update.Internal.BatchExecutor.ExecuteAsync(IEnumerable`1 commandBatches, IRelationalConnection connection, CancellationToken cancellationToken)
   at Microsoft.EntityFrameworkCore.Storage.RelationalDatabase.SaveChangesAsync(IList`1 entries, CancellationToken cancellationToken)
   at Microsoft.EntityFrameworkCore.ChangeTracking.Internal.StateManager.SaveChangesAsync(IList`1 entriesToSave, CancellationToken cancellationToken)
   at Microsoft.EntityFrameworkCore.ChangeTracking.Internal.StateManager.SaveChangesAsync(StateManager stateManager, Boolean acceptAllChangesOnSuccess, CancellationToken cancellationToken)
   at Npgsql.EntityFrameworkCore.PostgreSQL.Storage.Internal.NpgsqlExecutionStrategy.ExecuteAsync[TState,TResult](TState state, Func`4 operation, Func`4 verifySucceeded, CancellationToken cancellationToken)
   at Microsoft.EntityFrameworkCore.DbContext.SaveChangesAsync(Boolean acceptAllChangesOnSuccess, CancellationToken cancellationToken) {"EventId":{"Id":10000,"Name":"Microsoft.EntityFrameworkCore.Update.SaveChangesFailed"},"SourceContext":"Microsoft.EntityFrameworkCore.Update","ActionId":"406f837b-1d9f-49ee-9732-36a8333cd9ad","ActionName":"comara.Controllers.VentasController.Create (comara)","RequestId":"0HNJEDE2CMSCK:00000021","RequestPath":"/Ventas/Create","ConnectionId":"0HNJEDE2CMSCK","MachineName":"HPFAB","ThreadId":26}
Microsoft.EntityFrameworkCore.DbUpdateException: An error occurred while saving the entity changes. See the inner exception for details.
 ---> Npgsql.PostgresException (0x80004005): 23503: inserción o actualización en la tabla «DETALLE_VENTAS» viola la llave foránea «DETALLE_VENTAS_venCod_fkey»

DETAIL: Detail redacted as it may contain sensitive data. Specify 'Include Error Detail' in the connection string to include this information.
   at Npgsql.Internal.NpgsqlConnector.ReadMessageLong(Boolean async, DataRowLoadingMode dataRowLoadingMode, Boolean readingNotifications, Boolean isReadingPrependedMessage)
   at System.Runtime.CompilerServices.PoolingAsyncValueTaskMethodBuilder`1.StateMachineBox`1.System.Threading.Tasks.Sources.IValueTaskSource<TResult>.GetResult(Int16 token)
   at Npgsql.NpgsqlDataReader.NextResult(Boolean async, Boolean isConsuming, CancellationToken cancellationToken)
   at Npgsql.NpgsqlDataReader.NextResult(Boolean async, Boolean isConsuming, CancellationToken cancellationToken)
   at Npgsql.NpgsqlCommand.ExecuteReader(Boolean async, CommandBehavior behavior, CancellationToken cancellationToken)
   at Npgsql.NpgsqlCommand.ExecuteReader(Boolean async, CommandBehavior behavior, CancellationToken cancellationToken)
   at Npgsql.NpgsqlCommand.ExecuteDbDataReaderAsync(CommandBehavior behavior, CancellationToken cancellationToken)
   at Microsoft.EntityFrameworkCore.Storage.RelationalCommand.ExecuteReaderAsync(RelationalCommandParameterObject parameterObject, CancellationToken cancellationToken)
   at Microsoft.EntityFrameworkCore.Storage.RelationalCommand.ExecuteReaderAsync(RelationalCommandParameterObject parameterObject, CancellationToken cancellationToken)
   at Microsoft.EntityFrameworkCore.Update.ReaderModificationCommandBatch.ExecuteAsync(IRelationalConnection connection, CancellationToken cancellationToken)
  Exception data:
    Severity: ERROR
    SqlState: 23503
    MessageText: inserción o actualización en la tabla «DETALLE_VENTAS» viola la llave foránea «DETALLE_VENTAS_venCod_fkey»
    Detail: Detail redacted as it may contain sensitive data. Specify 'Include Error Detail' in the connection string to include this information.
    SchemaName: public
    TableName: DETALLE_VENTAS
    ConstraintName: DETALLE_VENTAS_venCod_fkey
    File: ri_triggers.c
    Line: 2783
    Routine: ri_ReportViolation
   --- End of inner exception stack trace ---
   at Microsoft.EntityFrameworkCore.Update.ReaderModificationCommandBatch.ExecuteAsync(IRelationalConnection connection, CancellationToken cancellationToken)
   at Microsoft.EntityFrameworkCore.Update.Internal.BatchExecutor.ExecuteAsync(IEnumerable`1 commandBatches, IRelationalConnection connection, CancellationToken cancellationToken)
   at Microsoft.EntityFrameworkCore.Update.Internal.BatchExecutor.ExecuteAsync(IEnumerable`1 commandBatches, IRelationalConnection connection, CancellationToken cancellationToken)
   at Microsoft.EntityFrameworkCore.Update.Internal.BatchExecutor.ExecuteAsync(IEnumerable`1 commandBatches, IRelationalConnection connection, CancellationToken cancellationToken)
   at Microsoft.EntityFrameworkCore.Storage.RelationalDatabase.SaveChangesAsync(IList`1 entries, CancellationToken cancellationToken)
   at Microsoft.EntityFrameworkCore.ChangeTracking.Internal.StateManager.SaveChangesAsync(IList`1 entriesToSave, CancellationToken cancellationToken)
   at Microsoft.EntityFrameworkCore.ChangeTracking.Internal.StateManager.SaveChangesAsync(StateManager stateManager, Boolean acceptAllChangesOnSuccess, CancellationToken cancellationToken)
   at Npgsql.EntityFrameworkCore.PostgreSQL.Storage.Internal.NpgsqlExecutionStrategy.ExecuteAsync[TState,TResult](TState state, Func`4 operation, Func`4 verifySucceeded, CancellationToken cancellationToken)
   at Microsoft.EntityFrameworkCore.DbContext.SaveChangesAsync(Boolean acceptAllChangesOnSuccess, CancellationToken cancellationToken)
2026-02-17 22:42:29.102 +01:00 [ERR] Error al crear venta para cliente 14 {"SourceContext":"comara.Controllers.VentasController","ActionId":"406f837b-1d9f-49ee-9732-36a8333cd9ad","ActionName":"comara.Controllers.VentasController.Create (comara)","RequestId":"0HNJEDE2CMSCK:00000021","RequestPath":"/Ventas/Create","ConnectionId":"0HNJEDE2CMSCK","MachineName":"HPFAB","ThreadId":26}
Microsoft.EntityFrameworkCore.DbUpdateException: An error occurred while saving the entity changes. See the inner exception for details.
 ---> Npgsql.PostgresException (0x80004005): 23503: inserción o actualización en la tabla «DETALLE_VENTAS» viola la llave foránea «DETALLE_VENTAS_venCod_fkey»

DETAIL: Detail redacted as it may contain sensitive data. Specify 'Include Error Detail' in the connection string to include this information.
   at Npgsql.Internal.NpgsqlConnector.ReadMessageLong(Boolean async, DataRowLoadingMode dataRowLoadingMode, Boolean readingNotifications, Boolean isReadingPrependedMessage)
   at System.Runtime.CompilerServices.PoolingAsyncValueTaskMethodBuilder`1.StateMachineBox`1.System.Threading.Tasks.Sources.IValueTaskSource<TResult>.GetResult(Int16 token)
   at Npgsql.NpgsqlDataReader.NextResult(Boolean async, Boolean isConsuming, CancellationToken cancellationToken)
   at Npgsql.NpgsqlDataReader.NextResult(Boolean async, Boolean isConsuming, CancellationToken cancellationToken)
   at Npgsql.NpgsqlCommand.ExecuteReader(Boolean async, CommandBehavior behavior, CancellationToken cancellationToken)
   at Npgsql.NpgsqlCommand.ExecuteReader(Boolean async, CommandBehavior behavior, CancellationToken cancellationToken)
   at Npgsql.NpgsqlCommand.ExecuteDbDataReaderAsync(CommandBehavior behavior, CancellationToken cancellationToken)
   at Microsoft.EntityFrameworkCore.Storage.RelationalCommand.ExecuteReaderAsync(RelationalCommandParameterObject parameterObject, CancellationToken cancellationToken)
   at Microsoft.EntityFrameworkCore.Storage.RelationalCommand.ExecuteReaderAsync(RelationalCommandParameterObject parameterObject, CancellationToken cancellationToken)
   at Microsoft.EntityFrameworkCore.Update.ReaderModificationCommandBatch.ExecuteAsync(IRelationalConnection connection, CancellationToken cancellationToken)
  Exception data:
    Severity: ERROR
    SqlState: 23503
    MessageText: inserción o actualización en la tabla «DETALLE_VENTAS» viola la llave foránea «DETALLE_VENTAS_venCod_fkey»
    Detail: Detail redacted as it may contain sensitive data. Specify 'Include Error Detail' in the connection string to include this information.
    SchemaName: public
    TableName: DETALLE_VENTAS
    ConstraintName: DETALLE_VENTAS_venCod_fkey
    File: ri_triggers.c
    Line: 2783
    Routine: ri_ReportViolation
   --- End of inner exception stack trace ---
   at Microsoft.EntityFrameworkCore.Update.ReaderModificationCommandBatch.ExecuteAsync(IRelationalConnection connection, CancellationToken cancellationToken)
   at Microsoft.EntityFrameworkCore.Update.Internal.BatchExecutor.ExecuteAsync(IEnumerable`1 commandBatches, IRelationalConnection connection, CancellationToken cancellationToken)
   at Microsoft.EntityFrameworkCore.Update.Internal.BatchExecutor.ExecuteAsync(IEnumerable`1 commandBatches, IRelationalConnection connection, CancellationToken cancellationToken)
   at Microsoft.EntityFrameworkCore.Update.Internal.BatchExecutor.ExecuteAsync(IEnumerable`1 commandBatches, IRelationalConnection connection, CancellationToken cancellationToken)
   at Microsoft.EntityFrameworkCore.Storage.RelationalDatabase.SaveChangesAsync(IList`1 entries, CancellationToken cancellationToken)
   at Microsoft.EntityFrameworkCore.ChangeTracking.Internal.StateManager.SaveChangesAsync(IList`1 entriesToSave, CancellationToken cancellationToken)
   at Microsoft.EntityFrameworkCore.ChangeTracking.Internal.StateManager.SaveChangesAsync(StateManager stateManager, Boolean acceptAllChangesOnSuccess, CancellationToken cancellationToken)
   at Npgsql.EntityFrameworkCore.PostgreSQL.Storage.Internal.NpgsqlExecutionStrategy.ExecuteAsync[TState,TResult](TState state, Func`4 operation, Func`4 verifySucceeded, CancellationToken cancellationToken)
   at Microsoft.EntityFrameworkCore.DbContext.SaveChangesAsync(Boolean acceptAllChangesOnSuccess, CancellationToken cancellationToken)
   at Microsoft.EntityFrameworkCore.DbContext.SaveChangesAsync(Boolean acceptAllChangesOnSuccess, CancellationToken cancellationToken)
   at comara.Data.ApplicationDbContext.SaveChangesAsync(CancellationToken cancellationToken) in C:\Users\jmalo\OneDrive - alumnos.frm.utn.edu.ar\Trabajo\SISTEMA COMARA\comara\Data\ApplicationDbContext.cs:line 452
   at comara.Controllers.VentasController.Create(VentaViewModel model, String itemsJson) in C:\Users\jmalo\OneDrive - alumnos.frm.utn.edu.ar\Trabajo\SISTEMA COMARA\comara\Controllers\VentasController.cs:line 390
2026-02-17 22:43:18.954 +01:00 [ERR] Failed executing DbCommand (8ms) [Parameters=[@p20='?' (DbType = Int32), @p0='?' (DbType = Binary), @p1='?', @p2='?', @p3='?', @p4='?' (DbType = Decimal), @p5='?', @p6='?' (DbType = Boolean), @p7='?' (DbType = Decimal), @p8='?' (DbType = Decimal), @p9='?' (DbType = Decimal), @p10='?' (DbType = Decimal), @p11='?' (DbType = Decimal), @p12='?' (DbType = Decimal), @p13='?' (DbType = Decimal), @p14='?' (DbType = Int32), @p15='?' (DbType = Int32), @p16='?' (DbType = Int32), @p17='?' (DbType = Int32), @p18='?' (DbType = Int32), @p19='?' (DbType = Int32), @p21='?' (DbType = Int32), @p22='?' (DbType = Decimal), @p23='?' (DbType = Decimal), @p24='?' (DbType = Decimal), @p25='?' (DbType = Int32), @p26='?' (DbType = Int32), @p27='?', @p28='?' (DbType = DateTime), @p29='?' (DbType = Int32), @p30='?' (DbType = Int32), @p31='?' (DbType = DateTime), @p32='?' (DbType = DateTime), @p33='?' (DbType = DateTime), @p34='?' (DbType = Int32), @p35='?' (DbType = Int32), @p36='?' (DbType = Int64), @p37='?', @p38='?' (DbType = Int32), @p39='?', @p40='?' (DbType = Int32), @p41='?' (DbType = Decimal)], CommandType='"Text"', CommandTimeout='30']
UPDATE "ARTICULOS" SET activo = @p0, "artAlt1" = @p1, "artAlt2" = @p2, "artCod" = @p3, "artCosto" = @p4, "artDesc" = @p5, "artExist" = @p6, "artL1" = @p7, "artL2" = @p8, "artL3" = @p9, "artL4" = @p10, "artL5" = @p11, "artStock" = @p12, "artStockMin" = @p13, "artUni" = @p14, "ivaCod" = @p15, "marCod" = @p16, "proCod" = @p17, "rubCod" = @p18, "srubCod" = @p19
WHERE id = @p20;
INSERT INTO "DETALLE_VENTAS" ("artCod", "detCant", "detPrecio", "detSubtotal", "venCod")
VALUES (@p21, @p22, @p23, @p24, @p25)
RETURNING "detCod";
INSERT INTO "VENTAS" ("cliCod", "venCAE", "venCAEVencimiento", "venEstado", "venEstadoPago", "venFech", "venFechVenta", "venFechaAutorizacion", "venLista", "venMetodoPago", "venNumComprobante", "venObservacionesAfip", "venPuntoVenta", "venResultadoAfip", "venTipoCbte", "venTotal")
VALUES (@p26, @p27, @p28, @p29, @p30, @p31, @p32, @p33, @p34, @p35, @p36, @p37, @p38, @p39, @p40, @p41)
RETURNING "venCod"; {"EventId":{"Id":20102,"Name":"Microsoft.EntityFrameworkCore.Database.Command.CommandError"},"SourceContext":"Microsoft.EntityFrameworkCore.Database.Command","ActionId":"406f837b-1d9f-49ee-9732-36a8333cd9ad","ActionName":"comara.Controllers.VentasController.Create (comara)","RequestId":"0HNJEDE2CMSCK:00000035","RequestPath":"/Ventas/Create","ConnectionId":"0HNJEDE2CMSCK","MachineName":"HPFAB","ThreadId":26}
2026-02-17 22:43:18.997 +01:00 [ERR] An exception occurred in the database while saving changes for context type 'comara.Data.ApplicationDbContext'.
Microsoft.EntityFrameworkCore.DbUpdateException: An error occurred while saving the entity changes. See the inner exception for details.
 ---> Npgsql.PostgresException (0x80004005): 23503: inserción o actualización en la tabla «DETALLE_VENTAS» viola la llave foránea «DETALLE_VENTAS_venCod_fkey»

DETAIL: Detail redacted as it may contain sensitive data. Specify 'Include Error Detail' in the connection string to include this information.
   at Npgsql.Internal.NpgsqlConnector.ReadMessageLong(Boolean async, DataRowLoadingMode dataRowLoadingMode, Boolean readingNotifications, Boolean isReadingPrependedMessage)
   at System.Runtime.CompilerServices.PoolingAsyncValueTaskMethodBuilder`1.StateMachineBox`1.System.Threading.Tasks.Sources.IValueTaskSource<TResult>.GetResult(Int16 token)
   at Npgsql.NpgsqlDataReader.NextResult(Boolean async, Boolean isConsuming, CancellationToken cancellationToken)
   at Npgsql.NpgsqlDataReader.NextResult(Boolean async, Boolean isConsuming, CancellationToken cancellationToken)
   at Npgsql.NpgsqlCommand.ExecuteReader(Boolean async, CommandBehavior behavior, CancellationToken cancellationToken)
   at Npgsql.NpgsqlCommand.ExecuteReader(Boolean async, CommandBehavior behavior, CancellationToken cancellationToken)
   at Npgsql.NpgsqlCommand.ExecuteDbDataReaderAsync(CommandBehavior behavior, CancellationToken cancellationToken)
   at Microsoft.EntityFrameworkCore.Storage.RelationalCommand.ExecuteReaderAsync(RelationalCommandParameterObject parameterObject, CancellationToken cancellationToken)
   at Microsoft.EntityFrameworkCore.Storage.RelationalCommand.ExecuteReaderAsync(RelationalCommandParameterObject parameterObject, CancellationToken cancellationToken)
   at Microsoft.EntityFrameworkCore.Update.ReaderModificationCommandBatch.ExecuteAsync(IRelationalConnection connection, CancellationToken cancellationToken)
  Exception data:
    Severity: ERROR
    SqlState: 23503
    MessageText: inserción o actualización en la tabla «DETALLE_VENTAS» viola la llave foránea «DETALLE_VENTAS_venCod_fkey»
    Detail: Detail redacted as it may contain sensitive data. Specify 'Include Error Detail' in the connection string to include this information.
    SchemaName: public
    TableName: DETALLE_VENTAS
    ConstraintName: DETALLE_VENTAS_venCod_fkey
    File: ri_triggers.c
    Line: 2783
    Routine: ri_ReportViolation
   --- End of inner exception stack trace ---
   at Microsoft.EntityFrameworkCore.Update.ReaderModificationCommandBatch.ExecuteAsync(IRelationalConnection connection, CancellationToken cancellationToken)
   at Microsoft.EntityFrameworkCore.Update.Internal.BatchExecutor.ExecuteAsync(IEnumerable`1 commandBatches, IRelationalConnection connection, CancellationToken cancellationToken)
   at Microsoft.EntityFrameworkCore.Update.Internal.BatchExecutor.ExecuteAsync(IEnumerable`1 commandBatches, IRelationalConnection connection, CancellationToken cancellationToken)
   at Microsoft.EntityFrameworkCore.Update.Internal.BatchExecutor.ExecuteAsync(IEnumerable`1 commandBatches, IRelationalConnection connection, CancellationToken cancellationToken)
   at Microsoft.EntityFrameworkCore.Storage.RelationalDatabase.SaveChangesAsync(IList`1 entries, CancellationToken cancellationToken)
   at Microsoft.EntityFrameworkCore.ChangeTracking.Internal.StateManager.SaveChangesAsync(IList`1 entriesToSave, CancellationToken cancellationToken)
   at Microsoft.EntityFrameworkCore.ChangeTracking.Internal.StateManager.SaveChangesAsync(StateManager stateManager, Boolean acceptAllChangesOnSuccess, CancellationToken cancellationToken)
   at Npgsql.EntityFrameworkCore.PostgreSQL.Storage.Internal.NpgsqlExecutionStrategy.ExecuteAsync[TState,TResult](TState state, Func`4 operation, Func`4 verifySucceeded, CancellationToken cancellationToken)
   at Microsoft.EntityFrameworkCore.DbContext.SaveChangesAsync(Boolean acceptAllChangesOnSuccess, CancellationToken cancellationToken) {"EventId":{"Id":10000,"Name":"Microsoft.EntityFrameworkCore.Update.SaveChangesFailed"},"SourceContext":"Microsoft.EntityFrameworkCore.Update","ActionId":"406f837b-1d9f-49ee-9732-36a8333cd9ad","ActionName":"comara.Controllers.VentasController.Create (comara)","RequestId":"0HNJEDE2CMSCK:00000035","RequestPath":"/Ventas/Create","ConnectionId":"0HNJEDE2CMSCK","MachineName":"HPFAB","ThreadId":26}
Microsoft.EntityFrameworkCore.DbUpdateException: An error occurred while saving the entity changes. See the inner exception for details.
 ---> Npgsql.PostgresException (0x80004005): 23503: inserción o actualización en la tabla «DETALLE_VENTAS» viola la llave foránea «DETALLE_VENTAS_venCod_fkey»

DETAIL: Detail redacted as it may contain sensitive data. Specify 'Include Error Detail' in the connection string to include this information.
   at Npgsql.Internal.NpgsqlConnector.ReadMessageLong(Boolean async, DataRowLoadingMode dataRowLoadingMode, Boolean readingNotifications, Boolean isReadingPrependedMessage)
   at System.Runtime.CompilerServices.PoolingAsyncValueTaskMethodBuilder`1.StateMachineBox`1.System.Threading.Tasks.Sources.IValueTaskSource<TResult>.GetResult(Int16 token)
   at Npgsql.NpgsqlDataReader.NextResult(Boolean async, Boolean isConsuming, CancellationToken cancellationToken)
   at Npgsql.NpgsqlDataReader.NextResult(Boolean async, Boolean isConsuming, CancellationToken cancellationToken)
   at Npgsql.NpgsqlCommand.ExecuteReader(Boolean async, CommandBehavior behavior, CancellationToken cancellationToken)
   at Npgsql.NpgsqlCommand.ExecuteReader(Boolean async, CommandBehavior behavior, CancellationToken cancellationToken)
   at Npgsql.NpgsqlCommand.ExecuteDbDataReaderAsync(CommandBehavior behavior, CancellationToken cancellationToken)
   at Microsoft.EntityFrameworkCore.Storage.RelationalCommand.ExecuteReaderAsync(RelationalCommandParameterObject parameterObject, CancellationToken cancellationToken)
   at Microsoft.EntityFrameworkCore.Storage.RelationalCommand.ExecuteReaderAsync(RelationalCommandParameterObject parameterObject, CancellationToken cancellationToken)
   at Microsoft.EntityFrameworkCore.Update.ReaderModificationCommandBatch.ExecuteAsync(IRelationalConnection connection, CancellationToken cancellationToken)
  Exception data:
    Severity: ERROR
    SqlState: 23503
    MessageText: inserción o actualización en la tabla «DETALLE_VENTAS» viola la llave foránea «DETALLE_VENTAS_venCod_fkey»
    Detail: Detail redacted as it may contain sensitive data. Specify 'Include Error Detail' in the connection string to include this information.
    SchemaName: public
    TableName: DETALLE_VENTAS
    ConstraintName: DETALLE_VENTAS_venCod_fkey
    File: ri_triggers.c
    Line: 2783
    Routine: ri_ReportViolation
   --- End of inner exception stack trace ---
   at Microsoft.EntityFrameworkCore.Update.ReaderModificationCommandBatch.ExecuteAsync(IRelationalConnection connection, CancellationToken cancellationToken)
   at Microsoft.EntityFrameworkCore.Update.Internal.BatchExecutor.ExecuteAsync(IEnumerable`1 commandBatches, IRelationalConnection connection, CancellationToken cancellationToken)
   at Microsoft.EntityFrameworkCore.Update.Internal.BatchExecutor.ExecuteAsync(IEnumerable`1 commandBatches, IRelationalConnection connection, CancellationToken cancellationToken)
   at Microsoft.EntityFrameworkCore.Update.Internal.BatchExecutor.ExecuteAsync(IEnumerable`1 commandBatches, IRelationalConnection connection, CancellationToken cancellationToken)
   at Microsoft.EntityFrameworkCore.Storage.RelationalDatabase.SaveChangesAsync(IList`1 entries, CancellationToken cancellationToken)
   at Microsoft.EntityFrameworkCore.ChangeTracking.Internal.StateManager.SaveChangesAsync(IList`1 entriesToSave, CancellationToken cancellationToken)
   at Microsoft.EntityFrameworkCore.ChangeTracking.Internal.StateManager.SaveChangesAsync(StateManager stateManager, Boolean acceptAllChangesOnSuccess, CancellationToken cancellationToken)
   at Npgsql.EntityFrameworkCore.PostgreSQL.Storage.Internal.NpgsqlExecutionStrategy.ExecuteAsync[TState,TResult](TState state, Func`4 operation, Func`4 verifySucceeded, CancellationToken cancellationToken)
   at Microsoft.EntityFrameworkCore.DbContext.SaveChangesAsync(Boolean acceptAllChangesOnSuccess, CancellationToken cancellationToken)
2026-02-17 22:43:19.284 +01:00 [ERR] Error al crear venta para cliente 14 {"SourceContext":"comara.Controllers.VentasController","ActionId":"406f837b-1d9f-49ee-9732-36a8333cd9ad","ActionName":"comara.Controllers.VentasController.Create (comara)","RequestId":"0HNJEDE2CMSCK:00000035","RequestPath":"/Ventas/Create","ConnectionId":"0HNJEDE2CMSCK","MachineName":"HPFAB","ThreadId":26}
Microsoft.EntityFrameworkCore.DbUpdateException: An error occurred while saving the entity changes. See the inner exception for details.
 ---> Npgsql.PostgresException (0x80004005): 23503: inserción o actualización en la tabla «DETALLE_VENTAS» viola la llave foránea «DETALLE_VENTAS_venCod_fkey»

DETAIL: Detail redacted as it may contain sensitive data. Specify 'Include Error Detail' in the connection string to include this information.
   at Npgsql.Internal.NpgsqlConnector.ReadMessageLong(Boolean async, DataRowLoadingMode dataRowLoadingMode, Boolean readingNotifications, Boolean isReadingPrependedMessage)
   at System.Runtime.CompilerServices.PoolingAsyncValueTaskMethodBuilder`1.StateMachineBox`1.System.Threading.Tasks.Sources.IValueTaskSource<TResult>.GetResult(Int16 token)
   at Npgsql.NpgsqlDataReader.NextResult(Boolean async, Boolean isConsuming, CancellationToken cancellationToken)
   at Npgsql.NpgsqlDataReader.NextResult(Boolean async, Boolean isConsuming, CancellationToken cancellationToken)
   at Npgsql.NpgsqlCommand.ExecuteReader(Boolean async, CommandBehavior behavior, CancellationToken cancellationToken)
   at Npgsql.NpgsqlCommand.ExecuteReader(Boolean async, CommandBehavior behavior, CancellationToken cancellationToken)
   at Npgsql.NpgsqlCommand.ExecuteDbDataReaderAsync(CommandBehavior behavior, CancellationToken cancellationToken)
   at Microsoft.EntityFrameworkCore.Storage.RelationalCommand.ExecuteReaderAsync(RelationalCommandParameterObject parameterObject, CancellationToken cancellationToken)
   at Microsoft.EntityFrameworkCore.Storage.RelationalCommand.ExecuteReaderAsync(RelationalCommandParameterObject parameterObject, CancellationToken cancellationToken)
   at Microsoft.EntityFrameworkCore.Update.ReaderModificationCommandBatch.ExecuteAsync(IRelationalConnection connection, CancellationToken cancellationToken)
  Exception data:
    Severity: ERROR
    SqlState: 23503
    MessageText: inserción o actualización en la tabla «DETALLE_VENTAS» viola la llave foránea «DETALLE_VENTAS_venCod_fkey»
    Detail: Detail redacted as it may contain sensitive data. Specify 'Include Error Detail' in the connection string to include this information.
    SchemaName: public
    TableName: DETALLE_VENTAS
    ConstraintName: DETALLE_VENTAS_venCod_fkey
    File: ri_triggers.c
    Line: 2783
    Routine: ri_ReportViolation
   --- End of inner exception stack trace ---
   at Microsoft.EntityFrameworkCore.Update.ReaderModificationCommandBatch.ExecuteAsync(IRelationalConnection connection, CancellationToken cancellationToken)
   at Microsoft.EntityFrameworkCore.Update.Internal.BatchExecutor.ExecuteAsync(IEnumerable`1 commandBatches, IRelationalConnection connection, CancellationToken cancellationToken)
   at Microsoft.EntityFrameworkCore.Update.Internal.BatchExecutor.ExecuteAsync(IEnumerable`1 commandBatches, IRelationalConnection connection, CancellationToken cancellationToken)
   at Microsoft.EntityFrameworkCore.Update.Internal.BatchExecutor.ExecuteAsync(IEnumerable`1 commandBatches, IRelationalConnection connection, CancellationToken cancellationToken)
   at Microsoft.EntityFrameworkCore.Storage.RelationalDatabase.SaveChangesAsync(IList`1 entries, CancellationToken cancellationToken)
   at Microsoft.EntityFrameworkCore.ChangeTracking.Internal.StateManager.SaveChangesAsync(IList`1 entriesToSave, CancellationToken cancellationToken)
   at Microsoft.EntityFrameworkCore.ChangeTracking.Internal.StateManager.SaveChangesAsync(StateManager stateManager, Boolean acceptAllChangesOnSuccess, CancellationToken cancellationToken)
   at Npgsql.EntityFrameworkCore.PostgreSQL.Storage.Internal.NpgsqlExecutionStrategy.ExecuteAsync[TState,TResult](TState state, Func`4 operation, Func`4 verifySucceeded, CancellationToken cancellationToken)
   at Microsoft.EntityFrameworkCore.DbContext.SaveChangesAsync(Boolean acceptAllChangesOnSuccess, CancellationToken cancellationToken)
   at Microsoft.EntityFrameworkCore.DbContext.SaveChangesAsync(Boolean acceptAllChangesOnSuccess, CancellationToken cancellationToken)
   at comara.Data.ApplicationDbContext.SaveChangesAsync(CancellationToken cancellationToken) in C:\Users\jmalo\OneDrive - alumnos.frm.utn.edu.ar\Trabajo\SISTEMA COMARA\comara\Data\ApplicationDbContext.cs:line 452
   at comara.Controllers.VentasController.Create(VentaViewModel model, String itemsJson) in C:\Users\jmalo\OneDrive - alumnos.frm.utn.edu.ar\Trabajo\SISTEMA COMARA\comara\Controllers\VentasController.cs:line 390
2026-02-17 23:08:37.567 +01:00 [WRN] The query uses a row limiting operator ('Skip'/'Take') without an 'OrderBy' operator. This may lead to unpredictable results. If the 'Distinct' operator is used after 'OrderBy', then make sure to use the 'OrderBy' operator after 'Distinct' as the ordering would otherwise get erased. {"EventId":{"Id":10102,"Name":"Microsoft.EntityFrameworkCore.Query.RowLimitingOperationWithoutOrderByWarning"},"SourceContext":"Microsoft.EntityFrameworkCore.Query","ActionId":"f806d02b-d2d1-4bd0-99ba-4fb1ea045cd1","ActionName":"comara.Controllers.VentasController.BuscarArticulos (comara)","RequestId":"0HNJEDTAHQI2H:0000000F","RequestPath":"/Ventas/BuscarArticulos","ConnectionId":"0HNJEDTAHQI2H","MachineName":"HPFAB","ThreadId":14}
2026-02-17 23:08:44.348 +01:00 [WRN] The query uses the 'First'/'FirstOrDefault' operator without 'OrderBy' and filter operators. This may lead to unpredictable results. {"EventId":{"Id":10103,"Name":"Microsoft.EntityFrameworkCore.Query.FirstWithoutOrderByAndFilterWarning"},"SourceContext":"Microsoft.EntityFrameworkCore.Query","ActionId":"2fd4ba4a-8073-4da3-bccd-a318707f7416","ActionName":"comara.Controllers.VentasController.Create (comara)","RequestId":"0HNJEDTAHQI2H:00000013","RequestPath":"/Ventas/Create","ConnectionId":"0HNJEDTAHQI2H","MachineName":"HPFAB","ThreadId":27}
